2023-04-21 19:00:12 [ERROR] Parameter "key" is NULL!
2023-04-21 19:00:12 [ERROR] In function "allocateAssociativeDynamicTextByKey".
2023-04-21 19:00:12 [ERROR] Starting point was file "AssociativeDynamicTextTests.c" on line 440!
2023-04-21 19:00:12 [ERROR] Parameter "key" is empty!
2023-04-21 19:00:12 [ERROR] In function "allocateAssociativeDynamicTextByKey".
2023-04-21 19:00:12 [ERROR] Starting point was file "AssociativeDynamicTextTests.c" on line 463!
2023-04-21 19:00:12 [ERROR] NULL pointer as return value from function malloc()!
2023-04-21 19:00:12 [ERROR] In function "allocateAssociativeDynamicTextByKey".
2023-04-21 19:00:12 [ERROR] Starting point was file "AssociativeDynamicTextTests.c" on line 489!
2023-04-21 19:00:12 [ERROR] Parameter "element" is NULL!
2023-04-21 19:00:12 [ERROR] In function "setValueInAssociativeDynamicText".
2023-04-21 19:00:12 [ERROR] Starting point was file "AssociativeDynamicTextTests.c" on line 522!
2023-04-21 19:00:12 [ERROR] Pointer "element" is NULL!
2023-04-21 19:00:12 [ERROR] In function "setValueInAssociativeDynamicText".
2023-04-21 19:00:12 [ERROR] Starting point was file "AssociativeDynamicTextTests.c" on line 558!
2023-04-21 19:00:12 [ERROR] Parameter "element" is NULL!
2023-04-21 19:00:12 [ERROR] In function "freeAssociativeDynamicText".
2023-04-21 19:00:12 [ERROR] Starting point was file "AssociativeDynamicTextTests.c" on line 588!
2023-04-21 19:00:12 [ERROR] Double free on Parameter "element"!
2023-04-21 19:00:12 [ERROR] In function "freeAssociativeDynamicText".
2023-04-21 19:00:12 [ERROR] Starting point was file "AssociativeDynamicTextTests.c" on line 620!
2023-04-21 19:00:14 [ERROR] Parameter "key" is NULL!
2023-04-21 19:00:14 [ERROR] In function "allocateAssociativeDynamicTextByKey".
2023-04-21 19:00:14 [ERROR] Starting point was file "AssociativeDynamicTextTests.c" on line 30!
2023-04-21 19:00:15 [ERROR] Parameter "key" is NULL!
2023-04-21 19:00:15 [ERROR] In function "allocateAssociativeDynamicTextByKey".
2023-04-21 19:00:15 [ERROR] Starting point was file "AssociativeDynamicTextTests.c" on line 440!
2023-04-21 19:00:16 [ERROR] Parameter "key" is NULL!
2023-04-21 19:00:16 [ERROR] In function "allocateAssociativeDynamicTextByKey".
2023-04-21 19:00:16 [ERROR] Starting point was file "AssociativeDynamicTextTests.c" on line 440!
2023-04-21 19:00:16 [ERROR] Parameter "key" is empty!
2023-04-21 19:00:16 [ERROR] In function "allocateAssociativeDynamicTextByKey".
2023-04-21 19:00:16 [ERROR] Starting point was file "AssociativeDynamicTextTests.c" on line 30!
2023-04-21 19:00:17 [ERROR] Parameter "key" is empty!
2023-04-21 19:00:17 [ERROR] In function "allocateAssociativeDynamicTextByKey".
2023-04-21 19:00:17 [ERROR] Starting point was file "AssociativeDynamicTextTests.c" on line 30!
2023-04-21 19:00:18 [ERROR] Parameter "key" is NULL!
2023-04-21 19:00:18 [ERROR] In function "allocateAssociativeDynamicTextByKey".
2023-04-21 19:00:18 [ERROR] Starting point was file "AssociativeDynamicTextTests.c" on line 440!
2023-04-21 19:00:18 [ERROR] Parameter "key" is empty!
2023-04-21 19:00:18 [ERROR] In function "allocateAssociativeDynamicTextByKey".
2023-04-21 19:00:18 [ERROR] Starting point was file "AssociativeDynamicTextTests.c" on line 463!
2023-04-21 19:00:19 [ERROR] Parameter "key" is NULL!
2023-04-21 19:00:19 [ERROR] In function "allocateAssociativeDynamicTextByKey".
2023-04-21 19:00:19 [ERROR] Starting point was file "AssociativeDynamicTextTests.c" on line 440!
2023-04-21 19:00:19 [ERROR] Parameter "key" is empty!
2023-04-21 19:00:19 [ERROR] In function "allocateAssociativeDynamicTextByKey".
2023-04-21 19:00:19 [ERROR] Starting point was file "AssociativeDynamicTextTests.c" on line 463!
2023-04-21 19:00:20 [ERROR] NULL pointer as return value from function malloc()!
2023-04-21 19:00:20 [ERROR] In function "allocateAssociativeDynamicTextByKey".
2023-04-21 19:00:20 [ERROR] Starting point was file "AssociativeDynamicTextTests.c" on line 30!
2023-04-21 19:00:21 [ERROR] Parameter "key" is NULL!
2023-04-21 19:00:21 [ERROR] In function "allocateAssociativeDynamicTextByKey".
2023-04-21 19:00:21 [ERROR] Starting point was file "AssociativeDynamicTextTests.c" on line 440!
2023-04-21 19:00:21 [ERROR] Parameter "key" is empty!
2023-04-21 19:00:21 [ERROR] In function "allocateAssociativeDynamicTextByKey".
2023-04-21 19:00:21 [ERROR] Starting point was file "AssociativeDynamicTextTests.c" on line 463!
2023-04-21 19:00:21 [ERROR] NULL pointer as return value from function malloc()!
2023-04-21 19:00:21 [ERROR] In function "allocateAssociativeDynamicTextByKey".
2023-04-21 19:00:21 [ERROR] Starting point was file "AssociativeDynamicTextTests.c" on line 489!
2023-04-21 19:00:21 [ERROR] Parameter "key" is NULL!
2023-04-21 19:00:21 [ERROR] In function "allocateAssociativeDynamicTextByKey".
2023-04-21 19:00:21 [ERROR] Starting point was file "AssociativeDynamicTextTests.c" on line 440!
2023-04-21 19:00:21 [ERROR] Parameter "key" is empty!
2023-04-21 19:00:21 [ERROR] In function "allocateAssociativeDynamicTextByKey".
2023-04-21 19:00:21 [ERROR] Starting point was file "AssociativeDynamicTextTests.c" on line 463!
2023-04-21 19:00:21 [ERROR] NULL pointer as return value from function malloc()!
2023-04-21 19:00:21 [ERROR] In function "allocateAssociativeDynamicTextByKey".
2023-04-21 19:00:21 [ERROR] Starting point was file "AssociativeDynamicTextTests.c" on line 489!
2023-04-21 19:00:22 [ERROR] Parameter "key" is NULL!
2023-04-21 19:00:22 [ERROR] In function "allocateAssociativeDynamicTextByKey".
2023-04-21 19:00:22 [ERROR] Starting point was file "AssociativeDynamicTextTests.c" on line 440!
2023-04-21 19:00:22 [ERROR] Parameter "key" is empty!
2023-04-21 19:00:22 [ERROR] In function "allocateAssociativeDynamicTextByKey".
2023-04-21 19:00:22 [ERROR] Starting point was file "AssociativeDynamicTextTests.c" on line 463!
2023-04-21 19:00:22 [ERROR] NULL pointer as return value from function malloc()!
2023-04-21 19:00:22 [ERROR] In function "allocateAssociativeDynamicTextByKey".
2023-04-21 19:00:22 [ERROR] Starting point was file "AssociativeDynamicTextTests.c" on line 489!
2023-04-21 19:00:25 [ERROR] Parameter "key" is NULL!
2023-04-21 19:00:25 [ERROR] In function "allocateAssociativeDynamicTextByKey".
2023-04-21 19:00:25 [ERROR] Starting point was file "AssociativeDynamicTextTests.c" on line 440!
2023-04-21 19:00:25 [ERROR] Parameter "key" is empty!
2023-04-21 19:00:25 [ERROR] In function "allocateAssociativeDynamicTextByKey".
2023-04-21 19:00:25 [ERROR] Starting point was file "AssociativeDynamicTextTests.c" on line 463!
2023-04-21 19:00:25 [ERROR] NULL pointer as return value from function malloc()!
2023-04-21 19:00:25 [ERROR] In function "allocateAssociativeDynamicTextByKey".
2023-04-21 19:00:25 [ERROR] Starting point was file "AssociativeDynamicTextTests.c" on line 489!
2023-04-21 19:00:26 [ERROR] Parameter "element" is NULL!
2023-04-21 19:00:26 [ERROR] In function "freeAssociativeDynamicText".
2023-04-21 19:00:26 [ERROR] Starting point was file "AssociativeDynamicTextTests.c" on line 50!
2023-04-21 19:00:27 [ERROR] Parameter "key" is NULL!
2023-04-21 19:00:27 [ERROR] In function "allocateAssociativeDynamicTextByKey".
2023-04-21 19:00:27 [ERROR] Starting point was file "AssociativeDynamicTextTests.c" on line 440!
2023-04-21 19:00:27 [ERROR] Parameter "key" is empty!
2023-04-21 19:00:27 [ERROR] In function "allocateAssociativeDynamicTextByKey".
2023-04-21 19:00:27 [ERROR] Starting point was file "AssociativeDynamicTextTests.c" on line 463!
2023-04-21 19:00:27 [ERROR] NULL pointer as return value from function malloc()!
2023-04-21 19:00:27 [ERROR] In function "allocateAssociativeDynamicTextByKey".
2023-04-21 19:00:27 [ERROR] Starting point was file "AssociativeDynamicTextTests.c" on line 489!
2023-04-21 19:00:27 [ERROR] Parameter "element" is NULL!
2023-04-21 19:00:27 [ERROR] In function "setValueInAssociativeDynamicText".
2023-04-21 19:00:27 [ERROR] Starting point was file "AssociativeDynamicTextTests.c" on line 522!
2023-04-21 19:00:27 [ERROR] Pointer "element" is NULL!
2023-04-21 19:00:27 [ERROR] In function "setValueInAssociativeDynamicText".
2023-04-21 19:00:27 [ERROR] Starting point was file "AssociativeDynamicTextTests.c" on line 558!
2023-04-21 19:00:27 [ERROR] Parameter "element" is NULL!
2023-04-21 19:00:27 [ERROR] In function "freeAssociativeDynamicText".
2023-04-21 19:00:27 [ERROR] Starting point was file "AssociativeDynamicTextTests.c" on line 588!
2023-04-21 19:00:28 [ERROR] Parameter "key" is NULL!
2023-04-21 19:00:28 [ERROR] In function "allocateAssociativeDynamicTextByKey".
2023-04-21 19:00:28 [ERROR] Starting point was file "AssociativeDynamicTextTests.c" on line 440!
2023-04-21 19:00:28 [ERROR] Parameter "key" is empty!
2023-04-21 19:00:28 [ERROR] In function "allocateAssociativeDynamicTextByKey".
2023-04-21 19:00:28 [ERROR] Starting point was file "AssociativeDynamicTextTests.c" on line 463!
2023-04-21 19:00:28 [ERROR] NULL pointer as return value from function malloc()!
2023-04-21 19:00:28 [ERROR] In function "allocateAssociativeDynamicTextByKey".
2023-04-21 19:00:28 [ERROR] Starting point was file "AssociativeDynamicTextTests.c" on line 489!
2023-04-21 19:00:28 [ERROR] Parameter "element" is NULL!
2023-04-21 19:00:28 [ERROR] In function "setValueInAssociativeDynamicText".
2023-04-21 19:00:28 [ERROR] Starting point was file "AssociativeDynamicTextTests.c" on line 522!
2023-04-21 19:00:28 [ERROR] Pointer "element" is NULL!
2023-04-21 19:00:28 [ERROR] In function "setValueInAssociativeDynamicText".
2023-04-21 19:00:28 [ERROR] Starting point was file "AssociativeDynamicTextTests.c" on line 558!
2023-04-21 19:00:28 [ERROR] Parameter "element" is NULL!
2023-04-21 19:00:28 [ERROR] In function "freeAssociativeDynamicText".
2023-04-21 19:00:28 [ERROR] Starting point was file "AssociativeDynamicTextTests.c" on line 588!
2023-04-21 19:00:28 [ERROR] Double free on Parameter "element"!
2023-04-21 19:00:28 [ERROR] In function "freeAssociativeDynamicText".
2023-04-21 19:00:28 [ERROR] Starting point was file "AssociativeDynamicTextTests.c" on line 50!
2023-04-21 19:00:29 [ERROR] Parameter "key" is NULL!
2023-04-21 19:00:29 [ERROR] In function "allocateAssociativeDynamicTextByKey".
2023-04-21 19:00:29 [ERROR] Starting point was file "AssociativeDynamicTextTests.c" on line 440!
2023-04-21 19:00:29 [ERROR] Parameter "key" is empty!
2023-04-21 19:00:29 [ERROR] In function "allocateAssociativeDynamicTextByKey".
2023-04-21 19:00:29 [ERROR] Starting point was file "AssociativeDynamicTextTests.c" on line 463!
2023-04-21 19:00:29 [ERROR] NULL pointer as return value from function malloc()!
2023-04-21 19:00:29 [ERROR] In function "allocateAssociativeDynamicTextByKey".
2023-04-21 19:00:29 [ERROR] Starting point was file "AssociativeDynamicTextTests.c" on line 489!
2023-04-21 19:00:29 [ERROR] Parameter "element" is NULL!
2023-04-21 19:00:29 [ERROR] In function "setValueInAssociativeDynamicText".
2023-04-21 19:00:29 [ERROR] Starting point was file "AssociativeDynamicTextTests.c" on line 522!
2023-04-21 19:00:29 [ERROR] Pointer "element" is NULL!
2023-04-21 19:00:29 [ERROR] In function "setValueInAssociativeDynamicText".
2023-04-21 19:00:29 [ERROR] Starting point was file "AssociativeDynamicTextTests.c" on line 558!
2023-04-21 19:00:29 [ERROR] Parameter "element" is NULL!
2023-04-21 19:00:29 [ERROR] In function "freeAssociativeDynamicText".
2023-04-21 19:00:29 [ERROR] Starting point was file "AssociativeDynamicTextTests.c" on line 588!
2023-04-21 19:00:29 [ERROR] Double free on Parameter "element"!
2023-04-21 19:00:29 [ERROR] In function "freeAssociativeDynamicText".
2023-04-21 19:00:29 [ERROR] Starting point was file "AssociativeDynamicTextTests.c" on line 620!
2023-04-21 19:00:30 [ERROR] Parameter "key" is NULL!
2023-04-21 19:00:30 [ERROR] In function "allocateAssociativeDynamicTextByKey".
2023-04-21 19:00:30 [ERROR] Starting point was file "AssociativeDynamicTextTests.c" on line 440!
2023-04-21 19:00:30 [ERROR] Parameter "key" is empty!
2023-04-21 19:00:30 [ERROR] In function "allocateAssociativeDynamicTextByKey".
2023-04-21 19:00:30 [ERROR] Starting point was file "AssociativeDynamicTextTests.c" on line 463!
2023-04-21 19:00:30 [ERROR] NULL pointer as return value from function malloc()!
2023-04-21 19:00:30 [ERROR] In function "allocateAssociativeDynamicTextByKey".
2023-04-21 19:00:30 [ERROR] Starting point was file "AssociativeDynamicTextTests.c" on line 489!
2023-04-21 19:00:30 [ERROR] Parameter "element" is NULL!
2023-04-21 19:00:30 [ERROR] In function "setValueInAssociativeDynamicText".
2023-04-21 19:00:30 [ERROR] Starting point was file "AssociativeDynamicTextTests.c" on line 522!
2023-04-21 19:00:30 [ERROR] Pointer "element" is NULL!
2023-04-21 19:00:30 [ERROR] In function "setValueInAssociativeDynamicText".
2023-04-21 19:00:30 [ERROR] Starting point was file "AssociativeDynamicTextTests.c" on line 558!
2023-04-21 19:00:30 [ERROR] Parameter "element" is NULL!
2023-04-21 19:00:30 [ERROR] In function "freeAssociativeDynamicText".
2023-04-21 19:00:30 [ERROR] Starting point was file "AssociativeDynamicTextTests.c" on line 588!
2023-04-21 19:00:30 [ERROR] Double free on Parameter "element"!
2023-04-21 19:00:30 [ERROR] In function "freeAssociativeDynamicText".
2023-04-21 19:00:30 [ERROR] Starting point was file "AssociativeDynamicTextTests.c" on line 620!
2023-04-21 19:00:30 [ERROR] Parameter "key" is NULL!
2023-04-21 19:00:30 [ERROR] In function "allocateAssociativeDynamicTextByKey".
2023-04-21 19:00:30 [ERROR] Starting point was file "AssociativeDynamicTextTests.c" on line 440!
2023-04-21 19:00:30 [ERROR] Parameter "key" is empty!
2023-04-21 19:00:30 [ERROR] In function "allocateAssociativeDynamicTextByKey".
2023-04-21 19:00:30 [ERROR] Starting point was file "AssociativeDynamicTextTests.c" on line 463!
2023-04-21 19:00:30 [ERROR] NULL pointer as return value from function malloc()!
2023-04-21 19:00:30 [ERROR] In function "allocateAssociativeDynamicTextByKey".
2023-04-21 19:00:30 [ERROR] Starting point was file "AssociativeDynamicTextTests.c" on line 489!
2023-04-21 19:00:30 [ERROR] Parameter "element" is NULL!
2023-04-21 19:00:30 [ERROR] In function "setValueInAssociativeDynamicText".
2023-04-21 19:00:30 [ERROR] Starting point was file "AssociativeDynamicTextTests.c" on line 522!
2023-04-21 19:00:30 [ERROR] Pointer "element" is NULL!
2023-04-21 19:00:30 [ERROR] In function "setValueInAssociativeDynamicText".
2023-04-21 19:00:30 [ERROR] Starting point was file "AssociativeDynamicTextTests.c" on line 558!
2023-04-21 19:00:30 [ERROR] Parameter "element" is NULL!
2023-04-21 19:00:30 [ERROR] In function "freeAssociativeDynamicText".
2023-04-21 19:00:30 [ERROR] Starting point was file "AssociativeDynamicTextTests.c" on line 588!
2023-04-21 19:00:30 [ERROR] Double free on Parameter "element"!
2023-04-21 19:00:30 [ERROR] In function "freeAssociativeDynamicText".
2023-04-21 19:00:30 [ERROR] Starting point was file "AssociativeDynamicTextTests.c" on line 620!
2023-04-21 19:00:33 [ERROR] Parameter "key" is NULL!
2023-04-21 19:00:33 [ERROR] In function "allocateAssociativeDynamicTextByKey".
2023-04-21 19:00:33 [ERROR] Starting point was file "AssociativeDynamicTextTests.c" on line 440!
2023-04-21 19:00:33 [ERROR] Parameter "key" is empty!
2023-04-21 19:00:33 [ERROR] In function "allocateAssociativeDynamicTextByKey".
2023-04-21 19:00:33 [ERROR] Starting point was file "AssociativeDynamicTextTests.c" on line 463!
2023-04-21 19:00:33 [ERROR] NULL pointer as return value from function malloc()!
2023-04-21 19:00:33 [ERROR] In function "allocateAssociativeDynamicTextByKey".
2023-04-21 19:00:33 [ERROR] Starting point was file "AssociativeDynamicTextTests.c" on line 489!
2023-04-21 19:00:33 [ERROR] Parameter "element" is NULL!
2023-04-21 19:00:33 [ERROR] In function "setValueInAssociativeDynamicText".
2023-04-21 19:00:33 [ERROR] Starting point was file "AssociativeDynamicTextTests.c" on line 522!
2023-04-21 19:00:34 [ERROR] Parameter "element" is NULL!
2023-04-21 19:00:34 [ERROR] In function "setValueInAssociativeDynamicText".
2023-04-21 19:00:34 [ERROR] Starting point was file "AssociativeDynamicTextTests.c" on line 262!
2023-04-21 19:00:34 [ERROR] Parameter "element" is NULL!
2023-04-21 19:00:34 [ERROR] In function "setValueInAssociativeDynamicText".
2023-04-21 19:00:34 [ERROR] Starting point was file "AssociativeDynamicTextTests.c" on line 309!
2023-04-21 19:00:35 [ERROR] Parameter "key" is NULL!
2023-04-21 19:00:35 [ERROR] In function "allocateAssociativeDynamicTextByKey".
2023-04-21 19:00:35 [ERROR] Starting point was file "AssociativeDynamicTextTests.c" on line 440!
2023-04-21 19:00:35 [ERROR] Parameter "key" is empty!
2023-04-21 19:00:35 [ERROR] In function "allocateAssociativeDynamicTextByKey".
2023-04-21 19:00:35 [ERROR] Starting point was file "AssociativeDynamicTextTests.c" on line 463!
2023-04-21 19:00:35 [ERROR] NULL pointer as return value from function malloc()!
2023-04-21 19:00:35 [ERROR] In function "allocateAssociativeDynamicTextByKey".
2023-04-21 19:00:35 [ERROR] Starting point was file "AssociativeDynamicTextTests.c" on line 489!
2023-04-21 19:00:35 [ERROR] Parameter "element" is NULL!
2023-04-21 19:00:35 [ERROR] In function "setValueInAssociativeDynamicText".
2023-04-21 19:00:35 [ERROR] Starting point was file "AssociativeDynamicTextTests.c" on line 522!
2023-04-21 19:00:36 [ERROR] Parameter "key" is NULL!
2023-04-21 19:00:36 [ERROR] In function "allocateAssociativeDynamicTextByKey".
2023-04-21 19:00:36 [ERROR] Starting point was file "AssociativeDynamicTextTests.c" on line 440!
2023-04-21 19:00:36 [ERROR] Parameter "key" is empty!
2023-04-21 19:00:36 [ERROR] In function "allocateAssociativeDynamicTextByKey".
2023-04-21 19:00:36 [ERROR] Starting point was file "AssociativeDynamicTextTests.c" on line 463!
2023-04-21 19:00:36 [ERROR] NULL pointer as return value from function malloc()!
2023-04-21 19:00:36 [ERROR] In function "allocateAssociativeDynamicTextByKey".
2023-04-21 19:00:36 [ERROR] Starting point was file "AssociativeDynamicTextTests.c" on line 489!
2023-04-21 19:00:36 [ERROR] Parameter "element" is NULL!
2023-04-21 19:00:36 [ERROR] In function "setValueInAssociativeDynamicText".
2023-04-21 19:00:36 [ERROR] Starting point was file "AssociativeDynamicTextTests.c" on line 522!
2023-04-21 19:00:36 [ERROR] Pointer "element" is NULL!
2023-04-21 19:00:36 [ERROR] In function "setValueInAssociativeDynamicText".
2023-04-21 19:00:36 [ERROR] Starting point was file "AssociativeDynamicTextTests.c" on line 262!
2023-04-21 19:00:36 [ERROR] Pointer "element" is NULL!
2023-04-21 19:00:36 [ERROR] In function "setValueInAssociativeDynamicText".
2023-04-21 19:00:36 [ERROR] Starting point was file "AssociativeDynamicTextTests.c" on line 309!
2023-04-21 19:00:37 [ERROR] Parameter "key" is NULL!
2023-04-21 19:00:37 [ERROR] In function "allocateAssociativeDynamicTextByKey".
2023-04-21 19:00:37 [ERROR] Starting point was file "AssociativeDynamicTextTests.c" on line 440!
2023-04-21 19:00:37 [ERROR] Parameter "key" is empty!
2023-04-21 19:00:37 [ERROR] In function "allocateAssociativeDynamicTextByKey".
2023-04-21 19:00:37 [ERROR] Starting point was file "AssociativeDynamicTextTests.c" on line 463!
2023-04-21 19:00:37 [ERROR] NULL pointer as return value from function malloc()!
2023-04-21 19:00:37 [ERROR] In function "allocateAssociativeDynamicTextByKey".
2023-04-21 19:00:37 [ERROR] Starting point was file "AssociativeDynamicTextTests.c" on line 489!
2023-04-21 19:00:37 [ERROR] Parameter "element" is NULL!
2023-04-21 19:00:37 [ERROR] In function "setValueInAssociativeDynamicText".
2023-04-21 19:00:37 [ERROR] Starting point was file "AssociativeDynamicTextTests.c" on line 522!
2023-04-21 19:00:37 [ERROR] Pointer "element" is NULL!
2023-04-21 19:00:37 [ERROR] In function "setValueInAssociativeDynamicText".
2023-04-21 19:00:37 [ERROR] Starting point was file "AssociativeDynamicTextTests.c" on line 558!
2023-04-21 19:00:38 [ERROR] Parameter "key" is NULL!
2023-04-21 19:00:38 [ERROR] In function "allocateAssociativeDynamicTextByKey".
2023-04-21 19:00:38 [ERROR] Starting point was file "AssociativeDynamicTextTests.c" on line 440!
2023-04-21 19:00:38 [ERROR] Parameter "key" is empty!
2023-04-21 19:00:38 [ERROR] In function "allocateAssociativeDynamicTextByKey".
2023-04-21 19:00:38 [ERROR] Starting point was file "AssociativeDynamicTextTests.c" on line 463!
2023-04-21 19:00:38 [ERROR] NULL pointer as return value from function malloc()!
2023-04-21 19:00:38 [ERROR] In function "allocateAssociativeDynamicTextByKey".
2023-04-21 19:00:38 [ERROR] Starting point was file "AssociativeDynamicTextTests.c" on line 489!
2023-04-21 19:00:38 [ERROR] Parameter "element" is NULL!
2023-04-21 19:00:38 [ERROR] In function "setValueInAssociativeDynamicText".
2023-04-21 19:00:38 [ERROR] Starting point was file "AssociativeDynamicTextTests.c" on line 522!
2023-04-21 19:00:38 [ERROR] Pointer "element" is NULL!
2023-04-21 19:00:38 [ERROR] In function "setValueInAssociativeDynamicText".
2023-04-21 19:00:38 [ERROR] Starting point was file "AssociativeDynamicTextTests.c" on line 558!
2023-04-21 19:00:38 [ERROR] Parameter "key" is NULL!
2023-04-21 19:00:38 [ERROR] In function "allocateAssociativeDynamicTextByKey".
2023-04-21 19:00:38 [ERROR] Starting point was file "AssociativeDynamicTextTests.c" on line 440!
2023-04-21 19:00:38 [ERROR] Parameter "key" is empty!
2023-04-21 19:00:38 [ERROR] In function "allocateAssociativeDynamicTextByKey".
2023-04-21 19:00:38 [ERROR] Starting point was file "AssociativeDynamicTextTests.c" on line 463!
2023-04-21 19:00:38 [ERROR] NULL pointer as return value from function malloc()!
2023-04-21 19:00:38 [ERROR] In function "allocateAssociativeDynamicTextByKey".
2023-04-21 19:00:38 [ERROR] Starting point was file "AssociativeDynamicTextTests.c" on line 489!
2023-04-21 19:00:38 [ERROR] Parameter "element" is NULL!
2023-04-21 19:00:38 [ERROR] In function "setValueInAssociativeDynamicText".
2023-04-21 19:00:38 [ERROR] Starting point was file "AssociativeDynamicTextTests.c" on line 522!
2023-04-21 19:00:38 [ERROR] Pointer "element" is NULL!
2023-04-21 19:00:38 [ERROR] In function "setValueInAssociativeDynamicText".
2023-04-21 19:00:38 [ERROR] Starting point was file "AssociativeDynamicTextTests.c" on line 558!
2023-04-21 19:00:40 [ERROR] Parameter "key" is NULL!
2023-04-21 19:00:40 [ERROR] In function "allocateAssociativeDynamicTextByKey".
2023-04-21 19:00:40 [ERROR] Starting point was file "AssociativeDynamicTextTests.c" on line 440!
2023-04-21 19:00:40 [ERROR] Parameter "key" is empty!
2023-04-21 19:00:40 [ERROR] In function "allocateAssociativeDynamicTextByKey".
2023-04-21 19:00:40 [ERROR] Starting point was file "AssociativeDynamicTextTests.c" on line 463!
2023-04-21 19:00:40 [ERROR] NULL pointer as return value from function malloc()!
2023-04-21 19:00:40 [ERROR] In function "allocateAssociativeDynamicTextByKey".
2023-04-21 19:00:40 [ERROR] Starting point was file "AssociativeDynamicTextTests.c" on line 489!
2023-04-21 19:00:40 [ERROR] Parameter "element" is NULL!
2023-04-21 19:00:40 [ERROR] In function "setValueInAssociativeDynamicText".
2023-04-21 19:00:40 [ERROR] Starting point was file "AssociativeDynamicTextTests.c" on line 522!
2023-04-21 19:00:40 [ERROR] Pointer "element" is NULL!
2023-04-21 19:00:40 [ERROR] In function "setValueInAssociativeDynamicText".
2023-04-21 19:00:40 [ERROR] Starting point was file "AssociativeDynamicTextTests.c" on line 558!
2023-04-21 19:00:40 [ERROR] Parameter "element" is NULL!
2023-04-21 19:00:40 [ERROR] In function "freeAssociativeDynamicText".
2023-04-21 19:00:40 [ERROR] Starting point was file "AssociativeDynamicTextTests.c" on line 588!
2023-04-21 19:00:40 [ERROR] Double free on Parameter "element"!
2023-04-21 19:00:40 [ERROR] In function "freeAssociativeDynamicText".
2023-04-21 19:00:40 [ERROR] Starting point was file "AssociativeDynamicTextTests.c" on line 620!
2023-04-21 19:05:40 [ERROR] Parameter "key" is NULL!
2023-04-21 19:05:40 [ERROR] In function "allocateAssociativeDynamicTextByKey".
2023-04-21 19:05:40 [ERROR] Starting point was file "AssociativeDynamicTextTests.c" on line 444!
2023-04-21 19:05:40 [ERROR] Parameter "key" is empty!
2023-04-21 19:05:40 [ERROR] In function "allocateAssociativeDynamicTextByKey".
2023-04-21 19:05:40 [ERROR] Starting point was file "AssociativeDynamicTextTests.c" on line 467!
2023-04-21 19:05:40 [ERROR] NULL pointer as return value from function malloc()!
2023-04-21 19:05:40 [ERROR] In function "allocateAssociativeDynamicTextByKey".
2023-04-21 19:05:40 [ERROR] Starting point was file "AssociativeDynamicTextTests.c" on line 493!
2023-04-21 19:05:40 [ERROR] Parameter "element" is NULL!
2023-04-21 19:05:40 [ERROR] In function "setValueInAssociativeDynamicText".
2023-04-21 19:05:40 [ERROR] Starting point was file "AssociativeDynamicTextTests.c" on line 526!
2023-04-21 19:05:40 [ERROR] Pointer "element" is NULL!
2023-04-21 19:05:40 [ERROR] In function "setValueInAssociativeDynamicText".
2023-04-21 19:05:40 [ERROR] Starting point was file "AssociativeDynamicTextTests.c" on line 562!
2023-04-21 19:05:40 [ERROR] Parameter "element" is NULL!
2023-04-21 19:05:40 [ERROR] In function "freeAssociativeDynamicText".
2023-04-21 19:05:40 [ERROR] Starting point was file "AssociativeDynamicTextTests.c" on line 592!
2023-04-21 19:05:40 [ERROR] Double free on Parameter "element"!
2023-04-21 19:05:40 [ERROR] In function "freeAssociativeDynamicText".
2023-04-21 19:05:40 [ERROR] Starting point was file "AssociativeDynamicTextTests.c" on line 624!
2023-04-21 19:05:43 [ERROR] Parameter "key" is NULL!
2023-04-21 19:05:43 [ERROR] In function "allocateAssociativeDynamicTextByKey".
2023-04-21 19:05:43 [ERROR] Starting point was file "AssociativeDynamicTextTests.c" on line 30!
2023-04-21 19:05:44 [ERROR] Parameter "key" is NULL!
2023-04-21 19:05:44 [ERROR] In function "allocateAssociativeDynamicTextByKey".
2023-04-21 19:05:44 [ERROR] Starting point was file "AssociativeDynamicTextTests.c" on line 444!
2023-04-21 19:05:44 [ERROR] Parameter "key" is NULL!
2023-04-21 19:05:44 [ERROR] In function "allocateAssociativeDynamicTextByKey".
2023-04-21 19:05:44 [ERROR] Starting point was file "AssociativeDynamicTextTests.c" on line 444!
2023-04-21 19:05:45 [ERROR] Parameter "key" is empty!
2023-04-21 19:05:45 [ERROR] In function "allocateAssociativeDynamicTextByKey".
2023-04-21 19:05:45 [ERROR] Starting point was file "AssociativeDynamicTextTests.c" on line 30!
2023-04-21 19:05:45 [ERROR] Parameter "key" is empty!
2023-04-21 19:05:45 [ERROR] In function "allocateAssociativeDynamicTextByKey".
2023-04-21 19:05:45 [ERROR] Starting point was file "AssociativeDynamicTextTests.c" on line 30!
2023-04-21 19:05:47 [ERROR] Parameter "key" is NULL!
2023-04-21 19:05:47 [ERROR] In function "allocateAssociativeDynamicTextByKey".
2023-04-21 19:05:47 [ERROR] Starting point was file "AssociativeDynamicTextTests.c" on line 444!
2023-04-21 19:05:47 [ERROR] Parameter "key" is empty!
2023-04-21 19:05:47 [ERROR] In function "allocateAssociativeDynamicTextByKey".
2023-04-21 19:05:47 [ERROR] Starting point was file "AssociativeDynamicTextTests.c" on line 467!
2023-04-21 19:05:47 [ERROR] Parameter "key" is NULL!
2023-04-21 19:05:47 [ERROR] In function "allocateAssociativeDynamicTextByKey".
2023-04-21 19:05:47 [ERROR] Starting point was file "AssociativeDynamicTextTests.c" on line 444!
2023-04-21 19:05:47 [ERROR] Parameter "key" is empty!
2023-04-21 19:05:47 [ERROR] In function "allocateAssociativeDynamicTextByKey".
2023-04-21 19:05:47 [ERROR] Starting point was file "AssociativeDynamicTextTests.c" on line 467!
2023-04-21 19:05:48 [ERROR] NULL pointer as return value from function malloc()!
2023-04-21 19:05:48 [ERROR] In function "allocateAssociativeDynamicTextByKey".
2023-04-21 19:05:48 [ERROR] Starting point was file "AssociativeDynamicTextTests.c" on line 30!
2023-04-21 19:05:50 [ERROR] Parameter "key" is NULL!
2023-04-21 19:05:50 [ERROR] In function "allocateAssociativeDynamicTextByKey".
2023-04-21 19:05:50 [ERROR] Starting point was file "AssociativeDynamicTextTests.c" on line 444!
2023-04-21 19:05:50 [ERROR] Parameter "key" is empty!
2023-04-21 19:05:50 [ERROR] In function "allocateAssociativeDynamicTextByKey".
2023-04-21 19:05:50 [ERROR] Starting point was file "AssociativeDynamicTextTests.c" on line 467!
2023-04-21 19:05:50 [ERROR] NULL pointer as return value from function malloc()!
2023-04-21 19:05:50 [ERROR] In function "allocateAssociativeDynamicTextByKey".
2023-04-21 19:05:50 [ERROR] Starting point was file "AssociativeDynamicTextTests.c" on line 493!
2023-04-21 19:05:50 [ERROR] Parameter "key" is NULL!
2023-04-21 19:05:50 [ERROR] In function "allocateAssociativeDynamicTextByKey".
2023-04-21 19:05:50 [ERROR] Starting point was file "AssociativeDynamicTextTests.c" on line 444!
2023-04-21 19:05:50 [ERROR] Parameter "key" is empty!
2023-04-21 19:05:50 [ERROR] In function "allocateAssociativeDynamicTextByKey".
2023-04-21 19:05:50 [ERROR] Starting point was file "AssociativeDynamicTextTests.c" on line 467!
2023-04-21 19:05:50 [ERROR] NULL pointer as return value from function malloc()!
2023-04-21 19:05:50 [ERROR] In function "allocateAssociativeDynamicTextByKey".
2023-04-21 19:05:50 [ERROR] Starting point was file "AssociativeDynamicTextTests.c" on line 493!
2023-04-21 19:05:51 [ERROR] Parameter "key" is NULL!
2023-04-21 19:05:51 [ERROR] In function "allocateAssociativeDynamicTextByKey".
2023-04-21 19:05:51 [ERROR] Starting point was file "AssociativeDynamicTextTests.c" on line 444!
2023-04-21 19:05:51 [ERROR] Parameter "key" is empty!
2023-04-21 19:05:51 [ERROR] In function "allocateAssociativeDynamicTextByKey".
2023-04-21 19:05:51 [ERROR] Starting point was file "AssociativeDynamicTextTests.c" on line 467!
2023-04-21 19:05:51 [ERROR] NULL pointer as return value from function malloc()!
2023-04-21 19:05:51 [ERROR] In function "allocateAssociativeDynamicTextByKey".
2023-04-21 19:05:51 [ERROR] Starting point was file "AssociativeDynamicTextTests.c" on line 493!
2023-04-21 19:05:54 [ERROR] Parameter "key" is NULL!
2023-04-21 19:05:54 [ERROR] In function "allocateAssociativeDynamicTextByKey".
2023-04-21 19:05:54 [ERROR] Starting point was file "AssociativeDynamicTextTests.c" on line 444!
2023-04-21 19:05:54 [ERROR] Parameter "key" is empty!
2023-04-21 19:05:54 [ERROR] In function "allocateAssociativeDynamicTextByKey".
2023-04-21 19:05:54 [ERROR] Starting point was file "AssociativeDynamicTextTests.c" on line 467!
2023-04-21 19:05:54 [ERROR] NULL pointer as return value from function malloc()!
2023-04-21 19:05:54 [ERROR] In function "allocateAssociativeDynamicTextByKey".
2023-04-21 19:05:54 [ERROR] Starting point was file "AssociativeDynamicTextTests.c" on line 493!
2023-04-21 19:05:55 [ERROR] Parameter "element" is NULL!
2023-04-21 19:05:55 [ERROR] In function "freeAssociativeDynamicText".
2023-04-21 19:05:55 [ERROR] Starting point was file "AssociativeDynamicTextTests.c" on line 50!
2023-04-21 19:05:56 [ERROR] Parameter "key" is NULL!
2023-04-21 19:05:56 [ERROR] In function "allocateAssociativeDynamicTextByKey".
2023-04-21 19:05:56 [ERROR] Starting point was file "AssociativeDynamicTextTests.c" on line 444!
2023-04-21 19:05:56 [ERROR] Parameter "key" is empty!
2023-04-21 19:05:56 [ERROR] In function "allocateAssociativeDynamicTextByKey".
2023-04-21 19:05:56 [ERROR] Starting point was file "AssociativeDynamicTextTests.c" on line 467!
2023-04-21 19:05:56 [ERROR] NULL pointer as return value from function malloc()!
2023-04-21 19:05:56 [ERROR] In function "allocateAssociativeDynamicTextByKey".
2023-04-21 19:05:56 [ERROR] Starting point was file "AssociativeDynamicTextTests.c" on line 493!
2023-04-21 19:05:56 [ERROR] Parameter "element" is NULL!
2023-04-21 19:05:56 [ERROR] In function "setValueInAssociativeDynamicText".
2023-04-21 19:05:56 [ERROR] Starting point was file "AssociativeDynamicTextTests.c" on line 526!
2023-04-21 19:05:56 [ERROR] Pointer "element" is NULL!
2023-04-21 19:05:56 [ERROR] In function "setValueInAssociativeDynamicText".
2023-04-21 19:05:56 [ERROR] Starting point was file "AssociativeDynamicTextTests.c" on line 562!
2023-04-21 19:05:56 [ERROR] Parameter "element" is NULL!
2023-04-21 19:05:56 [ERROR] In function "freeAssociativeDynamicText".
2023-04-21 19:05:56 [ERROR] Starting point was file "AssociativeDynamicTextTests.c" on line 592!
2023-04-21 19:05:57 [ERROR] Parameter "key" is NULL!
2023-04-21 19:05:57 [ERROR] In function "allocateAssociativeDynamicTextByKey".
2023-04-21 19:05:57 [ERROR] Starting point was file "AssociativeDynamicTextTests.c" on line 444!
2023-04-21 19:05:57 [ERROR] Parameter "key" is empty!
2023-04-21 19:05:57 [ERROR] In function "allocateAssociativeDynamicTextByKey".
2023-04-21 19:05:57 [ERROR] Starting point was file "AssociativeDynamicTextTests.c" on line 467!
2023-04-21 19:05:57 [ERROR] NULL pointer as return value from function malloc()!
2023-04-21 19:05:57 [ERROR] In function "allocateAssociativeDynamicTextByKey".
2023-04-21 19:05:57 [ERROR] Starting point was file "AssociativeDynamicTextTests.c" on line 493!
2023-04-21 19:05:57 [ERROR] Parameter "element" is NULL!
2023-04-21 19:05:57 [ERROR] In function "setValueInAssociativeDynamicText".
2023-04-21 19:05:57 [ERROR] Starting point was file "AssociativeDynamicTextTests.c" on line 526!
2023-04-21 19:05:57 [ERROR] Pointer "element" is NULL!
2023-04-21 19:05:57 [ERROR] In function "setValueInAssociativeDynamicText".
2023-04-21 19:05:57 [ERROR] Starting point was file "AssociativeDynamicTextTests.c" on line 562!
2023-04-21 19:05:57 [ERROR] Parameter "element" is NULL!
2023-04-21 19:05:57 [ERROR] In function "freeAssociativeDynamicText".
2023-04-21 19:05:57 [ERROR] Starting point was file "AssociativeDynamicTextTests.c" on line 592!
2023-04-21 19:05:57 [ERROR] Double free on Parameter "element"!
2023-04-21 19:05:57 [ERROR] In function "freeAssociativeDynamicText".
2023-04-21 19:05:57 [ERROR] Starting point was file "AssociativeDynamicTextTests.c" on line 50!
2023-04-21 19:05:58 [ERROR] Parameter "key" is NULL!
2023-04-21 19:05:58 [ERROR] In function "allocateAssociativeDynamicTextByKey".
2023-04-21 19:05:58 [ERROR] Starting point was file "AssociativeDynamicTextTests.c" on line 444!
2023-04-21 19:05:58 [ERROR] Parameter "key" is empty!
2023-04-21 19:05:58 [ERROR] In function "allocateAssociativeDynamicTextByKey".
2023-04-21 19:05:58 [ERROR] Starting point was file "AssociativeDynamicTextTests.c" on line 467!
2023-04-21 19:05:58 [ERROR] NULL pointer as return value from function malloc()!
2023-04-21 19:05:58 [ERROR] In function "allocateAssociativeDynamicTextByKey".
2023-04-21 19:05:58 [ERROR] Starting point was file "AssociativeDynamicTextTests.c" on line 493!
2023-04-21 19:05:58 [ERROR] Parameter "element" is NULL!
2023-04-21 19:05:58 [ERROR] In function "setValueInAssociativeDynamicText".
2023-04-21 19:05:58 [ERROR] Starting point was file "AssociativeDynamicTextTests.c" on line 526!
2023-04-21 19:05:58 [ERROR] Pointer "element" is NULL!
2023-04-21 19:05:58 [ERROR] In function "setValueInAssociativeDynamicText".
2023-04-21 19:05:58 [ERROR] Starting point was file "AssociativeDynamicTextTests.c" on line 562!
2023-04-21 19:05:58 [ERROR] Parameter "element" is NULL!
2023-04-21 19:05:58 [ERROR] In function "freeAssociativeDynamicText".
2023-04-21 19:05:58 [ERROR] Starting point was file "AssociativeDynamicTextTests.c" on line 592!
2023-04-21 19:05:58 [ERROR] Double free on Parameter "element"!
2023-04-21 19:05:58 [ERROR] In function "freeAssociativeDynamicText".
2023-04-21 19:05:58 [ERROR] Starting point was file "AssociativeDynamicTextTests.c" on line 624!
2023-04-21 19:05:59 [ERROR] Parameter "key" is NULL!
2023-04-21 19:05:59 [ERROR] In function "allocateAssociativeDynamicTextByKey".
2023-04-21 19:05:59 [ERROR] Starting point was file "AssociativeDynamicTextTests.c" on line 444!
2023-04-21 19:05:59 [ERROR] Parameter "key" is empty!
2023-04-21 19:05:59 [ERROR] In function "allocateAssociativeDynamicTextByKey".
2023-04-21 19:05:59 [ERROR] Starting point was file "AssociativeDynamicTextTests.c" on line 467!
2023-04-21 19:05:59 [ERROR] NULL pointer as return value from function malloc()!
2023-04-21 19:05:59 [ERROR] In function "allocateAssociativeDynamicTextByKey".
2023-04-21 19:05:59 [ERROR] Starting point was file "AssociativeDynamicTextTests.c" on line 493!
2023-04-21 19:05:59 [ERROR] Parameter "element" is NULL!
2023-04-21 19:05:59 [ERROR] In function "setValueInAssociativeDynamicText".
2023-04-21 19:05:59 [ERROR] Starting point was file "AssociativeDynamicTextTests.c" on line 526!
2023-04-21 19:05:59 [ERROR] Pointer "element" is NULL!
2023-04-21 19:05:59 [ERROR] In function "setValueInAssociativeDynamicText".
2023-04-21 19:05:59 [ERROR] Starting point was file "AssociativeDynamicTextTests.c" on line 562!
2023-04-21 19:05:59 [ERROR] Parameter "element" is NULL!
2023-04-21 19:05:59 [ERROR] In function "freeAssociativeDynamicText".
2023-04-21 19:05:59 [ERROR] Starting point was file "AssociativeDynamicTextTests.c" on line 592!
2023-04-21 19:05:59 [ERROR] Double free on Parameter "element"!
2023-04-21 19:05:59 [ERROR] In function "freeAssociativeDynamicText".
2023-04-21 19:05:59 [ERROR] Starting point was file "AssociativeDynamicTextTests.c" on line 624!
2023-04-21 19:05:59 [ERROR] Parameter "key" is NULL!
2023-04-21 19:05:59 [ERROR] In function "allocateAssociativeDynamicTextByKey".
2023-04-21 19:05:59 [ERROR] Starting point was file "AssociativeDynamicTextTests.c" on line 444!
2023-04-21 19:05:59 [ERROR] Parameter "key" is empty!
2023-04-21 19:05:59 [ERROR] In function "allocateAssociativeDynamicTextByKey".
2023-04-21 19:05:59 [ERROR] Starting point was file "AssociativeDynamicTextTests.c" on line 467!
2023-04-21 19:05:59 [ERROR] NULL pointer as return value from function malloc()!
2023-04-21 19:05:59 [ERROR] In function "allocateAssociativeDynamicTextByKey".
2023-04-21 19:05:59 [ERROR] Starting point was file "AssociativeDynamicTextTests.c" on line 493!
2023-04-21 19:05:59 [ERROR] Parameter "element" is NULL!
2023-04-21 19:05:59 [ERROR] In function "setValueInAssociativeDynamicText".
2023-04-21 19:05:59 [ERROR] Starting point was file "AssociativeDynamicTextTests.c" on line 526!
2023-04-21 19:05:59 [ERROR] Pointer "element" is NULL!
2023-04-21 19:05:59 [ERROR] In function "setValueInAssociativeDynamicText".
2023-04-21 19:05:59 [ERROR] Starting point was file "AssociativeDynamicTextTests.c" on line 562!
2023-04-21 19:05:59 [ERROR] Parameter "element" is NULL!
2023-04-21 19:05:59 [ERROR] In function "freeAssociativeDynamicText".
2023-04-21 19:05:59 [ERROR] Starting point was file "AssociativeDynamicTextTests.c" on line 592!
2023-04-21 19:05:59 [ERROR] Double free on Parameter "element"!
2023-04-21 19:05:59 [ERROR] In function "freeAssociativeDynamicText".
2023-04-21 19:05:59 [ERROR] Starting point was file "AssociativeDynamicTextTests.c" on line 624!
2023-04-21 19:06:02 [ERROR] Parameter "key" is NULL!
2023-04-21 19:06:02 [ERROR] In function "allocateAssociativeDynamicTextByKey".
2023-04-21 19:06:02 [ERROR] Starting point was file "AssociativeDynamicTextTests.c" on line 444!
2023-04-21 19:06:02 [ERROR] Parameter "key" is empty!
2023-04-21 19:06:02 [ERROR] In function "allocateAssociativeDynamicTextByKey".
2023-04-21 19:06:02 [ERROR] Starting point was file "AssociativeDynamicTextTests.c" on line 467!
2023-04-21 19:06:02 [ERROR] NULL pointer as return value from function malloc()!
2023-04-21 19:06:02 [ERROR] In function "allocateAssociativeDynamicTextByKey".
2023-04-21 19:06:02 [ERROR] Starting point was file "AssociativeDynamicTextTests.c" on line 493!
2023-04-21 19:06:02 [ERROR] Parameter "element" is NULL!
2023-04-21 19:06:02 [ERROR] In function "setValueInAssociativeDynamicText".
2023-04-21 19:06:02 [ERROR] Starting point was file "AssociativeDynamicTextTests.c" on line 526!
2023-04-21 19:06:03 [ERROR] Parameter "element" is NULL!
2023-04-21 19:06:03 [ERROR] In function "setValueInAssociativeDynamicText".
2023-04-21 19:06:03 [ERROR] Starting point was file "AssociativeDynamicTextTests.c" on line 262!
2023-04-21 19:06:04 [ERROR] Parameter "key" is NULL!
2023-04-21 19:06:04 [ERROR] In function "allocateAssociativeDynamicTextByKey".
2023-04-21 19:06:04 [ERROR] Starting point was file "AssociativeDynamicTextTests.c" on line 444!
2023-04-21 19:06:04 [ERROR] Parameter "key" is empty!
2023-04-21 19:06:04 [ERROR] In function "allocateAssociativeDynamicTextByKey".
2023-04-21 19:06:04 [ERROR] Starting point was file "AssociativeDynamicTextTests.c" on line 467!
2023-04-21 19:06:04 [ERROR] NULL pointer as return value from function malloc()!
2023-04-21 19:06:04 [ERROR] In function "allocateAssociativeDynamicTextByKey".
2023-04-21 19:06:04 [ERROR] Starting point was file "AssociativeDynamicTextTests.c" on line 493!
2023-04-21 19:06:04 [ERROR] Parameter "element" is NULL!
2023-04-21 19:06:04 [ERROR] In function "setValueInAssociativeDynamicText".
2023-04-21 19:06:04 [ERROR] Starting point was file "AssociativeDynamicTextTests.c" on line 526!
2023-04-21 19:06:05 [ERROR] Parameter "key" is NULL!
2023-04-21 19:06:05 [ERROR] In function "allocateAssociativeDynamicTextByKey".
2023-04-21 19:06:05 [ERROR] Starting point was file "AssociativeDynamicTextTests.c" on line 444!
2023-04-21 19:06:05 [ERROR] Parameter "key" is empty!
2023-04-21 19:06:05 [ERROR] In function "allocateAssociativeDynamicTextByKey".
2023-04-21 19:06:05 [ERROR] Starting point was file "AssociativeDynamicTextTests.c" on line 467!
2023-04-21 19:06:05 [ERROR] NULL pointer as return value from function malloc()!
2023-04-21 19:06:05 [ERROR] In function "allocateAssociativeDynamicTextByKey".
2023-04-21 19:06:05 [ERROR] Starting point was file "AssociativeDynamicTextTests.c" on line 493!
2023-04-21 19:06:05 [ERROR] Parameter "element" is NULL!
2023-04-21 19:06:05 [ERROR] In function "setValueInAssociativeDynamicText".
2023-04-21 19:06:05 [ERROR] Starting point was file "AssociativeDynamicTextTests.c" on line 526!
2023-04-21 19:06:06 [ERROR] Pointer "element" is NULL!
2023-04-21 19:06:06 [ERROR] In function "setValueInAssociativeDynamicText".
2023-04-21 19:06:06 [ERROR] Starting point was file "AssociativeDynamicTextTests.c" on line 262!
2023-04-21 19:06:07 [ERROR] Parameter "key" is NULL!
2023-04-21 19:06:07 [ERROR] In function "allocateAssociativeDynamicTextByKey".
2023-04-21 19:06:07 [ERROR] Starting point was file "AssociativeDynamicTextTests.c" on line 444!
2023-04-21 19:06:07 [ERROR] Parameter "key" is empty!
2023-04-21 19:06:07 [ERROR] In function "allocateAssociativeDynamicTextByKey".
2023-04-21 19:06:07 [ERROR] Starting point was file "AssociativeDynamicTextTests.c" on line 467!
2023-04-21 19:06:07 [ERROR] NULL pointer as return value from function malloc()!
2023-04-21 19:06:07 [ERROR] In function "allocateAssociativeDynamicTextByKey".
2023-04-21 19:06:07 [ERROR] Starting point was file "AssociativeDynamicTextTests.c" on line 493!
2023-04-21 19:06:07 [ERROR] Parameter "element" is NULL!
2023-04-21 19:06:07 [ERROR] In function "setValueInAssociativeDynamicText".
2023-04-21 19:06:07 [ERROR] Starting point was file "AssociativeDynamicTextTests.c" on line 526!
2023-04-21 19:06:07 [ERROR] Pointer "element" is NULL!
2023-04-21 19:06:07 [ERROR] In function "setValueInAssociativeDynamicText".
2023-04-21 19:06:07 [ERROR] Starting point was file "AssociativeDynamicTextTests.c" on line 562!
2023-04-21 19:06:07 [ERROR] Parameter "key" is NULL!
2023-04-21 19:06:07 [ERROR] In function "allocateAssociativeDynamicTextByKey".
2023-04-21 19:06:07 [ERROR] Starting point was file "AssociativeDynamicTextTests.c" on line 444!
2023-04-21 19:06:07 [ERROR] Parameter "key" is empty!
2023-04-21 19:06:07 [ERROR] In function "allocateAssociativeDynamicTextByKey".
2023-04-21 19:06:07 [ERROR] Starting point was file "AssociativeDynamicTextTests.c" on line 467!
2023-04-21 19:06:07 [ERROR] NULL pointer as return value from function malloc()!
2023-04-21 19:06:07 [ERROR] In function "allocateAssociativeDynamicTextByKey".
2023-04-21 19:06:07 [ERROR] Starting point was file "AssociativeDynamicTextTests.c" on line 493!
2023-04-21 19:06:07 [ERROR] Parameter "element" is NULL!
2023-04-21 19:06:07 [ERROR] In function "setValueInAssociativeDynamicText".
2023-04-21 19:06:07 [ERROR] Starting point was file "AssociativeDynamicTextTests.c" on line 526!
2023-04-21 19:06:07 [ERROR] Pointer "element" is NULL!
2023-04-21 19:06:07 [ERROR] In function "setValueInAssociativeDynamicText".
2023-04-21 19:06:07 [ERROR] Starting point was file "AssociativeDynamicTextTests.c" on line 562!
2023-04-21 19:06:08 [ERROR] Parameter "key" is NULL!
2023-04-21 19:06:08 [ERROR] In function "allocateAssociativeDynamicTextByKey".
2023-04-21 19:06:08 [ERROR] Starting point was file "AssociativeDynamicTextTests.c" on line 444!
2023-04-21 19:06:08 [ERROR] Parameter "key" is empty!
2023-04-21 19:06:08 [ERROR] In function "allocateAssociativeDynamicTextByKey".
2023-04-21 19:06:08 [ERROR] Starting point was file "AssociativeDynamicTextTests.c" on line 467!
2023-04-21 19:06:08 [ERROR] NULL pointer as return value from function malloc()!
2023-04-21 19:06:08 [ERROR] In function "allocateAssociativeDynamicTextByKey".
2023-04-21 19:06:08 [ERROR] Starting point was file "AssociativeDynamicTextTests.c" on line 493!
2023-04-21 19:06:08 [ERROR] Parameter "element" is NULL!
2023-04-21 19:06:08 [ERROR] In function "setValueInAssociativeDynamicText".
2023-04-21 19:06:08 [ERROR] Starting point was file "AssociativeDynamicTextTests.c" on line 526!
2023-04-21 19:06:08 [ERROR] Pointer "element" is NULL!
2023-04-21 19:06:08 [ERROR] In function "setValueInAssociativeDynamicText".
2023-04-21 19:06:08 [ERROR] Starting point was file "AssociativeDynamicTextTests.c" on line 562!
2023-04-21 19:22:22 [ERROR] Parameter "key" is NULL!
2023-04-21 19:22:22 [ERROR] In function "allocateAssociativeDynamicTextByKey".
2023-04-21 19:22:22 [ERROR] Starting point was file "AssociativeDynamicTextTests.c" on line 444!
2023-04-21 19:22:22 [ERROR] Parameter "key" is empty!
2023-04-21 19:22:22 [ERROR] In function "allocateAssociativeDynamicTextByKey".
2023-04-21 19:22:22 [ERROR] Starting point was file "AssociativeDynamicTextTests.c" on line 467!
2023-04-21 19:22:22 [ERROR] NULL pointer as return value from function malloc()!
2023-04-21 19:22:22 [ERROR] In function "allocateAssociativeDynamicTextByKey".
2023-04-21 19:22:22 [ERROR] Starting point was file "AssociativeDynamicTextTests.c" on line 493!
2023-04-21 19:22:22 [ERROR] Parameter "element" is NULL!
2023-04-21 19:22:22 [ERROR] In function "setValueInAssociativeDynamicText".
2023-04-21 19:22:22 [ERROR] Starting point was file "AssociativeDynamicTextTests.c" on line 526!
2023-04-21 19:22:22 [ERROR] Pointer "element" is NULL!
2023-04-21 19:22:22 [ERROR] In function "setValueInAssociativeDynamicText".
2023-04-21 19:22:22 [ERROR] Starting point was file "AssociativeDynamicTextTests.c" on line 562!
2023-04-21 19:22:22 [ERROR] Parameter "element" is NULL!
2023-04-21 19:22:22 [ERROR] In function "freeAssociativeDynamicText".
2023-04-21 19:22:22 [ERROR] Starting point was file "AssociativeDynamicTextTests.c" on line 592!
2023-04-21 19:22:22 [ERROR] Double free on Parameter "element"!
2023-04-21 19:22:22 [ERROR] In function "freeAssociativeDynamicText".
2023-04-21 19:22:22 [ERROR] Starting point was file "AssociativeDynamicTextTests.c" on line 624!
2023-04-21 19:22:24 [ERROR] Parameter "key" is NULL!
2023-04-21 19:22:24 [ERROR] In function "allocateAssociativeDynamicTextByKey".
2023-04-21 19:22:24 [ERROR] Starting point was file "AssociativeDynamicTextTests.c" on line 30!
2023-04-21 19:22:26 [ERROR] Parameter "key" is NULL!
2023-04-21 19:22:26 [ERROR] In function "allocateAssociativeDynamicTextByKey".
2023-04-21 19:22:26 [ERROR] Starting point was file "AssociativeDynamicTextTests.c" on line 444!
2023-04-21 19:22:26 [ERROR] Parameter "key" is NULL!
2023-04-21 19:22:26 [ERROR] In function "allocateAssociativeDynamicTextByKey".
2023-04-21 19:22:26 [ERROR] Starting point was file "AssociativeDynamicTextTests.c" on line 444!
2023-04-21 19:22:27 [ERROR] Parameter "key" is empty!
2023-04-21 19:22:27 [ERROR] In function "allocateAssociativeDynamicTextByKey".
2023-04-21 19:22:27 [ERROR] Starting point was file "AssociativeDynamicTextTests.c" on line 30!
2023-04-21 19:22:27 [ERROR] Parameter "key" is empty!
2023-04-21 19:22:27 [ERROR] In function "allocateAssociativeDynamicTextByKey".
2023-04-21 19:22:27 [ERROR] Starting point was file "AssociativeDynamicTextTests.c" on line 30!
2023-04-21 19:22:28 [ERROR] Parameter "key" is NULL!
2023-04-21 19:22:28 [ERROR] In function "allocateAssociativeDynamicTextByKey".
2023-04-21 19:22:28 [ERROR] Starting point was file "AssociativeDynamicTextTests.c" on line 444!
2023-04-21 19:22:28 [ERROR] Parameter "key" is empty!
2023-04-21 19:22:28 [ERROR] In function "allocateAssociativeDynamicTextByKey".
2023-04-21 19:22:28 [ERROR] Starting point was file "AssociativeDynamicTextTests.c" on line 467!
2023-04-21 19:22:29 [ERROR] Parameter "key" is NULL!
2023-04-21 19:22:29 [ERROR] In function "allocateAssociativeDynamicTextByKey".
2023-04-21 19:22:29 [ERROR] Starting point was file "AssociativeDynamicTextTests.c" on line 444!
2023-04-21 19:22:29 [ERROR] Parameter "key" is empty!
2023-04-21 19:22:29 [ERROR] In function "allocateAssociativeDynamicTextByKey".
2023-04-21 19:22:29 [ERROR] Starting point was file "AssociativeDynamicTextTests.c" on line 467!
2023-04-21 19:22:30 [ERROR] NULL pointer as return value from function malloc()!
2023-04-21 19:22:30 [ERROR] In function "allocateAssociativeDynamicTextByKey".
2023-04-21 19:22:30 [ERROR] Starting point was file "AssociativeDynamicTextTests.c" on line 30!
2023-04-21 19:22:31 [ERROR] Parameter "key" is NULL!
2023-04-21 19:22:31 [ERROR] In function "allocateAssociativeDynamicTextByKey".
2023-04-21 19:22:31 [ERROR] Starting point was file "AssociativeDynamicTextTests.c" on line 444!
2023-04-21 19:22:31 [ERROR] Parameter "key" is empty!
2023-04-21 19:22:31 [ERROR] In function "allocateAssociativeDynamicTextByKey".
2023-04-21 19:22:31 [ERROR] Starting point was file "AssociativeDynamicTextTests.c" on line 467!
2023-04-21 19:22:31 [ERROR] NULL pointer as return value from function malloc()!
2023-04-21 19:22:31 [ERROR] In function "allocateAssociativeDynamicTextByKey".
2023-04-21 19:22:31 [ERROR] Starting point was file "AssociativeDynamicTextTests.c" on line 493!
2023-04-21 19:22:32 [ERROR] Parameter "key" is NULL!
2023-04-21 19:22:32 [ERROR] In function "allocateAssociativeDynamicTextByKey".
2023-04-21 19:22:32 [ERROR] Starting point was file "AssociativeDynamicTextTests.c" on line 444!
2023-04-21 19:22:32 [ERROR] Parameter "key" is empty!
2023-04-21 19:22:32 [ERROR] In function "allocateAssociativeDynamicTextByKey".
2023-04-21 19:22:32 [ERROR] Starting point was file "AssociativeDynamicTextTests.c" on line 467!
2023-04-21 19:22:32 [ERROR] NULL pointer as return value from function malloc()!
2023-04-21 19:22:32 [ERROR] In function "allocateAssociativeDynamicTextByKey".
2023-04-21 19:22:32 [ERROR] Starting point was file "AssociativeDynamicTextTests.c" on line 493!
2023-04-21 19:22:32 [ERROR] Parameter "key" is NULL!
2023-04-21 19:22:32 [ERROR] In function "allocateAssociativeDynamicTextByKey".
2023-04-21 19:22:32 [ERROR] Starting point was file "AssociativeDynamicTextTests.c" on line 444!
2023-04-21 19:22:32 [ERROR] Parameter "key" is empty!
2023-04-21 19:22:32 [ERROR] In function "allocateAssociativeDynamicTextByKey".
2023-04-21 19:22:32 [ERROR] Starting point was file "AssociativeDynamicTextTests.c" on line 467!
2023-04-21 19:22:32 [ERROR] NULL pointer as return value from function malloc()!
2023-04-21 19:22:32 [ERROR] In function "allocateAssociativeDynamicTextByKey".
2023-04-21 19:22:32 [ERROR] Starting point was file "AssociativeDynamicTextTests.c" on line 493!
2023-04-21 19:22:35 [ERROR] Parameter "key" is NULL!
2023-04-21 19:22:35 [ERROR] In function "allocateAssociativeDynamicTextByKey".
2023-04-21 19:22:35 [ERROR] Starting point was file "AssociativeDynamicTextTests.c" on line 444!
2023-04-21 19:22:35 [ERROR] Parameter "key" is empty!
2023-04-21 19:22:35 [ERROR] In function "allocateAssociativeDynamicTextByKey".
2023-04-21 19:22:35 [ERROR] Starting point was file "AssociativeDynamicTextTests.c" on line 467!
2023-04-21 19:22:35 [ERROR] NULL pointer as return value from function malloc()!
2023-04-21 19:22:35 [ERROR] In function "allocateAssociativeDynamicTextByKey".
2023-04-21 19:22:35 [ERROR] Starting point was file "AssociativeDynamicTextTests.c" on line 493!
2023-04-21 19:22:36 [ERROR] Parameter "element" is NULL!
2023-04-21 19:22:36 [ERROR] In function "freeAssociativeDynamicText".
2023-04-21 19:22:36 [ERROR] Starting point was file "AssociativeDynamicTextTests.c" on line 50!
2023-04-21 19:22:37 [ERROR] Parameter "key" is NULL!
2023-04-21 19:22:37 [ERROR] In function "allocateAssociativeDynamicTextByKey".
2023-04-21 19:22:37 [ERROR] Starting point was file "AssociativeDynamicTextTests.c" on line 444!
2023-04-21 19:22:37 [ERROR] Parameter "key" is empty!
2023-04-21 19:22:37 [ERROR] In function "allocateAssociativeDynamicTextByKey".
2023-04-21 19:22:37 [ERROR] Starting point was file "AssociativeDynamicTextTests.c" on line 467!
2023-04-21 19:22:37 [ERROR] NULL pointer as return value from function malloc()!
2023-04-21 19:22:37 [ERROR] In function "allocateAssociativeDynamicTextByKey".
2023-04-21 19:22:37 [ERROR] Starting point was file "AssociativeDynamicTextTests.c" on line 493!
2023-04-21 19:22:37 [ERROR] Parameter "element" is NULL!
2023-04-21 19:22:37 [ERROR] In function "setValueInAssociativeDynamicText".
2023-04-21 19:22:37 [ERROR] Starting point was file "AssociativeDynamicTextTests.c" on line 526!
2023-04-21 19:22:37 [ERROR] Pointer "element" is NULL!
2023-04-21 19:22:37 [ERROR] In function "setValueInAssociativeDynamicText".
2023-04-21 19:22:37 [ERROR] Starting point was file "AssociativeDynamicTextTests.c" on line 562!
2023-04-21 19:22:37 [ERROR] Parameter "element" is NULL!
2023-04-21 19:22:37 [ERROR] In function "freeAssociativeDynamicText".
2023-04-21 19:22:37 [ERROR] Starting point was file "AssociativeDynamicTextTests.c" on line 592!
2023-04-21 19:22:38 [ERROR] Parameter "key" is NULL!
2023-04-21 19:22:38 [ERROR] In function "allocateAssociativeDynamicTextByKey".
2023-04-21 19:22:38 [ERROR] Starting point was file "AssociativeDynamicTextTests.c" on line 444!
2023-04-21 19:22:38 [ERROR] Parameter "key" is empty!
2023-04-21 19:22:38 [ERROR] In function "allocateAssociativeDynamicTextByKey".
2023-04-21 19:22:38 [ERROR] Starting point was file "AssociativeDynamicTextTests.c" on line 467!
2023-04-21 19:22:38 [ERROR] NULL pointer as return value from function malloc()!
2023-04-21 19:22:38 [ERROR] In function "allocateAssociativeDynamicTextByKey".
2023-04-21 19:22:38 [ERROR] Starting point was file "AssociativeDynamicTextTests.c" on line 493!
2023-04-21 19:22:38 [ERROR] Parameter "element" is NULL!
2023-04-21 19:22:38 [ERROR] In function "setValueInAssociativeDynamicText".
2023-04-21 19:22:38 [ERROR] Starting point was file "AssociativeDynamicTextTests.c" on line 526!
2023-04-21 19:22:38 [ERROR] Pointer "element" is NULL!
2023-04-21 19:22:38 [ERROR] In function "setValueInAssociativeDynamicText".
2023-04-21 19:22:38 [ERROR] Starting point was file "AssociativeDynamicTextTests.c" on line 562!
2023-04-21 19:22:38 [ERROR] Parameter "element" is NULL!
2023-04-21 19:22:38 [ERROR] In function "freeAssociativeDynamicText".
2023-04-21 19:22:38 [ERROR] Starting point was file "AssociativeDynamicTextTests.c" on line 592!
2023-04-21 19:22:39 [ERROR] Double free on Parameter "element"!
2023-04-21 19:22:39 [ERROR] In function "freeAssociativeDynamicText".
2023-04-21 19:22:39 [ERROR] Starting point was file "AssociativeDynamicTextTests.c" on line 50!
2023-04-21 19:22:40 [ERROR] Parameter "key" is NULL!
2023-04-21 19:22:40 [ERROR] In function "allocateAssociativeDynamicTextByKey".
2023-04-21 19:22:40 [ERROR] Starting point was file "AssociativeDynamicTextTests.c" on line 444!
2023-04-21 19:22:40 [ERROR] Parameter "key" is empty!
2023-04-21 19:22:40 [ERROR] In function "allocateAssociativeDynamicTextByKey".
2023-04-21 19:22:40 [ERROR] Starting point was file "AssociativeDynamicTextTests.c" on line 467!
2023-04-21 19:22:40 [ERROR] NULL pointer as return value from function malloc()!
2023-04-21 19:22:40 [ERROR] In function "allocateAssociativeDynamicTextByKey".
2023-04-21 19:22:40 [ERROR] Starting point was file "AssociativeDynamicTextTests.c" on line 493!
2023-04-21 19:22:40 [ERROR] Parameter "element" is NULL!
2023-04-21 19:22:40 [ERROR] In function "setValueInAssociativeDynamicText".
2023-04-21 19:22:40 [ERROR] Starting point was file "AssociativeDynamicTextTests.c" on line 526!
2023-04-21 19:22:40 [ERROR] Pointer "element" is NULL!
2023-04-21 19:22:40 [ERROR] In function "setValueInAssociativeDynamicText".
2023-04-21 19:22:40 [ERROR] Starting point was file "AssociativeDynamicTextTests.c" on line 562!
2023-04-21 19:22:40 [ERROR] Parameter "element" is NULL!
2023-04-21 19:22:40 [ERROR] In function "freeAssociativeDynamicText".
2023-04-21 19:22:40 [ERROR] Starting point was file "AssociativeDynamicTextTests.c" on line 592!
2023-04-21 19:22:40 [ERROR] Double free on Parameter "element"!
2023-04-21 19:22:40 [ERROR] In function "freeAssociativeDynamicText".
2023-04-21 19:22:40 [ERROR] Starting point was file "AssociativeDynamicTextTests.c" on line 624!
2023-04-21 19:22:40 [ERROR] Parameter "key" is NULL!
2023-04-21 19:22:40 [ERROR] In function "allocateAssociativeDynamicTextByKey".
2023-04-21 19:22:40 [ERROR] Starting point was file "AssociativeDynamicTextTests.c" on line 444!
2023-04-21 19:22:40 [ERROR] Parameter "key" is empty!
2023-04-21 19:22:40 [ERROR] In function "allocateAssociativeDynamicTextByKey".
2023-04-21 19:22:40 [ERROR] Starting point was file "AssociativeDynamicTextTests.c" on line 467!
2023-04-21 19:22:40 [ERROR] NULL pointer as return value from function malloc()!
2023-04-21 19:22:40 [ERROR] In function "allocateAssociativeDynamicTextByKey".
2023-04-21 19:22:40 [ERROR] Starting point was file "AssociativeDynamicTextTests.c" on line 493!
2023-04-21 19:22:40 [ERROR] Parameter "element" is NULL!
2023-04-21 19:22:40 [ERROR] In function "setValueInAssociativeDynamicText".
2023-04-21 19:22:40 [ERROR] Starting point was file "AssociativeDynamicTextTests.c" on line 526!
2023-04-21 19:22:40 [ERROR] Pointer "element" is NULL!
2023-04-21 19:22:40 [ERROR] In function "setValueInAssociativeDynamicText".
2023-04-21 19:22:40 [ERROR] Starting point was file "AssociativeDynamicTextTests.c" on line 562!
2023-04-21 19:22:40 [ERROR] Parameter "element" is NULL!
2023-04-21 19:22:40 [ERROR] In function "freeAssociativeDynamicText".
2023-04-21 19:22:40 [ERROR] Starting point was file "AssociativeDynamicTextTests.c" on line 592!
2023-04-21 19:22:40 [ERROR] Double free on Parameter "element"!
2023-04-21 19:22:40 [ERROR] In function "freeAssociativeDynamicText".
2023-04-21 19:22:40 [ERROR] Starting point was file "AssociativeDynamicTextTests.c" on line 624!
2023-04-21 19:22:41 [ERROR] Parameter "key" is NULL!
2023-04-21 19:22:41 [ERROR] In function "allocateAssociativeDynamicTextByKey".
2023-04-21 19:22:41 [ERROR] Starting point was file "AssociativeDynamicTextTests.c" on line 444!
2023-04-21 19:22:41 [ERROR] Parameter "key" is empty!
2023-04-21 19:22:41 [ERROR] In function "allocateAssociativeDynamicTextByKey".
2023-04-21 19:22:41 [ERROR] Starting point was file "AssociativeDynamicTextTests.c" on line 467!
2023-04-21 19:22:41 [ERROR] NULL pointer as return value from function malloc()!
2023-04-21 19:22:41 [ERROR] In function "allocateAssociativeDynamicTextByKey".
2023-04-21 19:22:41 [ERROR] Starting point was file "AssociativeDynamicTextTests.c" on line 493!
2023-04-21 19:22:41 [ERROR] Parameter "element" is NULL!
2023-04-21 19:22:41 [ERROR] In function "setValueInAssociativeDynamicText".
2023-04-21 19:22:41 [ERROR] Starting point was file "AssociativeDynamicTextTests.c" on line 526!
2023-04-21 19:22:41 [ERROR] Pointer "element" is NULL!
2023-04-21 19:22:41 [ERROR] In function "setValueInAssociativeDynamicText".
2023-04-21 19:22:41 [ERROR] Starting point was file "AssociativeDynamicTextTests.c" on line 562!
2023-04-21 19:22:41 [ERROR] Parameter "element" is NULL!
2023-04-21 19:22:41 [ERROR] In function "freeAssociativeDynamicText".
2023-04-21 19:22:41 [ERROR] Starting point was file "AssociativeDynamicTextTests.c" on line 592!
2023-04-21 19:22:41 [ERROR] Double free on Parameter "element"!
2023-04-21 19:22:41 [ERROR] In function "freeAssociativeDynamicText".
2023-04-21 19:22:41 [ERROR] Starting point was file "AssociativeDynamicTextTests.c" on line 624!
2023-04-21 19:22:43 [ERROR] Parameter "key" is NULL!
2023-04-21 19:22:43 [ERROR] In function "allocateAssociativeDynamicTextByKey".
2023-04-21 19:22:43 [ERROR] Starting point was file "AssociativeDynamicTextTests.c" on line 444!
2023-04-21 19:22:43 [ERROR] Parameter "key" is empty!
2023-04-21 19:22:43 [ERROR] In function "allocateAssociativeDynamicTextByKey".
2023-04-21 19:22:43 [ERROR] Starting point was file "AssociativeDynamicTextTests.c" on line 467!
2023-04-21 19:22:43 [ERROR] NULL pointer as return value from function malloc()!
2023-04-21 19:22:43 [ERROR] In function "allocateAssociativeDynamicTextByKey".
2023-04-21 19:22:43 [ERROR] Starting point was file "AssociativeDynamicTextTests.c" on line 493!
2023-04-21 19:22:43 [ERROR] Parameter "element" is NULL!
2023-04-21 19:22:43 [ERROR] In function "setValueInAssociativeDynamicText".
2023-04-21 19:22:43 [ERROR] Starting point was file "AssociativeDynamicTextTests.c" on line 526!
2023-04-21 19:22:44 [ERROR] Parameter "element" is NULL!
2023-04-21 19:22:44 [ERROR] In function "setValueInAssociativeDynamicText".
2023-04-21 19:22:44 [ERROR] Starting point was file "AssociativeDynamicTextTests.c" on line 262!
2023-04-21 19:22:46 [ERROR] Parameter "key" is NULL!
2023-04-21 19:22:46 [ERROR] In function "allocateAssociativeDynamicTextByKey".
2023-04-21 19:22:46 [ERROR] Starting point was file "AssociativeDynamicTextTests.c" on line 444!
2023-04-21 19:22:46 [ERROR] Parameter "key" is empty!
2023-04-21 19:22:46 [ERROR] In function "allocateAssociativeDynamicTextByKey".
2023-04-21 19:22:46 [ERROR] Starting point was file "AssociativeDynamicTextTests.c" on line 467!
2023-04-21 19:22:46 [ERROR] NULL pointer as return value from function malloc()!
2023-04-21 19:22:46 [ERROR] In function "allocateAssociativeDynamicTextByKey".
2023-04-21 19:22:46 [ERROR] Starting point was file "AssociativeDynamicTextTests.c" on line 493!
2023-04-21 19:22:46 [ERROR] Parameter "element" is NULL!
2023-04-21 19:22:46 [ERROR] In function "setValueInAssociativeDynamicText".
2023-04-21 19:22:46 [ERROR] Starting point was file "AssociativeDynamicTextTests.c" on line 526!
2023-04-21 19:22:46 [ERROR] Parameter "key" is NULL!
2023-04-21 19:22:46 [ERROR] In function "allocateAssociativeDynamicTextByKey".
2023-04-21 19:22:46 [ERROR] Starting point was file "AssociativeDynamicTextTests.c" on line 444!
2023-04-21 19:22:46 [ERROR] Parameter "key" is empty!
2023-04-21 19:22:46 [ERROR] In function "allocateAssociativeDynamicTextByKey".
2023-04-21 19:22:46 [ERROR] Starting point was file "AssociativeDynamicTextTests.c" on line 467!
2023-04-21 19:22:46 [ERROR] NULL pointer as return value from function malloc()!
2023-04-21 19:22:46 [ERROR] In function "allocateAssociativeDynamicTextByKey".
2023-04-21 19:22:46 [ERROR] Starting point was file "AssociativeDynamicTextTests.c" on line 493!
2023-04-21 19:22:46 [ERROR] Parameter "element" is NULL!
2023-04-21 19:22:46 [ERROR] In function "setValueInAssociativeDynamicText".
2023-04-21 19:22:46 [ERROR] Starting point was file "AssociativeDynamicTextTests.c" on line 526!
2023-04-21 19:22:47 [ERROR] Pointer "element" is NULL!
2023-04-21 19:22:47 [ERROR] In function "setValueInAssociativeDynamicText".
2023-04-21 19:22:47 [ERROR] Starting point was file "AssociativeDynamicTextTests.c" on line 262!
2023-04-21 19:22:48 [ERROR] Parameter "key" is NULL!
2023-04-21 19:22:48 [ERROR] In function "allocateAssociativeDynamicTextByKey".
2023-04-21 19:22:48 [ERROR] Starting point was file "AssociativeDynamicTextTests.c" on line 444!
2023-04-21 19:22:48 [ERROR] Parameter "key" is empty!
2023-04-21 19:22:48 [ERROR] In function "allocateAssociativeDynamicTextByKey".
2023-04-21 19:22:48 [ERROR] Starting point was file "AssociativeDynamicTextTests.c" on line 467!
2023-04-21 19:22:48 [ERROR] NULL pointer as return value from function malloc()!
2023-04-21 19:22:48 [ERROR] In function "allocateAssociativeDynamicTextByKey".
2023-04-21 19:22:48 [ERROR] Starting point was file "AssociativeDynamicTextTests.c" on line 493!
2023-04-21 19:22:48 [ERROR] Parameter "element" is NULL!
2023-04-21 19:22:48 [ERROR] In function "setValueInAssociativeDynamicText".
2023-04-21 19:22:48 [ERROR] Starting point was file "AssociativeDynamicTextTests.c" on line 526!
2023-04-21 19:22:48 [ERROR] Pointer "element" is NULL!
2023-04-21 19:22:48 [ERROR] In function "setValueInAssociativeDynamicText".
2023-04-21 19:22:48 [ERROR] Starting point was file "AssociativeDynamicTextTests.c" on line 562!
2023-04-21 19:22:48 [ERROR] Parameter "key" is NULL!
2023-04-21 19:22:48 [ERROR] In function "allocateAssociativeDynamicTextByKey".
2023-04-21 19:22:48 [ERROR] Starting point was file "AssociativeDynamicTextTests.c" on line 444!
2023-04-21 19:22:48 [ERROR] Parameter "key" is empty!
2023-04-21 19:22:48 [ERROR] In function "allocateAssociativeDynamicTextByKey".
2023-04-21 19:22:48 [ERROR] Starting point was file "AssociativeDynamicTextTests.c" on line 467!
2023-04-21 19:22:48 [ERROR] NULL pointer as return value from function malloc()!
2023-04-21 19:22:48 [ERROR] In function "allocateAssociativeDynamicTextByKey".
2023-04-21 19:22:48 [ERROR] Starting point was file "AssociativeDynamicTextTests.c" on line 493!
2023-04-21 19:22:48 [ERROR] Parameter "element" is NULL!
2023-04-21 19:22:48 [ERROR] In function "setValueInAssociativeDynamicText".
2023-04-21 19:22:48 [ERROR] Starting point was file "AssociativeDynamicTextTests.c" on line 526!
2023-04-21 19:22:48 [ERROR] Pointer "element" is NULL!
2023-04-21 19:22:48 [ERROR] In function "setValueInAssociativeDynamicText".
2023-04-21 19:22:48 [ERROR] Starting point was file "AssociativeDynamicTextTests.c" on line 562!
2023-04-21 19:22:49 [ERROR] Parameter "key" is NULL!
2023-04-21 19:22:49 [ERROR] In function "allocateAssociativeDynamicTextByKey".
2023-04-21 19:22:49 [ERROR] Starting point was file "AssociativeDynamicTextTests.c" on line 444!
2023-04-21 19:22:49 [ERROR] Parameter "key" is empty!
2023-04-21 19:22:49 [ERROR] In function "allocateAssociativeDynamicTextByKey".
2023-04-21 19:22:49 [ERROR] Starting point was file "AssociativeDynamicTextTests.c" on line 467!
2023-04-21 19:22:49 [ERROR] NULL pointer as return value from function malloc()!
2023-04-21 19:22:49 [ERROR] In function "allocateAssociativeDynamicTextByKey".
2023-04-21 19:22:49 [ERROR] Starting point was file "AssociativeDynamicTextTests.c" on line 493!
2023-04-21 19:22:49 [ERROR] Parameter "element" is NULL!
2023-04-21 19:22:49 [ERROR] In function "setValueInAssociativeDynamicText".
2023-04-21 19:22:49 [ERROR] Starting point was file "AssociativeDynamicTextTests.c" on line 526!
2023-04-21 19:22:49 [ERROR] Pointer "element" is NULL!
2023-04-21 19:22:49 [ERROR] In function "setValueInAssociativeDynamicText".
2023-04-21 19:22:49 [ERROR] Starting point was file "AssociativeDynamicTextTests.c" on line 562!
2023-04-21 19:25:02 [ERROR] Parameter "key" is NULL!
2023-04-21 19:25:02 [ERROR] In function "allocateAssociativeDynamicTextByKey".
2023-04-21 19:25:02 [ERROR] Starting point was file "AssociativeDynamicTextTests.c" on line 444!
2023-04-21 19:25:02 [ERROR] Parameter "key" is empty!
2023-04-21 19:25:02 [ERROR] In function "allocateAssociativeDynamicTextByKey".
2023-04-21 19:25:02 [ERROR] Starting point was file "AssociativeDynamicTextTests.c" on line 467!
2023-04-21 19:25:02 [ERROR] NULL pointer as return value from function malloc()!
2023-04-21 19:25:02 [ERROR] In function "allocateAssociativeDynamicTextByKey".
2023-04-21 19:25:02 [ERROR] Starting point was file "AssociativeDynamicTextTests.c" on line 493!
2023-04-21 19:25:02 [ERROR] Parameter "element" is NULL!
2023-04-21 19:25:02 [ERROR] In function "setValueInAssociativeDynamicText".
2023-04-21 19:25:02 [ERROR] Starting point was file "AssociativeDynamicTextTests.c" on line 526!
2023-04-21 19:25:02 [ERROR] Pointer "element" is NULL!
2023-04-21 19:25:02 [ERROR] In function "setValueInAssociativeDynamicText".
2023-04-21 19:25:02 [ERROR] Starting point was file "AssociativeDynamicTextTests.c" on line 562!
2023-04-21 19:25:02 [ERROR] Parameter "element" is NULL!
2023-04-21 19:25:02 [ERROR] In function "freeAssociativeDynamicText".
2023-04-21 19:25:02 [ERROR] Starting point was file "AssociativeDynamicTextTests.c" on line 592!
2023-04-21 19:25:02 [ERROR] Double free on Parameter "element"!
2023-04-21 19:25:02 [ERROR] In function "freeAssociativeDynamicText".
2023-04-21 19:25:02 [ERROR] Starting point was file "AssociativeDynamicTextTests.c" on line 624!
2023-04-21 19:25:05 [ERROR] Parameter "key" is NULL!
2023-04-21 19:25:05 [ERROR] In function "allocateAssociativeDynamicTextByKey".
2023-04-21 19:25:05 [ERROR] Starting point was file "AssociativeDynamicTextTests.c" on line 30!
2023-04-21 19:25:06 [ERROR] Parameter "key" is NULL!
2023-04-21 19:25:06 [ERROR] In function "allocateAssociativeDynamicTextByKey".
2023-04-21 19:25:06 [ERROR] Starting point was file "AssociativeDynamicTextTests.c" on line 444!
2023-04-21 19:25:06 [ERROR] Parameter "key" is NULL!
2023-04-21 19:25:06 [ERROR] In function "allocateAssociativeDynamicTextByKey".
2023-04-21 19:25:06 [ERROR] Starting point was file "AssociativeDynamicTextTests.c" on line 444!
2023-04-21 19:25:07 [ERROR] Parameter "key" is empty!
2023-04-21 19:25:07 [ERROR] In function "allocateAssociativeDynamicTextByKey".
2023-04-21 19:25:07 [ERROR] Starting point was file "AssociativeDynamicTextTests.c" on line 30!
2023-04-21 19:25:07 [ERROR] Parameter "key" is empty!
2023-04-21 19:25:07 [ERROR] In function "allocateAssociativeDynamicTextByKey".
2023-04-21 19:25:07 [ERROR] Starting point was file "AssociativeDynamicTextTests.c" on line 30!
2023-04-21 19:25:09 [ERROR] Parameter "key" is NULL!
2023-04-21 19:25:09 [ERROR] In function "allocateAssociativeDynamicTextByKey".
2023-04-21 19:25:09 [ERROR] Starting point was file "AssociativeDynamicTextTests.c" on line 444!
2023-04-21 19:25:09 [ERROR] Parameter "key" is empty!
2023-04-21 19:25:09 [ERROR] In function "allocateAssociativeDynamicTextByKey".
2023-04-21 19:25:09 [ERROR] Starting point was file "AssociativeDynamicTextTests.c" on line 467!
2023-04-21 19:25:09 [ERROR] Parameter "key" is NULL!
2023-04-21 19:25:09 [ERROR] In function "allocateAssociativeDynamicTextByKey".
2023-04-21 19:25:09 [ERROR] Starting point was file "AssociativeDynamicTextTests.c" on line 444!
2023-04-21 19:25:09 [ERROR] Parameter "key" is empty!
2023-04-21 19:25:09 [ERROR] In function "allocateAssociativeDynamicTextByKey".
2023-04-21 19:25:09 [ERROR] Starting point was file "AssociativeDynamicTextTests.c" on line 467!
2023-04-21 19:25:10 [ERROR] NULL pointer as return value from function malloc()!
2023-04-21 19:25:10 [ERROR] In function "allocateAssociativeDynamicTextByKey".
2023-04-21 19:25:10 [ERROR] Starting point was file "AssociativeDynamicTextTests.c" on line 30!
2023-04-21 19:25:11 [ERROR] Parameter "key" is NULL!
2023-04-21 19:25:11 [ERROR] In function "allocateAssociativeDynamicTextByKey".
2023-04-21 19:25:11 [ERROR] Starting point was file "AssociativeDynamicTextTests.c" on line 444!
2023-04-21 19:25:11 [ERROR] Parameter "key" is empty!
2023-04-21 19:25:11 [ERROR] In function "allocateAssociativeDynamicTextByKey".
2023-04-21 19:25:11 [ERROR] Starting point was file "AssociativeDynamicTextTests.c" on line 467!
2023-04-21 19:25:11 [ERROR] NULL pointer as return value from function malloc()!
2023-04-21 19:25:11 [ERROR] In function "allocateAssociativeDynamicTextByKey".
2023-04-21 19:25:11 [ERROR] Starting point was file "AssociativeDynamicTextTests.c" on line 493!
2023-04-21 19:25:12 [ERROR] Parameter "key" is NULL!
2023-04-21 19:25:12 [ERROR] In function "allocateAssociativeDynamicTextByKey".
2023-04-21 19:25:12 [ERROR] Starting point was file "AssociativeDynamicTextTests.c" on line 444!
2023-04-21 19:25:12 [ERROR] Parameter "key" is empty!
2023-04-21 19:25:12 [ERROR] In function "allocateAssociativeDynamicTextByKey".
2023-04-21 19:25:12 [ERROR] Starting point was file "AssociativeDynamicTextTests.c" on line 467!
2023-04-21 19:25:12 [ERROR] NULL pointer as return value from function malloc()!
2023-04-21 19:25:12 [ERROR] In function "allocateAssociativeDynamicTextByKey".
2023-04-21 19:25:12 [ERROR] Starting point was file "AssociativeDynamicTextTests.c" on line 493!
2023-04-21 19:25:12 [ERROR] Parameter "key" is NULL!
2023-04-21 19:25:12 [ERROR] In function "allocateAssociativeDynamicTextByKey".
2023-04-21 19:25:12 [ERROR] Starting point was file "AssociativeDynamicTextTests.c" on line 444!
2023-04-21 19:25:12 [ERROR] Parameter "key" is empty!
2023-04-21 19:25:12 [ERROR] In function "allocateAssociativeDynamicTextByKey".
2023-04-21 19:25:12 [ERROR] Starting point was file "AssociativeDynamicTextTests.c" on line 467!
2023-04-21 19:25:12 [ERROR] NULL pointer as return value from function malloc()!
2023-04-21 19:25:12 [ERROR] In function "allocateAssociativeDynamicTextByKey".
2023-04-21 19:25:12 [ERROR] Starting point was file "AssociativeDynamicTextTests.c" on line 493!
2023-04-21 19:25:15 [ERROR] Parameter "key" is NULL!
2023-04-21 19:25:15 [ERROR] In function "allocateAssociativeDynamicTextByKey".
2023-04-21 19:25:15 [ERROR] Starting point was file "AssociativeDynamicTextTests.c" on line 444!
2023-04-21 19:25:15 [ERROR] Parameter "key" is empty!
2023-04-21 19:25:15 [ERROR] In function "allocateAssociativeDynamicTextByKey".
2023-04-21 19:25:15 [ERROR] Starting point was file "AssociativeDynamicTextTests.c" on line 467!
2023-04-21 19:25:15 [ERROR] NULL pointer as return value from function malloc()!
2023-04-21 19:25:15 [ERROR] In function "allocateAssociativeDynamicTextByKey".
2023-04-21 19:25:15 [ERROR] Starting point was file "AssociativeDynamicTextTests.c" on line 493!
2023-04-21 19:25:16 [ERROR] Parameter "element" is NULL!
2023-04-21 19:25:16 [ERROR] In function "freeAssociativeDynamicText".
2023-04-21 19:25:16 [ERROR] Starting point was file "AssociativeDynamicTextTests.c" on line 50!
2023-04-21 19:25:18 [ERROR] Parameter "key" is NULL!
2023-04-21 19:25:18 [ERROR] In function "allocateAssociativeDynamicTextByKey".
2023-04-21 19:25:18 [ERROR] Starting point was file "AssociativeDynamicTextTests.c" on line 444!
2023-04-21 19:25:18 [ERROR] Parameter "key" is empty!
2023-04-21 19:25:18 [ERROR] In function "allocateAssociativeDynamicTextByKey".
2023-04-21 19:25:18 [ERROR] Starting point was file "AssociativeDynamicTextTests.c" on line 467!
2023-04-21 19:25:18 [ERROR] NULL pointer as return value from function malloc()!
2023-04-21 19:25:18 [ERROR] In function "allocateAssociativeDynamicTextByKey".
2023-04-21 19:25:18 [ERROR] Starting point was file "AssociativeDynamicTextTests.c" on line 493!
2023-04-21 19:25:18 [ERROR] Parameter "element" is NULL!
2023-04-21 19:25:18 [ERROR] In function "setValueInAssociativeDynamicText".
2023-04-21 19:25:18 [ERROR] Starting point was file "AssociativeDynamicTextTests.c" on line 526!
2023-04-21 19:25:18 [ERROR] Pointer "element" is NULL!
2023-04-21 19:25:18 [ERROR] In function "setValueInAssociativeDynamicText".
2023-04-21 19:25:18 [ERROR] Starting point was file "AssociativeDynamicTextTests.c" on line 562!
2023-04-21 19:25:18 [ERROR] Parameter "element" is NULL!
2023-04-21 19:25:18 [ERROR] In function "freeAssociativeDynamicText".
2023-04-21 19:25:18 [ERROR] Starting point was file "AssociativeDynamicTextTests.c" on line 592!
2023-04-21 19:25:18 [ERROR] Parameter "key" is NULL!
2023-04-21 19:25:18 [ERROR] In function "allocateAssociativeDynamicTextByKey".
2023-04-21 19:25:18 [ERROR] Starting point was file "AssociativeDynamicTextTests.c" on line 444!
2023-04-21 19:25:18 [ERROR] Parameter "key" is empty!
2023-04-21 19:25:18 [ERROR] In function "allocateAssociativeDynamicTextByKey".
2023-04-21 19:25:18 [ERROR] Starting point was file "AssociativeDynamicTextTests.c" on line 467!
2023-04-21 19:25:18 [ERROR] NULL pointer as return value from function malloc()!
2023-04-21 19:25:18 [ERROR] In function "allocateAssociativeDynamicTextByKey".
2023-04-21 19:25:18 [ERROR] Starting point was file "AssociativeDynamicTextTests.c" on line 493!
2023-04-21 19:25:18 [ERROR] Parameter "element" is NULL!
2023-04-21 19:25:18 [ERROR] In function "setValueInAssociativeDynamicText".
2023-04-21 19:25:18 [ERROR] Starting point was file "AssociativeDynamicTextTests.c" on line 526!
2023-04-21 19:25:18 [ERROR] Pointer "element" is NULL!
2023-04-21 19:25:18 [ERROR] In function "setValueInAssociativeDynamicText".
2023-04-21 19:25:18 [ERROR] Starting point was file "AssociativeDynamicTextTests.c" on line 562!
2023-04-21 19:25:18 [ERROR] Parameter "element" is NULL!
2023-04-21 19:25:18 [ERROR] In function "freeAssociativeDynamicText".
2023-04-21 19:25:18 [ERROR] Starting point was file "AssociativeDynamicTextTests.c" on line 592!
2023-04-21 19:25:19 [ERROR] Double free on Parameter "element"!
2023-04-21 19:25:19 [ERROR] In function "freeAssociativeDynamicText".
2023-04-21 19:25:19 [ERROR] Starting point was file "AssociativeDynamicTextTests.c" on line 50!
2023-04-21 19:25:20 [ERROR] Parameter "key" is NULL!
2023-04-21 19:25:20 [ERROR] In function "allocateAssociativeDynamicTextByKey".
2023-04-21 19:25:20 [ERROR] Starting point was file "AssociativeDynamicTextTests.c" on line 444!
2023-04-21 19:25:20 [ERROR] Parameter "key" is empty!
2023-04-21 19:25:20 [ERROR] In function "allocateAssociativeDynamicTextByKey".
2023-04-21 19:25:20 [ERROR] Starting point was file "AssociativeDynamicTextTests.c" on line 467!
2023-04-21 19:25:20 [ERROR] NULL pointer as return value from function malloc()!
2023-04-21 19:25:20 [ERROR] In function "allocateAssociativeDynamicTextByKey".
2023-04-21 19:25:20 [ERROR] Starting point was file "AssociativeDynamicTextTests.c" on line 493!
2023-04-21 19:25:20 [ERROR] Parameter "element" is NULL!
2023-04-21 19:25:20 [ERROR] In function "setValueInAssociativeDynamicText".
2023-04-21 19:25:20 [ERROR] Starting point was file "AssociativeDynamicTextTests.c" on line 526!
2023-04-21 19:25:20 [ERROR] Pointer "element" is NULL!
2023-04-21 19:25:20 [ERROR] In function "setValueInAssociativeDynamicText".
2023-04-21 19:25:20 [ERROR] Starting point was file "AssociativeDynamicTextTests.c" on line 562!
2023-04-21 19:25:20 [ERROR] Parameter "element" is NULL!
2023-04-21 19:25:20 [ERROR] In function "freeAssociativeDynamicText".
2023-04-21 19:25:20 [ERROR] Starting point was file "AssociativeDynamicTextTests.c" on line 592!
2023-04-21 19:25:20 [ERROR] Double free on Parameter "element"!
2023-04-21 19:25:20 [ERROR] In function "freeAssociativeDynamicText".
2023-04-21 19:25:20 [ERROR] Starting point was file "AssociativeDynamicTextTests.c" on line 624!
2023-04-21 19:25:20 [ERROR] Parameter "key" is NULL!
2023-04-21 19:25:20 [ERROR] In function "allocateAssociativeDynamicTextByKey".
2023-04-21 19:25:20 [ERROR] Starting point was file "AssociativeDynamicTextTests.c" on line 444!
2023-04-21 19:25:20 [ERROR] Parameter "key" is empty!
2023-04-21 19:25:20 [ERROR] In function "allocateAssociativeDynamicTextByKey".
2023-04-21 19:25:20 [ERROR] Starting point was file "AssociativeDynamicTextTests.c" on line 467!
2023-04-21 19:25:20 [ERROR] NULL pointer as return value from function malloc()!
2023-04-21 19:25:20 [ERROR] In function "allocateAssociativeDynamicTextByKey".
2023-04-21 19:25:20 [ERROR] Starting point was file "AssociativeDynamicTextTests.c" on line 493!
2023-04-21 19:25:20 [ERROR] Parameter "element" is NULL!
2023-04-21 19:25:20 [ERROR] In function "setValueInAssociativeDynamicText".
2023-04-21 19:25:20 [ERROR] Starting point was file "AssociativeDynamicTextTests.c" on line 526!
2023-04-21 19:25:20 [ERROR] Pointer "element" is NULL!
2023-04-21 19:25:20 [ERROR] In function "setValueInAssociativeDynamicText".
2023-04-21 19:25:20 [ERROR] Starting point was file "AssociativeDynamicTextTests.c" on line 562!
2023-04-21 19:25:20 [ERROR] Parameter "element" is NULL!
2023-04-21 19:25:20 [ERROR] In function "freeAssociativeDynamicText".
2023-04-21 19:25:20 [ERROR] Starting point was file "AssociativeDynamicTextTests.c" on line 592!
2023-04-21 19:25:20 [ERROR] Double free on Parameter "element"!
2023-04-21 19:25:20 [ERROR] In function "freeAssociativeDynamicText".
2023-04-21 19:25:20 [ERROR] Starting point was file "AssociativeDynamicTextTests.c" on line 624!
2023-04-21 19:25:21 [ERROR] Parameter "key" is NULL!
2023-04-21 19:25:21 [ERROR] In function "allocateAssociativeDynamicTextByKey".
2023-04-21 19:25:21 [ERROR] Starting point was file "AssociativeDynamicTextTests.c" on line 444!
2023-04-21 19:25:21 [ERROR] Parameter "key" is empty!
2023-04-21 19:25:21 [ERROR] In function "allocateAssociativeDynamicTextByKey".
2023-04-21 19:25:21 [ERROR] Starting point was file "AssociativeDynamicTextTests.c" on line 467!
2023-04-21 19:25:21 [ERROR] NULL pointer as return value from function malloc()!
2023-04-21 19:25:21 [ERROR] In function "allocateAssociativeDynamicTextByKey".
2023-04-21 19:25:21 [ERROR] Starting point was file "AssociativeDynamicTextTests.c" on line 493!
2023-04-21 19:25:21 [ERROR] Parameter "element" is NULL!
2023-04-21 19:25:21 [ERROR] In function "setValueInAssociativeDynamicText".
2023-04-21 19:25:21 [ERROR] Starting point was file "AssociativeDynamicTextTests.c" on line 526!
2023-04-21 19:25:21 [ERROR] Pointer "element" is NULL!
2023-04-21 19:25:21 [ERROR] In function "setValueInAssociativeDynamicText".
2023-04-21 19:25:21 [ERROR] Starting point was file "AssociativeDynamicTextTests.c" on line 562!
2023-04-21 19:25:21 [ERROR] Parameter "element" is NULL!
2023-04-21 19:25:21 [ERROR] In function "freeAssociativeDynamicText".
2023-04-21 19:25:21 [ERROR] Starting point was file "AssociativeDynamicTextTests.c" on line 592!
2023-04-21 19:25:21 [ERROR] Double free on Parameter "element"!
2023-04-21 19:25:21 [ERROR] In function "freeAssociativeDynamicText".
2023-04-21 19:25:21 [ERROR] Starting point was file "AssociativeDynamicTextTests.c" on line 624!
2023-04-21 19:25:23 [ERROR] Parameter "key" is NULL!
2023-04-21 19:25:23 [ERROR] In function "allocateAssociativeDynamicTextByKey".
2023-04-21 19:25:23 [ERROR] Starting point was file "AssociativeDynamicTextTests.c" on line 444!
2023-04-21 19:25:23 [ERROR] Parameter "key" is empty!
2023-04-21 19:25:23 [ERROR] In function "allocateAssociativeDynamicTextByKey".
2023-04-21 19:25:23 [ERROR] Starting point was file "AssociativeDynamicTextTests.c" on line 467!
2023-04-21 19:25:23 [ERROR] NULL pointer as return value from function malloc()!
2023-04-21 19:25:23 [ERROR] In function "allocateAssociativeDynamicTextByKey".
2023-04-21 19:25:23 [ERROR] Starting point was file "AssociativeDynamicTextTests.c" on line 493!
2023-04-21 19:25:23 [ERROR] Parameter "element" is NULL!
2023-04-21 19:25:23 [ERROR] In function "setValueInAssociativeDynamicText".
2023-04-21 19:25:23 [ERROR] Starting point was file "AssociativeDynamicTextTests.c" on line 526!
2023-04-21 19:25:24 [ERROR] Parameter "element" is NULL!
2023-04-21 19:25:24 [ERROR] In function "setValueInAssociativeDynamicText".
2023-04-21 19:25:24 [ERROR] Starting point was file "AssociativeDynamicTextTests.c" on line 262!
2023-04-21 19:25:25 [ERROR] Parameter "key" is NULL!
2023-04-21 19:25:25 [ERROR] In function "allocateAssociativeDynamicTextByKey".
2023-04-21 19:25:25 [ERROR] Starting point was file "AssociativeDynamicTextTests.c" on line 444!
2023-04-21 19:25:25 [ERROR] Parameter "key" is empty!
2023-04-21 19:25:25 [ERROR] In function "allocateAssociativeDynamicTextByKey".
2023-04-21 19:25:25 [ERROR] Starting point was file "AssociativeDynamicTextTests.c" on line 467!
2023-04-21 19:25:25 [ERROR] NULL pointer as return value from function malloc()!
2023-04-21 19:25:25 [ERROR] In function "allocateAssociativeDynamicTextByKey".
2023-04-21 19:25:25 [ERROR] Starting point was file "AssociativeDynamicTextTests.c" on line 493!
2023-04-21 19:25:25 [ERROR] Parameter "element" is NULL!
2023-04-21 19:25:25 [ERROR] In function "setValueInAssociativeDynamicText".
2023-04-21 19:25:25 [ERROR] Starting point was file "AssociativeDynamicTextTests.c" on line 526!
2023-04-21 19:25:26 [ERROR] Parameter "key" is NULL!
2023-04-21 19:25:26 [ERROR] In function "allocateAssociativeDynamicTextByKey".
2023-04-21 19:25:26 [ERROR] Starting point was file "AssociativeDynamicTextTests.c" on line 444!
2023-04-21 19:25:26 [ERROR] Parameter "key" is empty!
2023-04-21 19:25:26 [ERROR] In function "allocateAssociativeDynamicTextByKey".
2023-04-21 19:25:26 [ERROR] Starting point was file "AssociativeDynamicTextTests.c" on line 467!
2023-04-21 19:25:26 [ERROR] NULL pointer as return value from function malloc()!
2023-04-21 19:25:26 [ERROR] In function "allocateAssociativeDynamicTextByKey".
2023-04-21 19:25:26 [ERROR] Starting point was file "AssociativeDynamicTextTests.c" on line 493!
2023-04-21 19:25:26 [ERROR] Parameter "element" is NULL!
2023-04-21 19:25:26 [ERROR] In function "setValueInAssociativeDynamicText".
2023-04-21 19:25:26 [ERROR] Starting point was file "AssociativeDynamicTextTests.c" on line 526!
2023-04-21 19:25:26 [ERROR] Pointer "element" is NULL!
2023-04-21 19:25:26 [ERROR] In function "setValueInAssociativeDynamicText".
2023-04-21 19:25:26 [ERROR] Starting point was file "AssociativeDynamicTextTests.c" on line 262!
2023-04-21 19:25:28 [ERROR] Parameter "key" is NULL!
2023-04-21 19:25:28 [ERROR] In function "allocateAssociativeDynamicTextByKey".
2023-04-21 19:25:28 [ERROR] Starting point was file "AssociativeDynamicTextTests.c" on line 444!
2023-04-21 19:25:28 [ERROR] Parameter "key" is empty!
2023-04-21 19:25:28 [ERROR] In function "allocateAssociativeDynamicTextByKey".
2023-04-21 19:25:28 [ERROR] Starting point was file "AssociativeDynamicTextTests.c" on line 467!
2023-04-21 19:25:28 [ERROR] NULL pointer as return value from function malloc()!
2023-04-21 19:25:28 [ERROR] In function "allocateAssociativeDynamicTextByKey".
2023-04-21 19:25:28 [ERROR] Starting point was file "AssociativeDynamicTextTests.c" on line 493!
2023-04-21 19:25:28 [ERROR] Parameter "element" is NULL!
2023-04-21 19:25:28 [ERROR] In function "setValueInAssociativeDynamicText".
2023-04-21 19:25:28 [ERROR] Starting point was file "AssociativeDynamicTextTests.c" on line 526!
2023-04-21 19:25:28 [ERROR] Pointer "element" is NULL!
2023-04-21 19:25:28 [ERROR] In function "setValueInAssociativeDynamicText".
2023-04-21 19:25:28 [ERROR] Starting point was file "AssociativeDynamicTextTests.c" on line 562!
2023-04-21 19:25:28 [ERROR] Parameter "key" is NULL!
2023-04-21 19:25:28 [ERROR] In function "allocateAssociativeDynamicTextByKey".
2023-04-21 19:25:28 [ERROR] Starting point was file "AssociativeDynamicTextTests.c" on line 444!
2023-04-21 19:25:28 [ERROR] Parameter "key" is empty!
2023-04-21 19:25:28 [ERROR] In function "allocateAssociativeDynamicTextByKey".
2023-04-21 19:25:28 [ERROR] Starting point was file "AssociativeDynamicTextTests.c" on line 467!
2023-04-21 19:25:28 [ERROR] NULL pointer as return value from function malloc()!
2023-04-21 19:25:28 [ERROR] In function "allocateAssociativeDynamicTextByKey".
2023-04-21 19:25:28 [ERROR] Starting point was file "AssociativeDynamicTextTests.c" on line 493!
2023-04-21 19:25:28 [ERROR] Parameter "element" is NULL!
2023-04-21 19:25:28 [ERROR] In function "setValueInAssociativeDynamicText".
2023-04-21 19:25:28 [ERROR] Starting point was file "AssociativeDynamicTextTests.c" on line 526!
2023-04-21 19:25:28 [ERROR] Pointer "element" is NULL!
2023-04-21 19:25:28 [ERROR] In function "setValueInAssociativeDynamicText".
2023-04-21 19:25:28 [ERROR] Starting point was file "AssociativeDynamicTextTests.c" on line 562!
2023-04-21 19:25:29 [ERROR] Parameter "key" is NULL!
2023-04-21 19:25:29 [ERROR] In function "allocateAssociativeDynamicTextByKey".
2023-04-21 19:25:29 [ERROR] Starting point was file "AssociativeDynamicTextTests.c" on line 444!
2023-04-21 19:25:29 [ERROR] Parameter "key" is empty!
2023-04-21 19:25:29 [ERROR] In function "allocateAssociativeDynamicTextByKey".
2023-04-21 19:25:29 [ERROR] Starting point was file "AssociativeDynamicTextTests.c" on line 467!
2023-04-21 19:25:29 [ERROR] NULL pointer as return value from function malloc()!
2023-04-21 19:25:29 [ERROR] In function "allocateAssociativeDynamicTextByKey".
2023-04-21 19:25:29 [ERROR] Starting point was file "AssociativeDynamicTextTests.c" on line 493!
2023-04-21 19:25:29 [ERROR] Parameter "element" is NULL!
2023-04-21 19:25:29 [ERROR] In function "setValueInAssociativeDynamicText".
2023-04-21 19:25:29 [ERROR] Starting point was file "AssociativeDynamicTextTests.c" on line 526!
2023-04-21 19:25:29 [ERROR] Pointer "element" is NULL!
2023-04-21 19:25:29 [ERROR] In function "setValueInAssociativeDynamicText".
2023-04-21 19:25:29 [ERROR] Starting point was file "AssociativeDynamicTextTests.c" on line 562!
2023-04-23 09:28:37 [ERROR] Parameter "key" is NULL!
2023-04-23 09:28:37 [ERROR] In function "allocateAssociativeDynamicTextByKey".
2023-04-23 09:28:37 [ERROR] Starting point was file "AssociativeDynamicTextTests.c" on line 565!
2023-04-23 09:28:37 [ERROR] Parameter "key" is empty!
2023-04-23 09:28:37 [ERROR] In function "allocateAssociativeDynamicTextByKey".
2023-04-23 09:28:37 [ERROR] Starting point was file "AssociativeDynamicTextTests.c" on line 590!
2023-04-23 09:28:37 [ERROR] NULL pointer as return value from function malloc()!
2023-04-23 09:28:37 [ERROR] In function "allocateAssociativeDynamicTextByKey".
2023-04-23 09:28:37 [ERROR] Starting point was file "AssociativeDynamicTextTests.c" on line 619!
2023-04-23 09:28:37 [ERROR] Parameter "element" is NULL!
2023-04-23 09:28:37 [ERROR] In function "setValueInAssociativeDynamicText".
2023-04-23 09:28:37 [ERROR] Starting point was file "AssociativeDynamicTextTests.c" on line 659!
2023-04-23 09:28:37 [ERROR] Pointer "element" is NULL!
2023-04-23 09:28:37 [ERROR] In function "setValueInAssociativeDynamicText".
2023-04-23 09:28:37 [ERROR] Starting point was file "AssociativeDynamicTextTests.c" on line 704!
2023-04-23 09:28:37 [ERROR] Parameter "element" is NULL!
2023-04-23 09:28:37 [ERROR] In function "freeAssociativeDynamicText".
2023-04-23 09:28:37 [ERROR] Starting point was file "AssociativeDynamicTextTests.c" on line 748!
2023-04-23 09:28:37 [ERROR] Double free on Parameter "element"!
2023-04-23 09:28:37 [ERROR] In function "freeAssociativeDynamicText".
2023-04-23 09:28:37 [ERROR] Starting point was file "AssociativeDynamicTextTests.c" on line 794!
2023-04-23 09:28:40 [ERROR] Parameter "key" is NULL!
2023-04-23 09:28:40 [ERROR] In function "allocateAssociativeDynamicTextByKey".
2023-04-23 09:28:40 [ERROR] Starting point was file "AssociativeDynamicTextTests.c" on line 31!
2023-04-23 09:28:41 [ERROR] Parameter "key" is NULL!
2023-04-23 09:28:41 [ERROR] In function "allocateAssociativeDynamicTextByKey".
2023-04-23 09:28:41 [ERROR] Starting point was file "AssociativeDynamicTextTests.c" on line 565!
2023-04-23 09:28:42 [ERROR] Parameter "key" is NULL!
2023-04-23 09:28:42 [ERROR] In function "allocateAssociativeDynamicTextByKey".
2023-04-23 09:28:42 [ERROR] Starting point was file "AssociativeDynamicTextTests.c" on line 565!
2023-04-23 09:28:42 [ERROR] Parameter "key" is empty!
2023-04-23 09:28:42 [ERROR] In function "allocateAssociativeDynamicTextByKey".
2023-04-23 09:28:42 [ERROR] Starting point was file "AssociativeDynamicTextTests.c" on line 31!
2023-04-23 09:28:43 [ERROR] Parameter "key" is empty!
2023-04-23 09:28:43 [ERROR] In function "allocateAssociativeDynamicTextByKey".
2023-04-23 09:28:43 [ERROR] Starting point was file "AssociativeDynamicTextTests.c" on line 31!
2023-04-23 09:28:44 [ERROR] Parameter "key" is NULL!
2023-04-23 09:28:44 [ERROR] In function "allocateAssociativeDynamicTextByKey".
2023-04-23 09:28:44 [ERROR] Starting point was file "AssociativeDynamicTextTests.c" on line 565!
2023-04-23 09:28:44 [ERROR] Parameter "key" is empty!
2023-04-23 09:28:44 [ERROR] In function "allocateAssociativeDynamicTextByKey".
2023-04-23 09:28:44 [ERROR] Starting point was file "AssociativeDynamicTextTests.c" on line 590!
2023-04-23 09:28:45 [ERROR] Parameter "key" is NULL!
2023-04-23 09:28:45 [ERROR] In function "allocateAssociativeDynamicTextByKey".
2023-04-23 09:28:45 [ERROR] Starting point was file "AssociativeDynamicTextTests.c" on line 565!
2023-04-23 09:28:45 [ERROR] Parameter "key" is empty!
2023-04-23 09:28:45 [ERROR] In function "allocateAssociativeDynamicTextByKey".
2023-04-23 09:28:45 [ERROR] Starting point was file "AssociativeDynamicTextTests.c" on line 590!
2023-04-23 09:28:46 [ERROR] NULL pointer as return value from function malloc()!
2023-04-23 09:28:46 [ERROR] In function "allocateAssociativeDynamicTextByKey".
2023-04-23 09:28:46 [ERROR] Starting point was file "AssociativeDynamicTextTests.c" on line 31!
2023-04-23 09:28:47 [ERROR] Parameter "key" is NULL!
2023-04-23 09:28:47 [ERROR] In function "allocateAssociativeDynamicTextByKey".
2023-04-23 09:28:47 [ERROR] Starting point was file "AssociativeDynamicTextTests.c" on line 565!
2023-04-23 09:28:47 [ERROR] Parameter "key" is empty!
2023-04-23 09:28:47 [ERROR] In function "allocateAssociativeDynamicTextByKey".
2023-04-23 09:28:47 [ERROR] Starting point was file "AssociativeDynamicTextTests.c" on line 590!
2023-04-23 09:28:47 [ERROR] NULL pointer as return value from function malloc()!
2023-04-23 09:28:47 [ERROR] In function "allocateAssociativeDynamicTextByKey".
2023-04-23 09:28:47 [ERROR] Starting point was file "AssociativeDynamicTextTests.c" on line 619!
2023-04-23 09:28:48 [ERROR] Parameter "key" is NULL!
2023-04-23 09:28:48 [ERROR] In function "allocateAssociativeDynamicTextByKey".
2023-04-23 09:28:48 [ERROR] Starting point was file "AssociativeDynamicTextTests.c" on line 565!
2023-04-23 09:28:48 [ERROR] Parameter "key" is empty!
2023-04-23 09:28:48 [ERROR] In function "allocateAssociativeDynamicTextByKey".
2023-04-23 09:28:48 [ERROR] Starting point was file "AssociativeDynamicTextTests.c" on line 590!
2023-04-23 09:28:48 [ERROR] NULL pointer as return value from function malloc()!
2023-04-23 09:28:48 [ERROR] In function "allocateAssociativeDynamicTextByKey".
2023-04-23 09:28:48 [ERROR] Starting point was file "AssociativeDynamicTextTests.c" on line 619!
2023-04-23 09:28:48 [ERROR] Parameter "key" is NULL!
2023-04-23 09:28:48 [ERROR] In function "allocateAssociativeDynamicTextByKey".
2023-04-23 09:28:48 [ERROR] Starting point was file "AssociativeDynamicTextTests.c" on line 565!
2023-04-23 09:28:48 [ERROR] Parameter "key" is empty!
2023-04-23 09:28:48 [ERROR] In function "allocateAssociativeDynamicTextByKey".
2023-04-23 09:28:48 [ERROR] Starting point was file "AssociativeDynamicTextTests.c" on line 590!
2023-04-23 09:28:48 [ERROR] NULL pointer as return value from function malloc()!
2023-04-23 09:28:48 [ERROR] In function "allocateAssociativeDynamicTextByKey".
2023-04-23 09:28:48 [ERROR] Starting point was file "AssociativeDynamicTextTests.c" on line 619!
2023-04-23 09:28:53 [ERROR] Parameter "element" is NULL!
2023-04-23 09:28:53 [ERROR] In function "freeAssociativeDynamicText".
2023-04-23 09:28:53 [ERROR] Starting point was file "AssociativeDynamicTextTests.c" on line 60!
2023-04-23 09:28:54 [ERROR] Parameter "key" is NULL!
2023-04-23 09:28:54 [ERROR] In function "allocateAssociativeDynamicTextByKey".
2023-04-23 09:28:54 [ERROR] Starting point was file "AssociativeDynamicTextTests.c" on line 565!
2023-04-23 09:28:54 [ERROR] Parameter "key" is empty!
2023-04-23 09:28:54 [ERROR] In function "allocateAssociativeDynamicTextByKey".
2023-04-23 09:28:54 [ERROR] Starting point was file "AssociativeDynamicTextTests.c" on line 590!
2023-04-23 09:28:54 [ERROR] NULL pointer as return value from function malloc()!
2023-04-23 09:28:54 [ERROR] In function "allocateAssociativeDynamicTextByKey".
2023-04-23 09:28:54 [ERROR] Starting point was file "AssociativeDynamicTextTests.c" on line 619!
2023-04-23 09:28:54 [ERROR] Parameter "element" is NULL!
2023-04-23 09:28:54 [ERROR] In function "setValueInAssociativeDynamicText".
2023-04-23 09:28:54 [ERROR] Starting point was file "AssociativeDynamicTextTests.c" on line 659!
2023-04-23 09:28:54 [ERROR] Pointer "element" is NULL!
2023-04-23 09:28:54 [ERROR] In function "setValueInAssociativeDynamicText".
2023-04-23 09:28:54 [ERROR] Starting point was file "AssociativeDynamicTextTests.c" on line 704!
2023-04-23 09:28:54 [ERROR] Parameter "element" is NULL!
2023-04-23 09:28:54 [ERROR] In function "freeAssociativeDynamicText".
2023-04-23 09:28:54 [ERROR] Starting point was file "AssociativeDynamicTextTests.c" on line 748!
2023-04-23 09:28:54 [ERROR] Parameter "key" is NULL!
2023-04-23 09:28:54 [ERROR] In function "allocateAssociativeDynamicTextByKey".
2023-04-23 09:28:54 [ERROR] Starting point was file "AssociativeDynamicTextTests.c" on line 565!
2023-04-23 09:28:54 [ERROR] Parameter "key" is empty!
2023-04-23 09:28:54 [ERROR] In function "allocateAssociativeDynamicTextByKey".
2023-04-23 09:28:54 [ERROR] Starting point was file "AssociativeDynamicTextTests.c" on line 590!
2023-04-23 09:28:54 [ERROR] NULL pointer as return value from function malloc()!
2023-04-23 09:28:54 [ERROR] In function "allocateAssociativeDynamicTextByKey".
2023-04-23 09:28:54 [ERROR] Starting point was file "AssociativeDynamicTextTests.c" on line 619!
2023-04-23 09:28:54 [ERROR] Parameter "element" is NULL!
2023-04-23 09:28:54 [ERROR] In function "setValueInAssociativeDynamicText".
2023-04-23 09:28:54 [ERROR] Starting point was file "AssociativeDynamicTextTests.c" on line 659!
2023-04-23 09:28:54 [ERROR] Pointer "element" is NULL!
2023-04-23 09:28:54 [ERROR] In function "setValueInAssociativeDynamicText".
2023-04-23 09:28:54 [ERROR] Starting point was file "AssociativeDynamicTextTests.c" on line 704!
2023-04-23 09:28:54 [ERROR] Parameter "element" is NULL!
2023-04-23 09:28:54 [ERROR] In function "freeAssociativeDynamicText".
2023-04-23 09:28:54 [ERROR] Starting point was file "AssociativeDynamicTextTests.c" on line 748!
2023-04-23 09:28:55 [ERROR] Double free on Parameter "element"!
2023-04-23 09:28:55 [ERROR] In function "freeAssociativeDynamicText".
2023-04-23 09:28:55 [ERROR] Starting point was file "AssociativeDynamicTextTests.c" on line 60!
2023-04-23 09:28:56 [ERROR] Parameter "key" is NULL!
2023-04-23 09:28:56 [ERROR] In function "allocateAssociativeDynamicTextByKey".
2023-04-23 09:28:56 [ERROR] Starting point was file "AssociativeDynamicTextTests.c" on line 565!
2023-04-23 09:28:56 [ERROR] Parameter "key" is empty!
2023-04-23 09:28:56 [ERROR] In function "allocateAssociativeDynamicTextByKey".
2023-04-23 09:28:56 [ERROR] Starting point was file "AssociativeDynamicTextTests.c" on line 590!
2023-04-23 09:28:56 [ERROR] NULL pointer as return value from function malloc()!
2023-04-23 09:28:56 [ERROR] In function "allocateAssociativeDynamicTextByKey".
2023-04-23 09:28:56 [ERROR] Starting point was file "AssociativeDynamicTextTests.c" on line 619!
2023-04-23 09:28:56 [ERROR] Parameter "element" is NULL!
2023-04-23 09:28:56 [ERROR] In function "setValueInAssociativeDynamicText".
2023-04-23 09:28:56 [ERROR] Starting point was file "AssociativeDynamicTextTests.c" on line 659!
2023-04-23 09:28:56 [ERROR] Pointer "element" is NULL!
2023-04-23 09:28:56 [ERROR] In function "setValueInAssociativeDynamicText".
2023-04-23 09:28:56 [ERROR] Starting point was file "AssociativeDynamicTextTests.c" on line 704!
2023-04-23 09:28:56 [ERROR] Parameter "element" is NULL!
2023-04-23 09:28:56 [ERROR] In function "freeAssociativeDynamicText".
2023-04-23 09:28:56 [ERROR] Starting point was file "AssociativeDynamicTextTests.c" on line 748!
2023-04-23 09:28:56 [ERROR] Double free on Parameter "element"!
2023-04-23 09:28:56 [ERROR] In function "freeAssociativeDynamicText".
2023-04-23 09:28:56 [ERROR] Starting point was file "AssociativeDynamicTextTests.c" on line 794!
2023-04-23 09:28:57 [ERROR] Parameter "key" is NULL!
2023-04-23 09:28:57 [ERROR] In function "allocateAssociativeDynamicTextByKey".
2023-04-23 09:28:57 [ERROR] Starting point was file "AssociativeDynamicTextTests.c" on line 565!
2023-04-23 09:28:57 [ERROR] Parameter "key" is empty!
2023-04-23 09:28:57 [ERROR] In function "allocateAssociativeDynamicTextByKey".
2023-04-23 09:28:57 [ERROR] Starting point was file "AssociativeDynamicTextTests.c" on line 590!
2023-04-23 09:28:57 [ERROR] NULL pointer as return value from function malloc()!
2023-04-23 09:28:57 [ERROR] In function "allocateAssociativeDynamicTextByKey".
2023-04-23 09:28:57 [ERROR] Starting point was file "AssociativeDynamicTextTests.c" on line 619!
2023-04-23 09:28:57 [ERROR] Parameter "element" is NULL!
2023-04-23 09:28:57 [ERROR] In function "setValueInAssociativeDynamicText".
2023-04-23 09:28:57 [ERROR] Starting point was file "AssociativeDynamicTextTests.c" on line 659!
2023-04-23 09:28:57 [ERROR] Pointer "element" is NULL!
2023-04-23 09:28:57 [ERROR] In function "setValueInAssociativeDynamicText".
2023-04-23 09:28:57 [ERROR] Starting point was file "AssociativeDynamicTextTests.c" on line 704!
2023-04-23 09:28:57 [ERROR] Parameter "element" is NULL!
2023-04-23 09:28:57 [ERROR] In function "freeAssociativeDynamicText".
2023-04-23 09:28:57 [ERROR] Starting point was file "AssociativeDynamicTextTests.c" on line 748!
2023-04-23 09:28:57 [ERROR] Double free on Parameter "element"!
2023-04-23 09:28:57 [ERROR] In function "freeAssociativeDynamicText".
2023-04-23 09:28:57 [ERROR] Starting point was file "AssociativeDynamicTextTests.c" on line 794!
2023-04-23 09:28:57 [ERROR] Parameter "key" is NULL!
2023-04-23 09:28:57 [ERROR] In function "allocateAssociativeDynamicTextByKey".
2023-04-23 09:28:57 [ERROR] Starting point was file "AssociativeDynamicTextTests.c" on line 565!
2023-04-23 09:28:57 [ERROR] Parameter "key" is empty!
2023-04-23 09:28:57 [ERROR] In function "allocateAssociativeDynamicTextByKey".
2023-04-23 09:28:57 [ERROR] Starting point was file "AssociativeDynamicTextTests.c" on line 590!
2023-04-23 09:28:57 [ERROR] NULL pointer as return value from function malloc()!
2023-04-23 09:28:57 [ERROR] In function "allocateAssociativeDynamicTextByKey".
2023-04-23 09:28:57 [ERROR] Starting point was file "AssociativeDynamicTextTests.c" on line 619!
2023-04-23 09:28:57 [ERROR] Parameter "element" is NULL!
2023-04-23 09:28:57 [ERROR] In function "setValueInAssociativeDynamicText".
2023-04-23 09:28:57 [ERROR] Starting point was file "AssociativeDynamicTextTests.c" on line 659!
2023-04-23 09:28:57 [ERROR] Pointer "element" is NULL!
2023-04-23 09:28:57 [ERROR] In function "setValueInAssociativeDynamicText".
2023-04-23 09:28:57 [ERROR] Starting point was file "AssociativeDynamicTextTests.c" on line 704!
2023-04-23 09:28:57 [ERROR] Parameter "element" is NULL!
2023-04-23 09:28:57 [ERROR] In function "freeAssociativeDynamicText".
2023-04-23 09:28:57 [ERROR] Starting point was file "AssociativeDynamicTextTests.c" on line 748!
2023-04-23 09:28:57 [ERROR] Double free on Parameter "element"!
2023-04-23 09:28:57 [ERROR] In function "freeAssociativeDynamicText".
2023-04-23 09:28:57 [ERROR] Starting point was file "AssociativeDynamicTextTests.c" on line 794!
2023-04-23 09:29:01 [ERROR] Parameter "element" is NULL!
2023-04-23 09:29:01 [ERROR] In function "setValueInAssociativeDynamicText".
2023-04-23 09:29:01 [ERROR] Starting point was file "AssociativeDynamicTextTests.c" on line 323!
2023-04-23 09:29:02 [ERROR] Parameter "key" is NULL!
2023-04-23 09:29:02 [ERROR] In function "allocateAssociativeDynamicTextByKey".
2023-04-23 09:29:02 [ERROR] Starting point was file "AssociativeDynamicTextTests.c" on line 565!
2023-04-23 09:29:02 [ERROR] Parameter "key" is empty!
2023-04-23 09:29:02 [ERROR] In function "allocateAssociativeDynamicTextByKey".
2023-04-23 09:29:02 [ERROR] Starting point was file "AssociativeDynamicTextTests.c" on line 590!
2023-04-23 09:29:02 [ERROR] NULL pointer as return value from function malloc()!
2023-04-23 09:29:02 [ERROR] In function "allocateAssociativeDynamicTextByKey".
2023-04-23 09:29:02 [ERROR] Starting point was file "AssociativeDynamicTextTests.c" on line 619!
2023-04-23 09:29:02 [ERROR] Parameter "element" is NULL!
2023-04-23 09:29:02 [ERROR] In function "setValueInAssociativeDynamicText".
2023-04-23 09:29:02 [ERROR] Starting point was file "AssociativeDynamicTextTests.c" on line 659!
2023-04-23 09:29:03 [ERROR] Parameter "key" is NULL!
2023-04-23 09:29:03 [ERROR] In function "allocateAssociativeDynamicTextByKey".
2023-04-23 09:29:03 [ERROR] Starting point was file "AssociativeDynamicTextTests.c" on line 565!
2023-04-23 09:29:03 [ERROR] Parameter "key" is empty!
2023-04-23 09:29:03 [ERROR] In function "allocateAssociativeDynamicTextByKey".
2023-04-23 09:29:03 [ERROR] Starting point was file "AssociativeDynamicTextTests.c" on line 590!
2023-04-23 09:29:03 [ERROR] NULL pointer as return value from function malloc()!
2023-04-23 09:29:03 [ERROR] In function "allocateAssociativeDynamicTextByKey".
2023-04-23 09:29:03 [ERROR] Starting point was file "AssociativeDynamicTextTests.c" on line 619!
2023-04-23 09:29:03 [ERROR] Parameter "element" is NULL!
2023-04-23 09:29:03 [ERROR] In function "setValueInAssociativeDynamicText".
2023-04-23 09:29:03 [ERROR] Starting point was file "AssociativeDynamicTextTests.c" on line 659!
2023-04-23 09:29:03 [ERROR] Pointer "element" is NULL!
2023-04-23 09:29:03 [ERROR] In function "setValueInAssociativeDynamicText".
2023-04-23 09:29:03 [ERROR] Starting point was file "AssociativeDynamicTextTests.c" on line 323!
2023-04-23 09:29:04 [ERROR] Parameter "key" is NULL!
2023-04-23 09:29:04 [ERROR] In function "allocateAssociativeDynamicTextByKey".
2023-04-23 09:29:04 [ERROR] Starting point was file "AssociativeDynamicTextTests.c" on line 565!
2023-04-23 09:29:04 [ERROR] Parameter "key" is empty!
2023-04-23 09:29:04 [ERROR] In function "allocateAssociativeDynamicTextByKey".
2023-04-23 09:29:04 [ERROR] Starting point was file "AssociativeDynamicTextTests.c" on line 590!
2023-04-23 09:29:04 [ERROR] NULL pointer as return value from function malloc()!
2023-04-23 09:29:04 [ERROR] In function "allocateAssociativeDynamicTextByKey".
2023-04-23 09:29:04 [ERROR] Starting point was file "AssociativeDynamicTextTests.c" on line 619!
2023-04-23 09:29:04 [ERROR] Parameter "element" is NULL!
2023-04-23 09:29:04 [ERROR] In function "setValueInAssociativeDynamicText".
2023-04-23 09:29:04 [ERROR] Starting point was file "AssociativeDynamicTextTests.c" on line 659!
2023-04-23 09:29:04 [ERROR] Pointer "element" is NULL!
2023-04-23 09:29:04 [ERROR] In function "setValueInAssociativeDynamicText".
2023-04-23 09:29:04 [ERROR] Starting point was file "AssociativeDynamicTextTests.c" on line 704!
2023-04-23 09:29:05 [ERROR] Parameter "key" is NULL!
2023-04-23 09:29:05 [ERROR] In function "allocateAssociativeDynamicTextByKey".
2023-04-23 09:29:05 [ERROR] Starting point was file "AssociativeDynamicTextTests.c" on line 565!
2023-04-23 09:29:05 [ERROR] Parameter "key" is empty!
2023-04-23 09:29:05 [ERROR] In function "allocateAssociativeDynamicTextByKey".
2023-04-23 09:29:05 [ERROR] Starting point was file "AssociativeDynamicTextTests.c" on line 590!
2023-04-23 09:29:05 [ERROR] NULL pointer as return value from function malloc()!
2023-04-23 09:29:05 [ERROR] In function "allocateAssociativeDynamicTextByKey".
2023-04-23 09:29:05 [ERROR] Starting point was file "AssociativeDynamicTextTests.c" on line 619!
2023-04-23 09:29:05 [ERROR] Parameter "element" is NULL!
2023-04-23 09:29:05 [ERROR] In function "setValueInAssociativeDynamicText".
2023-04-23 09:29:05 [ERROR] Starting point was file "AssociativeDynamicTextTests.c" on line 659!
2023-04-23 09:29:05 [ERROR] Pointer "element" is NULL!
2023-04-23 09:29:05 [ERROR] In function "setValueInAssociativeDynamicText".
2023-04-23 09:29:05 [ERROR] Starting point was file "AssociativeDynamicTextTests.c" on line 704!
2023-04-23 09:29:05 [ERROR] Parameter "key" is NULL!
2023-04-23 09:29:05 [ERROR] In function "allocateAssociativeDynamicTextByKey".
2023-04-23 09:29:05 [ERROR] Starting point was file "AssociativeDynamicTextTests.c" on line 565!
2023-04-23 09:29:05 [ERROR] Parameter "key" is empty!
2023-04-23 09:29:05 [ERROR] In function "allocateAssociativeDynamicTextByKey".
2023-04-23 09:29:05 [ERROR] Starting point was file "AssociativeDynamicTextTests.c" on line 590!
2023-04-23 09:29:05 [ERROR] NULL pointer as return value from function malloc()!
2023-04-23 09:29:05 [ERROR] In function "allocateAssociativeDynamicTextByKey".
2023-04-23 09:29:05 [ERROR] Starting point was file "AssociativeDynamicTextTests.c" on line 619!
2023-04-23 09:29:05 [ERROR] Parameter "element" is NULL!
2023-04-23 09:29:05 [ERROR] In function "setValueInAssociativeDynamicText".
2023-04-23 09:29:05 [ERROR] Starting point was file "AssociativeDynamicTextTests.c" on line 659!
2023-04-23 09:29:05 [ERROR] Pointer "element" is NULL!
2023-04-23 09:29:05 [ERROR] In function "setValueInAssociativeDynamicText".
2023-04-23 09:29:05 [ERROR] Starting point was file "AssociativeDynamicTextTests.c" on line 704!
2023-04-30 16:13:46 [ERROR] Parameter "key" is NULL!
2023-04-30 16:13:46 [ERROR] In function "allocateAssociativeDynamicTextByKey".
2023-04-30 16:13:46 [ERROR] Starting point was file "AssociativeDynamicTextTests.c" on line 568!
2023-04-30 16:13:46 [ERROR] Parameter "key" is empty!
2023-04-30 16:13:46 [ERROR] In function "allocateAssociativeDynamicTextByKey".
2023-04-30 16:13:46 [ERROR] Starting point was file "AssociativeDynamicTextTests.c" on line 593!
2023-04-30 16:13:46 [ERROR] NULL pointer as return value from function malloc()!
2023-04-30 16:13:46 [ERROR] In function "allocateAssociativeDynamicTextByKey".
2023-04-30 16:13:46 [ERROR] Starting point was file "AssociativeDynamicTextTests.c" on line 622!
2023-04-30 16:13:46 [ERROR] Parameter "element" is NULL!
2023-04-30 16:13:46 [ERROR] In function "setValueInAssociativeDynamicText".
2023-04-30 16:13:46 [ERROR] Starting point was file "AssociativeDynamicTextTests.c" on line 662!
2023-04-30 16:13:46 [ERROR] Pointer "element" is NULL!
2023-04-30 16:13:46 [ERROR] In function "setValueInAssociativeDynamicText".
2023-04-30 16:13:46 [ERROR] Starting point was file "AssociativeDynamicTextTests.c" on line 707!
2023-04-30 16:13:46 [ERROR] Parameter "element" is NULL!
2023-04-30 16:13:46 [ERROR] In function "freeAssociativeDynamicText".
2023-04-30 16:13:46 [ERROR] Starting point was file "AssociativeDynamicTextTests.c" on line 751!
2023-04-30 16:13:46 [ERROR] Double free on Parameter "element"!
2023-04-30 16:13:46 [ERROR] In function "freeAssociativeDynamicText".
2023-04-30 16:13:46 [ERROR] Starting point was file "AssociativeDynamicTextTests.c" on line 797!
2023-04-30 16:13:51 [ERROR] Parameter "key" is NULL!
2023-04-30 16:13:51 [ERROR] In function "allocateAssociativeDynamicTextByKey".
2023-04-30 16:13:51 [ERROR] Starting point was file "AssociativeDynamicTextTests.c" on line 568!
2023-04-30 16:13:51 [ERROR] Parameter "key" is NULL!
2023-04-30 16:13:51 [ERROR] In function "allocateAssociativeDynamicTextByKey".
2023-04-30 16:13:51 [ERROR] Starting point was file "AssociativeDynamicTextTests.c" on line 568!
2023-04-30 16:13:52 [ERROR] Parameter "key" is NULL!
2023-04-30 16:13:52 [ERROR] In function "allocateAssociativeDynamicTextByKey".
2023-04-30 16:13:52 [ERROR] Starting point was file "AssociativeDynamicTextTests.c" on line 568!
2023-04-30 16:13:52 [ERROR] Parameter "key" is NULL!
2023-04-30 16:13:52 [ERROR] In function "allocateAssociativeDynamicTextByKey".
2023-04-30 16:13:52 [ERROR] Starting point was file "AssociativeDynamicTextTests.c" on line 568!
2023-04-30 16:13:53 [ERROR] Parameter "key" is NULL!
2023-04-30 16:13:53 [ERROR] In function "allocateAssociativeDynamicTextByKey".
2023-04-30 16:13:53 [ERROR] Starting point was file "AssociativeDynamicTextTests.c" on line 568!
2023-04-30 16:13:53 [ERROR] Parameter "key" is empty!
2023-04-30 16:13:53 [ERROR] In function "allocateAssociativeDynamicTextByKey".
2023-04-30 16:13:53 [ERROR] Starting point was file "AssociativeDynamicTextTests.c" on line 593!
2023-04-30 16:13:54 [ERROR] Parameter "key" is NULL!
2023-04-30 16:13:54 [ERROR] In function "allocateAssociativeDynamicTextByKey".
2023-04-30 16:13:54 [ERROR] Starting point was file "AssociativeDynamicTextTests.c" on line 568!
2023-04-30 16:13:54 [ERROR] Parameter "key" is empty!
2023-04-30 16:13:54 [ERROR] In function "allocateAssociativeDynamicTextByKey".
2023-04-30 16:13:54 [ERROR] Starting point was file "AssociativeDynamicTextTests.c" on line 593!
2023-04-30 16:13:54 [ERROR] Parameter "key" is NULL!
2023-04-30 16:13:54 [ERROR] In function "allocateAssociativeDynamicTextByKey".
2023-04-30 16:13:54 [ERROR] Starting point was file "AssociativeDynamicTextTests.c" on line 568!
2023-04-30 16:13:54 [ERROR] Parameter "key" is empty!
2023-04-30 16:13:54 [ERROR] In function "allocateAssociativeDynamicTextByKey".
2023-04-30 16:13:54 [ERROR] Starting point was file "AssociativeDynamicTextTests.c" on line 593!
2023-04-30 16:13:54 [ERROR] NULL pointer as return value from function malloc()!
2023-04-30 16:13:54 [ERROR] In function "allocateAssociativeDynamicTextByKey".
2023-04-30 16:13:54 [ERROR] Starting point was file "AssociativeDynamicTextTests.c" on line 622!
2023-04-30 16:13:54 [ERROR] Parameter "element" is NULL!
2023-04-30 16:13:54 [ERROR] In function "setValueInAssociativeDynamicText".
2023-04-30 16:13:54 [ERROR] Starting point was file "AssociativeDynamicTextTests.c" on line 662!
2023-04-30 16:13:55 [ERROR] Parameter "key" is NULL!
2023-04-30 16:13:55 [ERROR] In function "allocateAssociativeDynamicTextByKey".
2023-04-30 16:13:55 [ERROR] Starting point was file "AssociativeDynamicTextTests.c" on line 568!
2023-04-30 16:13:55 [ERROR] Parameter "key" is empty!
2023-04-30 16:13:55 [ERROR] In function "allocateAssociativeDynamicTextByKey".
2023-04-30 16:13:55 [ERROR] Starting point was file "AssociativeDynamicTextTests.c" on line 593!
2023-04-30 16:13:55 [ERROR] NULL pointer as return value from function malloc()!
2023-04-30 16:13:55 [ERROR] In function "allocateDynamicText".
2023-04-30 16:13:55 [ERROR] Starting point was file "AssociativeDynamicTextTests.c" on line 622!
2023-04-30 16:13:56 [ERROR] Parameter "key" is NULL!
2023-04-30 16:13:56 [ERROR] In function "allocateAssociativeDynamicTextByKey".
2023-04-30 16:13:56 [ERROR] Starting point was file "AssociativeDynamicTextTests.c" on line 568!
2023-04-30 16:13:56 [ERROR] Parameter "key" is empty!
2023-04-30 16:13:56 [ERROR] In function "allocateAssociativeDynamicTextByKey".
2023-04-30 16:13:56 [ERROR] Starting point was file "AssociativeDynamicTextTests.c" on line 593!
2023-04-30 16:13:56 [ERROR] NULL pointer as return value from function malloc()!
2023-04-30 16:13:56 [ERROR] In function "allocateAssociativeDynamicTextByKey".
2023-04-30 16:13:56 [ERROR] Starting point was file "AssociativeDynamicTextTests.c" on line 622!
2023-04-30 16:13:57 [ERROR] Parameter "key" is NULL!
2023-04-30 16:13:57 [ERROR] In function "allocateAssociativeDynamicTextByKey".
2023-04-30 16:13:57 [ERROR] Starting point was file "AssociativeDynamicTextTests.c" on line 568!
2023-04-30 16:13:57 [ERROR] Parameter "key" is empty!
2023-04-30 16:13:57 [ERROR] In function "allocateAssociativeDynamicTextByKey".
2023-04-30 16:13:57 [ERROR] Starting point was file "AssociativeDynamicTextTests.c" on line 593!
2023-04-30 16:13:57 [ERROR] NULL pointer as return value from function malloc()!
2023-04-30 16:13:57 [ERROR] In function "allocateAssociativeDynamicTextByKey".
2023-04-30 16:13:57 [ERROR] Starting point was file "AssociativeDynamicTextTests.c" on line 622!
2023-04-30 16:13:57 [ERROR] Parameter "key" is NULL!
2023-04-30 16:13:57 [ERROR] In function "allocateAssociativeDynamicTextByKey".
2023-04-30 16:13:57 [ERROR] Starting point was file "AssociativeDynamicTextTests.c" on line 568!
2023-04-30 16:13:57 [ERROR] Parameter "key" is empty!
2023-04-30 16:13:57 [ERROR] In function "allocateAssociativeDynamicTextByKey".
2023-04-30 16:13:57 [ERROR] Starting point was file "AssociativeDynamicTextTests.c" on line 593!
2023-04-30 16:13:57 [ERROR] NULL pointer as return value from function malloc()!
2023-04-30 16:13:57 [ERROR] In function "allocateAssociativeDynamicTextByKey".
2023-04-30 16:13:57 [ERROR] Starting point was file "AssociativeDynamicTextTests.c" on line 622!
2023-04-30 16:14:01 [ERROR] Parameter "key" is NULL!
2023-04-30 16:14:01 [ERROR] In function "allocateAssociativeDynamicTextByKey".
2023-04-30 16:14:01 [ERROR] Starting point was file "AssociativeDynamicTextTests.c" on line 568!
2023-04-30 16:14:01 [ERROR] Parameter "key" is empty!
2023-04-30 16:14:01 [ERROR] In function "allocateAssociativeDynamicTextByKey".
2023-04-30 16:14:01 [ERROR] Starting point was file "AssociativeDynamicTextTests.c" on line 593!
2023-04-30 16:14:01 [ERROR] NULL pointer as return value from function malloc()!
2023-04-30 16:14:01 [ERROR] In function "allocateAssociativeDynamicTextByKey".
2023-04-30 16:14:01 [ERROR] Starting point was file "AssociativeDynamicTextTests.c" on line 622!
2023-04-30 16:14:02 [ERROR] Parameter "key" is NULL!
2023-04-30 16:14:02 [ERROR] In function "allocateAssociativeDynamicTextByKey".
2023-04-30 16:14:02 [ERROR] Starting point was file "AssociativeDynamicTextTests.c" on line 568!
2023-04-30 16:14:02 [ERROR] Parameter "key" is empty!
2023-04-30 16:14:02 [ERROR] In function "allocateAssociativeDynamicTextByKey".
2023-04-30 16:14:02 [ERROR] Starting point was file "AssociativeDynamicTextTests.c" on line 593!
2023-04-30 16:14:02 [ERROR] NULL pointer as return value from function malloc()!
2023-04-30 16:14:02 [ERROR] In function "allocateAssociativeDynamicTextByKey".
2023-04-30 16:14:02 [ERROR] Starting point was file "AssociativeDynamicTextTests.c" on line 622!
2023-04-30 16:14:02 [ERROR] Parameter "element" is NULL!
2023-04-30 16:14:02 [ERROR] In function "setValueInAssociativeDynamicText".
2023-04-30 16:14:02 [ERROR] Starting point was file "AssociativeDynamicTextTests.c" on line 662!
2023-04-30 16:14:02 [ERROR] Parameter "element" is NULL!
2023-04-30 16:14:02 [ERROR] In function "freeAssociativeDynamicText".
2023-04-30 16:14:02 [ERROR] Starting point was file "AssociativeDynamicTextTests.c" on line 670!
2023-04-30 16:14:03 [ERROR] Parameter "key" is NULL!
2023-04-30 16:14:03 [ERROR] In function "allocateAssociativeDynamicTextByKey".
2023-04-30 16:14:03 [ERROR] Starting point was file "AssociativeDynamicTextTests.c" on line 568!
2023-04-30 16:14:03 [ERROR] Parameter "key" is empty!
2023-04-30 16:14:03 [ERROR] In function "allocateAssociativeDynamicTextByKey".
2023-04-30 16:14:03 [ERROR] Starting point was file "AssociativeDynamicTextTests.c" on line 593!
2023-04-30 16:14:03 [ERROR] NULL pointer as return value from function malloc()!
2023-04-30 16:14:03 [ERROR] In function "allocateAssociativeDynamicTextByKey".
2023-04-30 16:14:03 [ERROR] Starting point was file "AssociativeDynamicTextTests.c" on line 622!
2023-04-30 16:14:03 [ERROR] Parameter "element" is NULL!
2023-04-30 16:14:03 [ERROR] In function "setValueInAssociativeDynamicText".
2023-04-30 16:14:03 [ERROR] Starting point was file "AssociativeDynamicTextTests.c" on line 662!
2023-04-30 16:14:03 [ERROR] Pointer "element" is NULL!
2023-04-30 16:14:03 [ERROR] In function "setValueInAssociativeDynamicText".
2023-04-30 16:14:03 [ERROR] Starting point was file "AssociativeDynamicTextTests.c" on line 707!
2023-04-30 16:14:03 [ERROR] Parameter "element" is NULL!
2023-04-30 16:14:03 [ERROR] In function "freeAssociativeDynamicText".
2023-04-30 16:14:03 [ERROR] Starting point was file "AssociativeDynamicTextTests.c" on line 751!
2023-04-30 16:14:03 [ERROR] Parameter "key" is NULL!
2023-04-30 16:14:03 [ERROR] In function "allocateAssociativeDynamicTextByKey".
2023-04-30 16:14:03 [ERROR] Starting point was file "AssociativeDynamicTextTests.c" on line 568!
2023-04-30 16:14:03 [ERROR] Parameter "key" is empty!
2023-04-30 16:14:03 [ERROR] In function "allocateAssociativeDynamicTextByKey".
2023-04-30 16:14:03 [ERROR] Starting point was file "AssociativeDynamicTextTests.c" on line 593!
2023-04-30 16:14:03 [ERROR] NULL pointer as return value from function malloc()!
2023-04-30 16:14:03 [ERROR] In function "allocateAssociativeDynamicTextByKey".
2023-04-30 16:14:03 [ERROR] Starting point was file "AssociativeDynamicTextTests.c" on line 622!
2023-04-30 16:14:03 [ERROR] Parameter "element" is NULL!
2023-04-30 16:14:03 [ERROR] In function "setValueInAssociativeDynamicText".
2023-04-30 16:14:03 [ERROR] Starting point was file "AssociativeDynamicTextTests.c" on line 662!
2023-04-30 16:14:03 [ERROR] Pointer "element" is NULL!
2023-04-30 16:14:03 [ERROR] In function "setValueInAssociativeDynamicText".
2023-04-30 16:14:03 [ERROR] Starting point was file "AssociativeDynamicTextTests.c" on line 707!
2023-04-30 16:14:03 [ERROR] Parameter "element" is NULL!
2023-04-30 16:14:03 [ERROR] In function "freeAssociativeDynamicText".
2023-04-30 16:14:03 [ERROR] Starting point was file "AssociativeDynamicTextTests.c" on line 751!
2023-04-30 16:14:04 [ERROR] Parameter "key" is NULL!
2023-04-30 16:14:04 [ERROR] In function "allocateAssociativeDynamicTextByKey".
2023-04-30 16:14:04 [ERROR] Starting point was file "AssociativeDynamicTextTests.c" on line 568!
2023-04-30 16:14:04 [ERROR] Parameter "key" is empty!
2023-04-30 16:14:04 [ERROR] In function "allocateAssociativeDynamicTextByKey".
2023-04-30 16:14:04 [ERROR] Starting point was file "AssociativeDynamicTextTests.c" on line 593!
2023-04-30 16:14:04 [ERROR] NULL pointer as return value from function malloc()!
2023-04-30 16:14:04 [ERROR] In function "allocateAssociativeDynamicTextByKey".
2023-04-30 16:14:04 [ERROR] Starting point was file "AssociativeDynamicTextTests.c" on line 622!
2023-04-30 16:14:04 [ERROR] Parameter "element" is NULL!
2023-04-30 16:14:04 [ERROR] In function "setValueInAssociativeDynamicText".
2023-04-30 16:14:04 [ERROR] Starting point was file "AssociativeDynamicTextTests.c" on line 662!
2023-04-30 16:14:04 [ERROR] Double free on Parameter "element"!
2023-04-30 16:14:04 [ERROR] In function "freeAssociativeDynamicText".
2023-04-30 16:14:04 [ERROR] Starting point was file "AssociativeDynamicTextTests.c" on line 670!
2023-04-30 16:14:05 [ERROR] Parameter "key" is NULL!
2023-04-30 16:14:05 [ERROR] In function "allocateAssociativeDynamicTextByKey".
2023-04-30 16:14:05 [ERROR] Starting point was file "AssociativeDynamicTextTests.c" on line 568!
2023-04-30 16:14:05 [ERROR] Parameter "key" is empty!
2023-04-30 16:14:05 [ERROR] In function "allocateAssociativeDynamicTextByKey".
2023-04-30 16:14:05 [ERROR] Starting point was file "AssociativeDynamicTextTests.c" on line 593!
2023-04-30 16:14:05 [ERROR] NULL pointer as return value from function malloc()!
2023-04-30 16:14:05 [ERROR] In function "allocateAssociativeDynamicTextByKey".
2023-04-30 16:14:05 [ERROR] Starting point was file "AssociativeDynamicTextTests.c" on line 622!
2023-04-30 16:14:05 [ERROR] Parameter "element" is NULL!
2023-04-30 16:14:05 [ERROR] In function "setValueInAssociativeDynamicText".
2023-04-30 16:14:05 [ERROR] Starting point was file "AssociativeDynamicTextTests.c" on line 662!
2023-04-30 16:14:05 [ERROR] Pointer "element" is NULL!
2023-04-30 16:14:05 [ERROR] In function "setValueInAssociativeDynamicText".
2023-04-30 16:14:05 [ERROR] Starting point was file "AssociativeDynamicTextTests.c" on line 707!
2023-04-30 16:14:05 [ERROR] Parameter "element" is NULL!
2023-04-30 16:14:05 [ERROR] In function "freeAssociativeDynamicText".
2023-04-30 16:14:05 [ERROR] Starting point was file "AssociativeDynamicTextTests.c" on line 751!
2023-04-30 16:14:05 [ERROR] Double free on Parameter "element"!
2023-04-30 16:14:05 [ERROR] In function "freeAssociativeDynamicText".
2023-04-30 16:14:05 [ERROR] Starting point was file "AssociativeDynamicTextTests.c" on line 797!
2023-04-30 16:14:06 [ERROR] Parameter "key" is NULL!
2023-04-30 16:14:06 [ERROR] In function "allocateAssociativeDynamicTextByKey".
2023-04-30 16:14:06 [ERROR] Starting point was file "AssociativeDynamicTextTests.c" on line 568!
2023-04-30 16:14:06 [ERROR] Parameter "key" is empty!
2023-04-30 16:14:06 [ERROR] In function "allocateAssociativeDynamicTextByKey".
2023-04-30 16:14:06 [ERROR] Starting point was file "AssociativeDynamicTextTests.c" on line 593!
2023-04-30 16:14:06 [ERROR] NULL pointer as return value from function malloc()!
2023-04-30 16:14:06 [ERROR] In function "allocateAssociativeDynamicTextByKey".
2023-04-30 16:14:06 [ERROR] Starting point was file "AssociativeDynamicTextTests.c" on line 622!
2023-04-30 16:14:06 [ERROR] Parameter "element" is NULL!
2023-04-30 16:14:06 [ERROR] In function "setValueInAssociativeDynamicText".
2023-04-30 16:14:06 [ERROR] Starting point was file "AssociativeDynamicTextTests.c" on line 662!
2023-04-30 16:14:06 [ERROR] Pointer "element" is NULL!
2023-04-30 16:14:06 [ERROR] In function "setValueInAssociativeDynamicText".
2023-04-30 16:14:06 [ERROR] Starting point was file "AssociativeDynamicTextTests.c" on line 707!
2023-04-30 16:14:06 [ERROR] Parameter "element" is NULL!
2023-04-30 16:14:06 [ERROR] In function "freeAssociativeDynamicText".
2023-04-30 16:14:06 [ERROR] Starting point was file "AssociativeDynamicTextTests.c" on line 751!
2023-04-30 16:14:06 [ERROR] Double free on Parameter "element"!
2023-04-30 16:14:06 [ERROR] In function "freeAssociativeDynamicText".
2023-04-30 16:14:06 [ERROR] Starting point was file "AssociativeDynamicTextTests.c" on line 797!
2023-04-30 16:14:06 [ERROR] Parameter "key" is NULL!
2023-04-30 16:14:06 [ERROR] In function "allocateAssociativeDynamicTextByKey".
2023-04-30 16:14:06 [ERROR] Starting point was file "AssociativeDynamicTextTests.c" on line 568!
2023-04-30 16:14:06 [ERROR] Parameter "key" is empty!
2023-04-30 16:14:06 [ERROR] In function "allocateAssociativeDynamicTextByKey".
2023-04-30 16:14:06 [ERROR] Starting point was file "AssociativeDynamicTextTests.c" on line 593!
2023-04-30 16:14:06 [ERROR] NULL pointer as return value from function malloc()!
2023-04-30 16:14:06 [ERROR] In function "allocateAssociativeDynamicTextByKey".
2023-04-30 16:14:06 [ERROR] Starting point was file "AssociativeDynamicTextTests.c" on line 622!
2023-04-30 16:14:06 [ERROR] Parameter "element" is NULL!
2023-04-30 16:14:06 [ERROR] In function "setValueInAssociativeDynamicText".
2023-04-30 16:14:06 [ERROR] Starting point was file "AssociativeDynamicTextTests.c" on line 662!
2023-04-30 16:14:06 [ERROR] Pointer "element" is NULL!
2023-04-30 16:14:06 [ERROR] In function "setValueInAssociativeDynamicText".
2023-04-30 16:14:06 [ERROR] Starting point was file "AssociativeDynamicTextTests.c" on line 707!
2023-04-30 16:14:06 [ERROR] Parameter "element" is NULL!
2023-04-30 16:14:06 [ERROR] In function "freeAssociativeDynamicText".
2023-04-30 16:14:06 [ERROR] Starting point was file "AssociativeDynamicTextTests.c" on line 751!
2023-04-30 16:14:06 [ERROR] Double free on Parameter "element"!
2023-04-30 16:14:06 [ERROR] In function "freeAssociativeDynamicText".
2023-04-30 16:14:06 [ERROR] Starting point was file "AssociativeDynamicTextTests.c" on line 797!
2023-04-30 16:14:09 [ERROR] Parameter "key" is NULL!
2023-04-30 16:14:09 [ERROR] In function "allocateAssociativeDynamicTextByKey".
2023-04-30 16:14:09 [ERROR] Starting point was file "AssociativeDynamicTextTests.c" on line 568!
2023-04-30 16:14:09 [ERROR] Parameter "key" is empty!
2023-04-30 16:14:09 [ERROR] In function "allocateAssociativeDynamicTextByKey".
2023-04-30 16:14:09 [ERROR] Starting point was file "AssociativeDynamicTextTests.c" on line 593!
2023-04-30 16:14:09 [ERROR] NULL pointer as return value from function malloc()!
2023-04-30 16:14:09 [ERROR] In function "allocateAssociativeDynamicTextByKey".
2023-04-30 16:14:09 [ERROR] Starting point was file "AssociativeDynamicTextTests.c" on line 622!
2023-04-30 16:14:09 [ERROR] Parameter "element" is NULL!
2023-04-30 16:14:09 [ERROR] In function "setValueInAssociativeDynamicText".
2023-04-30 16:14:09 [ERROR] Starting point was file "AssociativeDynamicTextTests.c" on line 662!
2023-04-30 16:14:10 [ERROR] Parameter "key" is NULL!
2023-04-30 16:14:10 [ERROR] In function "allocateAssociativeDynamicTextByKey".
2023-04-30 16:14:10 [ERROR] Starting point was file "AssociativeDynamicTextTests.c" on line 568!
2023-04-30 16:14:10 [ERROR] Parameter "key" is empty!
2023-04-30 16:14:10 [ERROR] In function "allocateAssociativeDynamicTextByKey".
2023-04-30 16:14:10 [ERROR] Starting point was file "AssociativeDynamicTextTests.c" on line 593!
2023-04-30 16:14:10 [ERROR] NULL pointer as return value from function malloc()!
2023-04-30 16:14:10 [ERROR] In function "allocateAssociativeDynamicTextByKey".
2023-04-30 16:14:10 [ERROR] Starting point was file "AssociativeDynamicTextTests.c" on line 622!
2023-04-30 16:14:11 [ERROR] Parameter "key" is NULL!
2023-04-30 16:14:11 [ERROR] In function "allocateAssociativeDynamicTextByKey".
2023-04-30 16:14:11 [ERROR] Starting point was file "AssociativeDynamicTextTests.c" on line 568!
2023-04-30 16:14:11 [ERROR] Parameter "key" is empty!
2023-04-30 16:14:11 [ERROR] In function "allocateAssociativeDynamicTextByKey".
2023-04-30 16:14:11 [ERROR] Starting point was file "AssociativeDynamicTextTests.c" on line 593!
2023-04-30 16:14:11 [ERROR] NULL pointer as return value from function malloc()!
2023-04-30 16:14:11 [ERROR] In function "allocateAssociativeDynamicTextByKey".
2023-04-30 16:14:11 [ERROR] Starting point was file "AssociativeDynamicTextTests.c" on line 622!
2023-04-30 16:14:11 [ERROR] Parameter "element" is NULL!
2023-04-30 16:14:11 [ERROR] In function "setValueInAssociativeDynamicText".
2023-04-30 16:14:11 [ERROR] Starting point was file "AssociativeDynamicTextTests.c" on line 662!
2023-04-30 16:14:12 [ERROR] Parameter "key" is NULL!
2023-04-30 16:14:12 [ERROR] In function "allocateAssociativeDynamicTextByKey".
2023-04-30 16:14:12 [ERROR] Starting point was file "AssociativeDynamicTextTests.c" on line 568!
2023-04-30 16:14:12 [ERROR] Parameter "key" is empty!
2023-04-30 16:14:12 [ERROR] In function "allocateAssociativeDynamicTextByKey".
2023-04-30 16:14:12 [ERROR] Starting point was file "AssociativeDynamicTextTests.c" on line 593!
2023-04-30 16:14:12 [ERROR] NULL pointer as return value from function malloc()!
2023-04-30 16:14:12 [ERROR] In function "allocateAssociativeDynamicTextByKey".
2023-04-30 16:14:12 [ERROR] Starting point was file "AssociativeDynamicTextTests.c" on line 622!
2023-04-30 16:14:12 [ERROR] Parameter "element" is NULL!
2023-04-30 16:14:12 [ERROR] In function "setValueInAssociativeDynamicText".
2023-04-30 16:14:12 [ERROR] Starting point was file "AssociativeDynamicTextTests.c" on line 662!
2023-04-30 16:14:12 [ERROR] Parameter "key" is NULL!
2023-04-30 16:14:12 [ERROR] In function "allocateAssociativeDynamicTextByKey".
2023-04-30 16:14:12 [ERROR] Starting point was file "AssociativeDynamicTextTests.c" on line 568!
2023-04-30 16:14:12 [ERROR] Parameter "key" is empty!
2023-04-30 16:14:12 [ERROR] In function "allocateAssociativeDynamicTextByKey".
2023-04-30 16:14:12 [ERROR] Starting point was file "AssociativeDynamicTextTests.c" on line 593!
2023-04-30 16:14:12 [ERROR] NULL pointer as return value from function malloc()!
2023-04-30 16:14:12 [ERROR] In function "allocateAssociativeDynamicTextByKey".
2023-04-30 16:14:12 [ERROR] Starting point was file "AssociativeDynamicTextTests.c" on line 622!
2023-04-30 16:14:12 [ERROR] Parameter "element" is NULL!
2023-04-30 16:14:12 [ERROR] In function "setValueInAssociativeDynamicText".
2023-04-30 16:14:12 [ERROR] Starting point was file "AssociativeDynamicTextTests.c" on line 662!
2023-04-30 16:14:14 [ERROR] Parameter "key" is NULL!
2023-04-30 16:14:14 [ERROR] In function "allocateAssociativeDynamicTextByKey".
2023-04-30 16:14:14 [ERROR] Starting point was file "AssociativeDynamicTextTests.c" on line 568!
2023-04-30 16:14:14 [ERROR] Parameter "key" is empty!
2023-04-30 16:14:14 [ERROR] In function "allocateAssociativeDynamicTextByKey".
2023-04-30 16:14:14 [ERROR] Starting point was file "AssociativeDynamicTextTests.c" on line 593!
2023-04-30 16:14:14 [ERROR] NULL pointer as return value from function malloc()!
2023-04-30 16:14:14 [ERROR] In function "allocateAssociativeDynamicTextByKey".
2023-04-30 16:14:14 [ERROR] Starting point was file "AssociativeDynamicTextTests.c" on line 622!
2023-04-30 16:14:14 [ERROR] Parameter "element" is NULL!
2023-04-30 16:14:14 [ERROR] In function "setValueInAssociativeDynamicText".
2023-04-30 16:14:14 [ERROR] Starting point was file "AssociativeDynamicTextTests.c" on line 662!
2023-04-30 16:14:14 [ERROR] Pointer "element" is NULL!
2023-04-30 16:14:14 [ERROR] In function "setValueInAssociativeDynamicText".
2023-04-30 16:14:14 [ERROR] Starting point was file "AssociativeDynamicTextTests.c" on line 707!
2023-04-30 16:14:14 [ERROR] Parameter "key" is NULL!
2023-04-30 16:14:14 [ERROR] In function "allocateAssociativeDynamicTextByKey".
2023-04-30 16:14:14 [ERROR] Starting point was file "AssociativeDynamicTextTests.c" on line 568!
2023-04-30 16:14:14 [ERROR] Parameter "key" is empty!
2023-04-30 16:14:14 [ERROR] In function "allocateAssociativeDynamicTextByKey".
2023-04-30 16:14:14 [ERROR] Starting point was file "AssociativeDynamicTextTests.c" on line 593!
2023-04-30 16:14:14 [ERROR] NULL pointer as return value from function malloc()!
2023-04-30 16:14:14 [ERROR] In function "allocateAssociativeDynamicTextByKey".
2023-04-30 16:14:14 [ERROR] Starting point was file "AssociativeDynamicTextTests.c" on line 622!
2023-04-30 16:14:14 [ERROR] Parameter "element" is NULL!
2023-04-30 16:14:14 [ERROR] In function "setValueInAssociativeDynamicText".
2023-04-30 16:14:14 [ERROR] Starting point was file "AssociativeDynamicTextTests.c" on line 662!
2023-04-30 16:14:14 [ERROR] Pointer "element" is NULL!
2023-04-30 16:14:14 [ERROR] In function "setValueInAssociativeDynamicText".
2023-04-30 16:14:14 [ERROR] Starting point was file "AssociativeDynamicTextTests.c" on line 707!
2023-04-30 16:14:15 [ERROR] Parameter "key" is NULL!
2023-04-30 16:14:15 [ERROR] In function "allocateAssociativeDynamicTextByKey".
2023-04-30 16:14:15 [ERROR] Starting point was file "AssociativeDynamicTextTests.c" on line 568!
2023-04-30 16:14:15 [ERROR] Parameter "key" is empty!
2023-04-30 16:14:15 [ERROR] In function "allocateAssociativeDynamicTextByKey".
2023-04-30 16:14:15 [ERROR] Starting point was file "AssociativeDynamicTextTests.c" on line 593!
2023-04-30 16:14:15 [ERROR] NULL pointer as return value from function malloc()!
2023-04-30 16:14:15 [ERROR] In function "allocateAssociativeDynamicTextByKey".
2023-04-30 16:14:15 [ERROR] Starting point was file "AssociativeDynamicTextTests.c" on line 622!
2023-04-30 16:14:15 [ERROR] Parameter "element" is NULL!
2023-04-30 16:14:15 [ERROR] In function "setValueInAssociativeDynamicText".
2023-04-30 16:14:15 [ERROR] Starting point was file "AssociativeDynamicTextTests.c" on line 662!
2023-04-30 16:14:15 [ERROR] Pointer "element" is NULL!
2023-04-30 16:14:15 [ERROR] In function "setValueInAssociativeDynamicText".
2023-04-30 16:14:15 [ERROR] Starting point was file "AssociativeDynamicTextTests.c" on line 707!
2023-04-30 16:14:16 [ERROR] Parameter "key" is NULL!
2023-04-30 16:14:16 [ERROR] In function "allocateAssociativeDynamicTextByKey".
2023-04-30 16:14:16 [ERROR] Starting point was file "AssociativeDynamicTextTests.c" on line 568!
2023-04-30 16:14:16 [ERROR] Parameter "key" is empty!
2023-04-30 16:14:16 [ERROR] In function "allocateAssociativeDynamicTextByKey".
2023-04-30 16:14:16 [ERROR] Starting point was file "AssociativeDynamicTextTests.c" on line 593!
2023-04-30 16:14:16 [ERROR] NULL pointer as return value from function malloc()!
2023-04-30 16:14:16 [ERROR] In function "allocateAssociativeDynamicTextByKey".
2023-04-30 16:14:16 [ERROR] Starting point was file "AssociativeDynamicTextTests.c" on line 622!
2023-04-30 16:14:16 [ERROR] Parameter "element" is NULL!
2023-04-30 16:14:16 [ERROR] In function "setValueInAssociativeDynamicText".
2023-04-30 16:14:16 [ERROR] Starting point was file "AssociativeDynamicTextTests.c" on line 662!
2023-04-30 16:14:16 [ERROR] Pointer "element" is NULL!
2023-04-30 16:14:16 [ERROR] In function "setValueInAssociativeDynamicText".
2023-04-30 16:14:16 [ERROR] Starting point was file "AssociativeDynamicTextTests.c" on line 707!
2023-04-30 16:14:16 [ERROR] Parameter "element" is NULL!
2023-04-30 16:14:16 [ERROR] In function "freeAssociativeDynamicText".
2023-04-30 16:14:16 [ERROR] Starting point was file "AssociativeDynamicTextTests.c" on line 751!
2023-04-30 16:14:16 [ERROR] Double free on Parameter "element"!
2023-04-30 16:14:16 [ERROR] In function "freeAssociativeDynamicText".
2023-04-30 16:14:16 [ERROR] Starting point was file "AssociativeDynamicTextTests.c" on line 797!
2023-04-30 16:23:33 [ERROR] Parameter "key" is NULL!
2023-04-30 16:23:33 [ERROR] In function "allocateAssociativeDynamicTextByKey".
2023-04-30 16:23:33 [ERROR] Starting point was file "AssociativeDynamicTextTests.c" on line 568!
2023-04-30 16:23:33 [ERROR] Parameter "key" is empty!
2023-04-30 16:23:33 [ERROR] In function "allocateAssociativeDynamicTextByKey".
2023-04-30 16:23:33 [ERROR] Starting point was file "AssociativeDynamicTextTests.c" on line 593!
2023-04-30 16:23:33 [ERROR] NULL pointer as return value from function malloc()!
2023-04-30 16:23:33 [ERROR] In function "allocateAssociativeDynamicTextByKey".
2023-04-30 16:23:33 [ERROR] Starting point was file "AssociativeDynamicTextTests.c" on line 622!
2023-04-30 16:23:33 [ERROR] Parameter "element" is NULL!
2023-04-30 16:23:33 [ERROR] In function "setValueInAssociativeDynamicText".
2023-04-30 16:23:33 [ERROR] Starting point was file "AssociativeDynamicTextTests.c" on line 662!
2023-04-30 16:23:33 [ERROR] Pointer "element" is NULL!
2023-04-30 16:23:33 [ERROR] In function "setValueInAssociativeDynamicText".
2023-04-30 16:23:33 [ERROR] Starting point was file "AssociativeDynamicTextTests.c" on line 707!
2023-04-30 16:23:33 [ERROR] Parameter "element" is NULL!
2023-04-30 16:23:33 [ERROR] In function "freeAssociativeDynamicText".
2023-04-30 16:23:33 [ERROR] Starting point was file "AssociativeDynamicTextTests.c" on line 751!
2023-04-30 16:23:33 [ERROR] Double free on Parameter "element"!
2023-04-30 16:23:33 [ERROR] In function "freeAssociativeDynamicText".
2023-04-30 16:23:33 [ERROR] Starting point was file "AssociativeDynamicTextTests.c" on line 797!
2023-04-30 16:23:36 [ERROR] Parameter "key" is NULL!
2023-04-30 16:23:36 [ERROR] In function "allocateAssociativeDynamicTextByKey".
2023-04-30 16:23:36 [ERROR] Starting point was file "AssociativeDynamicTextTests.c" on line 148!
2023-04-30 16:23:37 [ERROR] Parameter "key" is NULL!
2023-04-30 16:23:37 [ERROR] In function "allocateAssociativeDynamicTextByKey".
2023-04-30 16:23:37 [ERROR] Starting point was file "AssociativeDynamicTextTests.c" on line 568!
2023-04-30 16:23:38 [ERROR] Parameter "key" is NULL!
2023-04-30 16:23:38 [ERROR] In function "allocateAssociativeDynamicTextByKey".
2023-04-30 16:23:38 [ERROR] Starting point was file "AssociativeDynamicTextTests.c" on line 568!
2023-04-30 16:23:39 [ERROR] Parameter "key" is empty!
2023-04-30 16:23:39 [ERROR] In function "allocateAssociativeDynamicTextByKey".
2023-04-30 16:23:39 [ERROR] Starting point was file "AssociativeDynamicTextTests.c" on line 148!
2023-04-30 16:23:39 [ERROR] Parameter "key" is NULL!
2023-04-30 16:23:39 [ERROR] In function "allocateAssociativeDynamicTextByKey".
2023-04-30 16:23:39 [ERROR] Starting point was file "AssociativeDynamicTextTests.c" on line 568!
2023-04-30 16:23:40 [ERROR] Parameter "key" is NULL!
2023-04-30 16:23:40 [ERROR] In function "allocateAssociativeDynamicTextByKey".
2023-04-30 16:23:40 [ERROR] Starting point was file "AssociativeDynamicTextTests.c" on line 568!
2023-04-30 16:23:40 [ERROR] Parameter "key" is empty!
2023-04-30 16:23:40 [ERROR] In function "allocateAssociativeDynamicTextByKey".
2023-04-30 16:23:40 [ERROR] Starting point was file "AssociativeDynamicTextTests.c" on line 593!
2023-04-30 16:23:41 [ERROR] Parameter "key" is NULL!
2023-04-30 16:23:41 [ERROR] In function "allocateAssociativeDynamicTextByKey".
2023-04-30 16:23:41 [ERROR] Starting point was file "AssociativeDynamicTextTests.c" on line 568!
2023-04-30 16:23:41 [ERROR] Parameter "key" is empty!
2023-04-30 16:23:41 [ERROR] In function "allocateAssociativeDynamicTextByKey".
2023-04-30 16:23:41 [ERROR] Starting point was file "AssociativeDynamicTextTests.c" on line 593!
2023-04-30 16:23:42 [ERROR] NULL pointer as return value from function malloc()!
2023-04-30 16:23:42 [ERROR] In function "allocateAssociativeDynamicTextByKey".
2023-04-30 16:23:42 [ERROR] Starting point was file "AssociativeDynamicTextTests.c" on line 148!
2023-04-30 16:23:43 [ERROR] Parameter "key" is NULL!
2023-04-30 16:23:43 [ERROR] In function "allocateAssociativeDynamicTextByKey".
2023-04-30 16:23:43 [ERROR] Starting point was file "AssociativeDynamicTextTests.c" on line 568!
2023-04-30 16:23:43 [ERROR] Parameter "key" is empty!
2023-04-30 16:23:43 [ERROR] In function "allocateAssociativeDynamicTextByKey".
2023-04-30 16:23:43 [ERROR] Starting point was file "AssociativeDynamicTextTests.c" on line 593!
2023-04-30 16:23:43 [ERROR] NULL pointer as return value from function malloc()!
2023-04-30 16:23:43 [ERROR] In function "allocateAssociativeDynamicTextByKey".
2023-04-30 16:23:43 [ERROR] Starting point was file "AssociativeDynamicTextTests.c" on line 622!
2023-04-30 16:23:44 [ERROR] Parameter "key" is NULL!
2023-04-30 16:23:44 [ERROR] In function "allocateAssociativeDynamicTextByKey".
2023-04-30 16:23:44 [ERROR] Starting point was file "AssociativeDynamicTextTests.c" on line 568!
2023-04-30 16:23:44 [ERROR] Parameter "key" is empty!
2023-04-30 16:23:44 [ERROR] In function "allocateAssociativeDynamicTextByKey".
2023-04-30 16:23:44 [ERROR] Starting point was file "AssociativeDynamicTextTests.c" on line 593!
2023-04-30 16:23:44 [ERROR] NULL pointer as return value from function malloc()!
2023-04-30 16:23:44 [ERROR] In function "allocateAssociativeDynamicTextByKey".
2023-04-30 16:23:44 [ERROR] Starting point was file "AssociativeDynamicTextTests.c" on line 622!
2023-04-30 16:23:44 [ERROR] Parameter "key" is NULL!
2023-04-30 16:23:44 [ERROR] In function "allocateAssociativeDynamicTextByKey".
2023-04-30 16:23:44 [ERROR] Starting point was file "AssociativeDynamicTextTests.c" on line 568!
2023-04-30 16:23:44 [ERROR] Parameter "key" is empty!
2023-04-30 16:23:44 [ERROR] In function "allocateAssociativeDynamicTextByKey".
2023-04-30 16:23:44 [ERROR] Starting point was file "AssociativeDynamicTextTests.c" on line 593!
2023-04-30 16:23:44 [ERROR] NULL pointer as return value from function malloc()!
2023-04-30 16:23:44 [ERROR] In function "allocateAssociativeDynamicTextByKey".
2023-04-30 16:23:44 [ERROR] Starting point was file "AssociativeDynamicTextTests.c" on line 622!
2023-04-30 16:23:49 [ERROR] Parameter "element" is NULL!
2023-04-30 16:23:49 [ERROR] In function "freeAssociativeDynamicText".
2023-04-30 16:23:49 [ERROR] Starting point was file "AssociativeDynamicTextTests.c" on line 177!
2023-04-30 16:23:50 [ERROR] Parameter "key" is NULL!
2023-04-30 16:23:50 [ERROR] In function "allocateAssociativeDynamicTextByKey".
2023-04-30 16:23:50 [ERROR] Starting point was file "AssociativeDynamicTextTests.c" on line 568!
2023-04-30 16:23:50 [ERROR] Parameter "key" is empty!
2023-04-30 16:23:50 [ERROR] In function "allocateAssociativeDynamicTextByKey".
2023-04-30 16:23:50 [ERROR] Starting point was file "AssociativeDynamicTextTests.c" on line 593!
2023-04-30 16:23:50 [ERROR] NULL pointer as return value from function malloc()!
2023-04-30 16:23:50 [ERROR] In function "allocateAssociativeDynamicTextByKey".
2023-04-30 16:23:50 [ERROR] Starting point was file "AssociativeDynamicTextTests.c" on line 622!
2023-04-30 16:23:50 [ERROR] Parameter "element" is NULL!
2023-04-30 16:23:50 [ERROR] In function "setValueInAssociativeDynamicText".
2023-04-30 16:23:50 [ERROR] Starting point was file "AssociativeDynamicTextTests.c" on line 662!
2023-04-30 16:23:50 [ERROR] Pointer "element" is NULL!
2023-04-30 16:23:50 [ERROR] In function "setValueInAssociativeDynamicText".
2023-04-30 16:23:50 [ERROR] Starting point was file "AssociativeDynamicTextTests.c" on line 707!
2023-04-30 16:23:50 [ERROR] Parameter "element" is NULL!
2023-04-30 16:23:50 [ERROR] In function "freeAssociativeDynamicText".
2023-04-30 16:23:50 [ERROR] Starting point was file "AssociativeDynamicTextTests.c" on line 751!
2023-04-30 16:23:50 [ERROR] Parameter "key" is NULL!
2023-04-30 16:23:50 [ERROR] In function "allocateAssociativeDynamicTextByKey".
2023-04-30 16:23:50 [ERROR] Starting point was file "AssociativeDynamicTextTests.c" on line 568!
2023-04-30 16:23:50 [ERROR] Parameter "key" is empty!
2023-04-30 16:23:50 [ERROR] In function "allocateAssociativeDynamicTextByKey".
2023-04-30 16:23:50 [ERROR] Starting point was file "AssociativeDynamicTextTests.c" on line 593!
2023-04-30 16:23:50 [ERROR] NULL pointer as return value from function malloc()!
2023-04-30 16:23:50 [ERROR] In function "allocateAssociativeDynamicTextByKey".
2023-04-30 16:23:50 [ERROR] Starting point was file "AssociativeDynamicTextTests.c" on line 622!
2023-04-30 16:23:50 [ERROR] Parameter "element" is NULL!
2023-04-30 16:23:50 [ERROR] In function "setValueInAssociativeDynamicText".
2023-04-30 16:23:50 [ERROR] Starting point was file "AssociativeDynamicTextTests.c" on line 662!
2023-04-30 16:23:50 [ERROR] Pointer "element" is NULL!
2023-04-30 16:23:50 [ERROR] In function "setValueInAssociativeDynamicText".
2023-04-30 16:23:50 [ERROR] Starting point was file "AssociativeDynamicTextTests.c" on line 707!
2023-04-30 16:23:50 [ERROR] Parameter "element" is NULL!
2023-04-30 16:23:50 [ERROR] In function "freeAssociativeDynamicText".
2023-04-30 16:23:50 [ERROR] Starting point was file "AssociativeDynamicTextTests.c" on line 751!
2023-04-30 16:23:51 [ERROR] Double free on Parameter "element"!
2023-04-30 16:23:51 [ERROR] In function "freeAssociativeDynamicText".
2023-04-30 16:23:51 [ERROR] Starting point was file "AssociativeDynamicTextTests.c" on line 177!
2023-04-30 16:23:52 [ERROR] Parameter "key" is NULL!
2023-04-30 16:23:52 [ERROR] In function "allocateAssociativeDynamicTextByKey".
2023-04-30 16:23:52 [ERROR] Starting point was file "AssociativeDynamicTextTests.c" on line 568!
2023-04-30 16:23:52 [ERROR] Parameter "key" is empty!
2023-04-30 16:23:52 [ERROR] In function "allocateAssociativeDynamicTextByKey".
2023-04-30 16:23:52 [ERROR] Starting point was file "AssociativeDynamicTextTests.c" on line 593!
2023-04-30 16:23:52 [ERROR] NULL pointer as return value from function malloc()!
2023-04-30 16:23:52 [ERROR] In function "allocateAssociativeDynamicTextByKey".
2023-04-30 16:23:52 [ERROR] Starting point was file "AssociativeDynamicTextTests.c" on line 622!
2023-04-30 16:23:52 [ERROR] Parameter "element" is NULL!
2023-04-30 16:23:52 [ERROR] In function "setValueInAssociativeDynamicText".
2023-04-30 16:23:52 [ERROR] Starting point was file "AssociativeDynamicTextTests.c" on line 662!
2023-04-30 16:23:52 [ERROR] Pointer "element" is NULL!
2023-04-30 16:23:52 [ERROR] In function "setValueInAssociativeDynamicText".
2023-04-30 16:23:52 [ERROR] Starting point was file "AssociativeDynamicTextTests.c" on line 707!
2023-04-30 16:23:52 [ERROR] Parameter "element" is NULL!
2023-04-30 16:23:52 [ERROR] In function "freeAssociativeDynamicText".
2023-04-30 16:23:52 [ERROR] Starting point was file "AssociativeDynamicTextTests.c" on line 751!
2023-04-30 16:23:52 [ERROR] Double free on Parameter "element"!
2023-04-30 16:23:52 [ERROR] In function "freeAssociativeDynamicText".
2023-04-30 16:23:52 [ERROR] Starting point was file "AssociativeDynamicTextTests.c" on line 797!
2023-04-30 16:23:53 [ERROR] Parameter "key" is NULL!
2023-04-30 16:23:53 [ERROR] In function "allocateAssociativeDynamicTextByKey".
2023-04-30 16:23:53 [ERROR] Starting point was file "AssociativeDynamicTextTests.c" on line 568!
2023-04-30 16:23:53 [ERROR] Parameter "key" is empty!
2023-04-30 16:23:53 [ERROR] In function "allocateAssociativeDynamicTextByKey".
2023-04-30 16:23:53 [ERROR] Starting point was file "AssociativeDynamicTextTests.c" on line 593!
2023-04-30 16:23:53 [ERROR] NULL pointer as return value from function malloc()!
2023-04-30 16:23:53 [ERROR] In function "allocateAssociativeDynamicTextByKey".
2023-04-30 16:23:53 [ERROR] Starting point was file "AssociativeDynamicTextTests.c" on line 622!
2023-04-30 16:23:53 [ERROR] Parameter "element" is NULL!
2023-04-30 16:23:53 [ERROR] In function "setValueInAssociativeDynamicText".
2023-04-30 16:23:53 [ERROR] Starting point was file "AssociativeDynamicTextTests.c" on line 662!
2023-04-30 16:23:53 [ERROR] Pointer "element" is NULL!
2023-04-30 16:23:53 [ERROR] In function "setValueInAssociativeDynamicText".
2023-04-30 16:23:53 [ERROR] Starting point was file "AssociativeDynamicTextTests.c" on line 707!
2023-04-30 16:23:53 [ERROR] Parameter "element" is NULL!
2023-04-30 16:23:53 [ERROR] In function "freeAssociativeDynamicText".
2023-04-30 16:23:53 [ERROR] Starting point was file "AssociativeDynamicTextTests.c" on line 751!
2023-04-30 16:23:53 [ERROR] Double free on Parameter "element"!
2023-04-30 16:23:53 [ERROR] In function "freeAssociativeDynamicText".
2023-04-30 16:23:53 [ERROR] Starting point was file "AssociativeDynamicTextTests.c" on line 797!
2023-04-30 16:23:53 [ERROR] Parameter "key" is NULL!
2023-04-30 16:23:53 [ERROR] In function "allocateAssociativeDynamicTextByKey".
2023-04-30 16:23:53 [ERROR] Starting point was file "AssociativeDynamicTextTests.c" on line 568!
2023-04-30 16:23:53 [ERROR] Parameter "key" is empty!
2023-04-30 16:23:53 [ERROR] In function "allocateAssociativeDynamicTextByKey".
2023-04-30 16:23:53 [ERROR] Starting point was file "AssociativeDynamicTextTests.c" on line 593!
2023-04-30 16:23:53 [ERROR] NULL pointer as return value from function malloc()!
2023-04-30 16:23:53 [ERROR] In function "allocateAssociativeDynamicTextByKey".
2023-04-30 16:23:53 [ERROR] Starting point was file "AssociativeDynamicTextTests.c" on line 622!
2023-04-30 16:23:53 [ERROR] Parameter "element" is NULL!
2023-04-30 16:23:53 [ERROR] In function "setValueInAssociativeDynamicText".
2023-04-30 16:23:53 [ERROR] Starting point was file "AssociativeDynamicTextTests.c" on line 662!
2023-04-30 16:23:53 [ERROR] Pointer "element" is NULL!
2023-04-30 16:23:53 [ERROR] In function "setValueInAssociativeDynamicText".
2023-04-30 16:23:53 [ERROR] Starting point was file "AssociativeDynamicTextTests.c" on line 707!
2023-04-30 16:23:53 [ERROR] Parameter "element" is NULL!
2023-04-30 16:23:53 [ERROR] In function "freeAssociativeDynamicText".
2023-04-30 16:23:53 [ERROR] Starting point was file "AssociativeDynamicTextTests.c" on line 751!
2023-04-30 16:23:53 [ERROR] Double free on Parameter "element"!
2023-04-30 16:23:53 [ERROR] In function "freeAssociativeDynamicText".
2023-04-30 16:23:53 [ERROR] Starting point was file "AssociativeDynamicTextTests.c" on line 797!
2023-04-30 16:23:57 [ERROR] Parameter "key" is NULL!
2023-04-30 16:23:57 [ERROR] In function "allocateAssociativeDynamicTextByKey".
2023-04-30 16:23:57 [ERROR] Starting point was file "AssociativeDynamicTextTests.c" on line 568!
2023-04-30 16:23:57 [ERROR] Parameter "key" is empty!
2023-04-30 16:23:57 [ERROR] In function "allocateAssociativeDynamicTextByKey".
2023-04-30 16:23:57 [ERROR] Starting point was file "AssociativeDynamicTextTests.c" on line 593!
2023-04-30 16:23:57 [ERROR] NULL pointer as return value from function malloc()!
2023-04-30 16:23:57 [ERROR] In function "allocateAssociativeDynamicTextByKey".
2023-04-30 16:23:57 [ERROR] Starting point was file "AssociativeDynamicTextTests.c" on line 622!
2023-04-30 16:23:58 [ERROR] Parameter "key" is NULL!
2023-04-30 16:23:58 [ERROR] In function "allocateAssociativeDynamicTextByKey".
2023-04-30 16:23:58 [ERROR] Starting point was file "AssociativeDynamicTextTests.c" on line 568!
2023-04-30 16:23:58 [ERROR] Parameter "key" is empty!
2023-04-30 16:23:58 [ERROR] In function "allocateAssociativeDynamicTextByKey".
2023-04-30 16:23:58 [ERROR] Starting point was file "AssociativeDynamicTextTests.c" on line 593!
2023-04-30 16:23:58 [ERROR] NULL pointer as return value from function malloc()!
2023-04-30 16:23:58 [ERROR] In function "allocateAssociativeDynamicTextByKey".
2023-04-30 16:23:58 [ERROR] Starting point was file "AssociativeDynamicTextTests.c" on line 622!
2023-04-30 16:23:58 [ERROR] Parameter "element" is NULL!
2023-04-30 16:23:58 [ERROR] In function "setValueInAssociativeDynamicText".
2023-04-30 16:23:58 [ERROR] Starting point was file "AssociativeDynamicTextTests.c" on line 662!
2023-04-30 16:23:59 [ERROR] Parameter "key" is NULL!
2023-04-30 16:23:59 [ERROR] In function "allocateAssociativeDynamicTextByKey".
2023-04-30 16:23:59 [ERROR] Starting point was file "AssociativeDynamicTextTests.c" on line 568!
2023-04-30 16:23:59 [ERROR] Parameter "key" is empty!
2023-04-30 16:23:59 [ERROR] In function "allocateAssociativeDynamicTextByKey".
2023-04-30 16:23:59 [ERROR] Starting point was file "AssociativeDynamicTextTests.c" on line 593!
2023-04-30 16:23:59 [ERROR] NULL pointer as return value from function malloc()!
2023-04-30 16:23:59 [ERROR] In function "allocateAssociativeDynamicTextByKey".
2023-04-30 16:23:59 [ERROR] Starting point was file "AssociativeDynamicTextTests.c" on line 622!
2023-04-30 16:23:59 [ERROR] Parameter "element" is NULL!
2023-04-30 16:23:59 [ERROR] In function "setValueInAssociativeDynamicText".
2023-04-30 16:23:59 [ERROR] Starting point was file "AssociativeDynamicTextTests.c" on line 662!
2023-04-30 16:23:59 [ERROR] Parameter "key" is NULL!
2023-04-30 16:23:59 [ERROR] In function "allocateAssociativeDynamicTextByKey".
2023-04-30 16:23:59 [ERROR] Starting point was file "AssociativeDynamicTextTests.c" on line 568!
2023-04-30 16:23:59 [ERROR] Parameter "key" is empty!
2023-04-30 16:23:59 [ERROR] In function "allocateAssociativeDynamicTextByKey".
2023-04-30 16:23:59 [ERROR] Starting point was file "AssociativeDynamicTextTests.c" on line 593!
2023-04-30 16:23:59 [ERROR] NULL pointer as return value from function malloc()!
2023-04-30 16:23:59 [ERROR] In function "allocateAssociativeDynamicTextByKey".
2023-04-30 16:23:59 [ERROR] Starting point was file "AssociativeDynamicTextTests.c" on line 622!
2023-04-30 16:23:59 [ERROR] Parameter "element" is NULL!
2023-04-30 16:23:59 [ERROR] In function "setValueInAssociativeDynamicText".
2023-04-30 16:23:59 [ERROR] Starting point was file "AssociativeDynamicTextTests.c" on line 662!
2023-04-30 16:24:01 [ERROR] Parameter "key" is NULL!
2023-04-30 16:24:01 [ERROR] In function "allocateAssociativeDynamicTextByKey".
2023-04-30 16:24:01 [ERROR] Starting point was file "AssociativeDynamicTextTests.c" on line 568!
2023-04-30 16:24:01 [ERROR] Parameter "key" is empty!
2023-04-30 16:24:01 [ERROR] In function "allocateAssociativeDynamicTextByKey".
2023-04-30 16:24:01 [ERROR] Starting point was file "AssociativeDynamicTextTests.c" on line 593!
2023-04-30 16:24:01 [ERROR] NULL pointer as return value from function malloc()!
2023-04-30 16:24:01 [ERROR] In function "allocateAssociativeDynamicTextByKey".
2023-04-30 16:24:01 [ERROR] Starting point was file "AssociativeDynamicTextTests.c" on line 622!
2023-04-30 16:24:01 [ERROR] Parameter "element" is NULL!
2023-04-30 16:24:01 [ERROR] In function "setValueInAssociativeDynamicText".
2023-04-30 16:24:01 [ERROR] Starting point was file "AssociativeDynamicTextTests.c" on line 662!
2023-04-30 16:24:01 [ERROR] Pointer "element" is NULL!
2023-04-30 16:24:01 [ERROR] In function "setValueInAssociativeDynamicText".
2023-04-30 16:24:01 [ERROR] Starting point was file "AssociativeDynamicTextTests.c" on line 707!
2023-04-30 16:24:01 [ERROR] Parameter "key" is NULL!
2023-04-30 16:24:01 [ERROR] In function "allocateAssociativeDynamicTextByKey".
2023-04-30 16:24:01 [ERROR] Starting point was file "AssociativeDynamicTextTests.c" on line 568!
2023-04-30 16:24:01 [ERROR] Parameter "key" is empty!
2023-04-30 16:24:01 [ERROR] In function "allocateAssociativeDynamicTextByKey".
2023-04-30 16:24:01 [ERROR] Starting point was file "AssociativeDynamicTextTests.c" on line 593!
2023-04-30 16:24:01 [ERROR] NULL pointer as return value from function malloc()!
2023-04-30 16:24:01 [ERROR] In function "allocateAssociativeDynamicTextByKey".
2023-04-30 16:24:01 [ERROR] Starting point was file "AssociativeDynamicTextTests.c" on line 622!
2023-04-30 16:24:01 [ERROR] Parameter "element" is NULL!
2023-04-30 16:24:01 [ERROR] In function "setValueInAssociativeDynamicText".
2023-04-30 16:24:01 [ERROR] Starting point was file "AssociativeDynamicTextTests.c" on line 662!
2023-04-30 16:24:01 [ERROR] Pointer "element" is NULL!
2023-04-30 16:24:01 [ERROR] In function "setValueInAssociativeDynamicText".
2023-04-30 16:24:01 [ERROR] Starting point was file "AssociativeDynamicTextTests.c" on line 707!
2023-04-30 16:24:02 [ERROR] Parameter "key" is NULL!
2023-04-30 16:24:02 [ERROR] In function "allocateAssociativeDynamicTextByKey".
2023-04-30 16:24:02 [ERROR] Starting point was file "AssociativeDynamicTextTests.c" on line 568!
2023-04-30 16:24:02 [ERROR] Parameter "key" is empty!
2023-04-30 16:24:02 [ERROR] In function "allocateAssociativeDynamicTextByKey".
2023-04-30 16:24:02 [ERROR] Starting point was file "AssociativeDynamicTextTests.c" on line 593!
2023-04-30 16:24:02 [ERROR] NULL pointer as return value from function malloc()!
2023-04-30 16:24:02 [ERROR] In function "allocateAssociativeDynamicTextByKey".
2023-04-30 16:24:02 [ERROR] Starting point was file "AssociativeDynamicTextTests.c" on line 622!
2023-04-30 16:24:02 [ERROR] Parameter "element" is NULL!
2023-04-30 16:24:02 [ERROR] In function "setValueInAssociativeDynamicText".
2023-04-30 16:24:02 [ERROR] Starting point was file "AssociativeDynamicTextTests.c" on line 662!
2023-04-30 16:24:02 [ERROR] Pointer "element" is NULL!
2023-04-30 16:24:02 [ERROR] In function "setValueInAssociativeDynamicText".
2023-04-30 16:24:02 [ERROR] Starting point was file "AssociativeDynamicTextTests.c" on line 707!
2023-04-30 16:24:03 [ERROR] Parameter "key" is NULL!
2023-04-30 16:24:03 [ERROR] In function "allocateAssociativeDynamicTextByKey".
2023-04-30 16:24:03 [ERROR] Starting point was file "AssociativeDynamicTextTests.c" on line 568!
2023-04-30 16:24:03 [ERROR] Parameter "key" is empty!
2023-04-30 16:24:03 [ERROR] In function "allocateAssociativeDynamicTextByKey".
2023-04-30 16:24:03 [ERROR] Starting point was file "AssociativeDynamicTextTests.c" on line 593!
2023-04-30 16:24:03 [ERROR] NULL pointer as return value from function malloc()!
2023-04-30 16:24:03 [ERROR] In function "allocateAssociativeDynamicTextByKey".
2023-04-30 16:24:03 [ERROR] Starting point was file "AssociativeDynamicTextTests.c" on line 622!
2023-04-30 16:24:03 [ERROR] Parameter "element" is NULL!
2023-04-30 16:24:03 [ERROR] In function "setValueInAssociativeDynamicText".
2023-04-30 16:24:03 [ERROR] Starting point was file "AssociativeDynamicTextTests.c" on line 662!
2023-04-30 16:24:03 [ERROR] Pointer "element" is NULL!
2023-04-30 16:24:03 [ERROR] In function "setValueInAssociativeDynamicText".
2023-04-30 16:24:03 [ERROR] Starting point was file "AssociativeDynamicTextTests.c" on line 707!
2023-04-30 16:24:03 [ERROR] Parameter "element" is NULL!
2023-04-30 16:24:03 [ERROR] In function "freeAssociativeDynamicText".
2023-04-30 16:24:03 [ERROR] Starting point was file "AssociativeDynamicTextTests.c" on line 751!
2023-04-30 16:24:03 [ERROR] Double free on Parameter "element"!
2023-04-30 16:24:03 [ERROR] In function "freeAssociativeDynamicText".
2023-04-30 16:24:03 [ERROR] Starting point was file "AssociativeDynamicTextTests.c" on line 797!
2023-04-30 16:29:22 [ERROR] Parameter "key" is NULL!
2023-04-30 16:29:22 [ERROR] In function "allocateAssociativeDynamicTextByKey".
2023-04-30 16:29:22 [ERROR] Starting point was file "AssociativeDynamicTextTests.c" on line 568!
2023-04-30 16:29:22 [ERROR] Parameter "key" is empty!
2023-04-30 16:29:22 [ERROR] In function "allocateAssociativeDynamicTextByKey".
2023-04-30 16:29:22 [ERROR] Starting point was file "AssociativeDynamicTextTests.c" on line 593!
2023-04-30 16:29:22 [ERROR] NULL pointer as return value from function malloc()!
2023-04-30 16:29:22 [ERROR] In function "allocateAssociativeDynamicTextByKey".
2023-04-30 16:29:22 [ERROR] Starting point was file "AssociativeDynamicTextTests.c" on line 622!
2023-04-30 16:29:22 [ERROR] Parameter "element" is NULL!
2023-04-30 16:29:22 [ERROR] In function "setValueInAssociativeDynamicText".
2023-04-30 16:29:22 [ERROR] Starting point was file "AssociativeDynamicTextTests.c" on line 662!
2023-04-30 16:29:22 [ERROR] Pointer "element" is NULL!
2023-04-30 16:29:22 [ERROR] In function "setValueInAssociativeDynamicText".
2023-04-30 16:29:22 [ERROR] Starting point was file "AssociativeDynamicTextTests.c" on line 707!
2023-04-30 16:29:22 [ERROR] Parameter "element" is NULL!
2023-04-30 16:29:22 [ERROR] In function "freeAssociativeDynamicText".
2023-04-30 16:29:22 [ERROR] Starting point was file "AssociativeDynamicTextTests.c" on line 751!
2023-04-30 16:29:22 [ERROR] Double free on Parameter "element"!
2023-04-30 16:29:22 [ERROR] In function "freeAssociativeDynamicText".
2023-04-30 16:29:22 [ERROR] Starting point was file "AssociativeDynamicTextTests.c" on line 797!
2023-04-30 16:29:25 [ERROR] Parameter "key" is NULL!
2023-04-30 16:29:25 [ERROR] In function "allocateAssociativeDynamicTextByKey".
2023-04-30 16:29:25 [ERROR] Starting point was file "AssociativeDynamicTextTests.c" on line 443!
2023-04-30 16:29:27 [ERROR] Parameter "key" is NULL!
2023-04-30 16:29:27 [ERROR] In function "allocateAssociativeDynamicTextByKey".
2023-04-30 16:29:27 [ERROR] Starting point was file "AssociativeDynamicTextTests.c" on line 568!
2023-04-30 16:29:27 [ERROR] Parameter "key" is NULL!
2023-04-30 16:29:27 [ERROR] In function "allocateAssociativeDynamicTextByKey".
2023-04-30 16:29:27 [ERROR] Starting point was file "AssociativeDynamicTextTests.c" on line 568!
2023-04-30 16:29:28 [ERROR] Parameter "key" is empty!
2023-04-30 16:29:28 [ERROR] In function "allocateAssociativeDynamicTextByKey".
2023-04-30 16:29:28 [ERROR] Starting point was file "AssociativeDynamicTextTests.c" on line 443!
2023-04-30 16:29:28 [ERROR] Parameter "key" is empty!
2023-04-30 16:29:28 [ERROR] In function "allocateAssociativeDynamicTextByKey".
2023-04-30 16:29:28 [ERROR] Starting point was file "AssociativeDynamicTextTests.c" on line 443!
2023-04-30 16:29:30 [ERROR] Parameter "key" is NULL!
2023-04-30 16:29:30 [ERROR] In function "allocateAssociativeDynamicTextByKey".
2023-04-30 16:29:30 [ERROR] Starting point was file "AssociativeDynamicTextTests.c" on line 568!
2023-04-30 16:29:30 [ERROR] Parameter "key" is empty!
2023-04-30 16:29:30 [ERROR] In function "allocateAssociativeDynamicTextByKey".
2023-04-30 16:29:30 [ERROR] Starting point was file "AssociativeDynamicTextTests.c" on line 593!
2023-04-30 16:29:30 [ERROR] Parameter "key" is NULL!
2023-04-30 16:29:30 [ERROR] In function "allocateAssociativeDynamicTextByKey".
2023-04-30 16:29:30 [ERROR] Starting point was file "AssociativeDynamicTextTests.c" on line 568!
2023-04-30 16:29:30 [ERROR] Parameter "key" is empty!
2023-04-30 16:29:30 [ERROR] In function "allocateAssociativeDynamicTextByKey".
2023-04-30 16:29:30 [ERROR] Starting point was file "AssociativeDynamicTextTests.c" on line 593!
2023-04-30 16:29:31 [ERROR] NULL pointer as return value from function malloc()!
2023-04-30 16:29:31 [ERROR] In function "allocateAssociativeDynamicTextByKey".
2023-04-30 16:29:31 [ERROR] Starting point was file "AssociativeDynamicTextTests.c" on line 443!
2023-04-30 16:29:33 [ERROR] Parameter "key" is NULL!
2023-04-30 16:29:33 [ERROR] In function "allocateAssociativeDynamicTextByKey".
2023-04-30 16:29:33 [ERROR] Starting point was file "AssociativeDynamicTextTests.c" on line 568!
2023-04-30 16:29:33 [ERROR] Parameter "key" is empty!
2023-04-30 16:29:33 [ERROR] In function "allocateAssociativeDynamicTextByKey".
2023-04-30 16:29:33 [ERROR] Starting point was file "AssociativeDynamicTextTests.c" on line 593!
2023-04-30 16:29:33 [ERROR] NULL pointer as return value from function malloc()!
2023-04-30 16:29:33 [ERROR] In function "allocateAssociativeDynamicTextByKey".
2023-04-30 16:29:33 [ERROR] Starting point was file "AssociativeDynamicTextTests.c" on line 622!
2023-04-30 16:29:33 [ERROR] Parameter "key" is NULL!
2023-04-30 16:29:33 [ERROR] In function "allocateAssociativeDynamicTextByKey".
2023-04-30 16:29:33 [ERROR] Starting point was file "AssociativeDynamicTextTests.c" on line 568!
2023-04-30 16:29:33 [ERROR] Parameter "key" is empty!
2023-04-30 16:29:33 [ERROR] In function "allocateAssociativeDynamicTextByKey".
2023-04-30 16:29:33 [ERROR] Starting point was file "AssociativeDynamicTextTests.c" on line 593!
2023-04-30 16:29:33 [ERROR] NULL pointer as return value from function malloc()!
2023-04-30 16:29:33 [ERROR] In function "allocateAssociativeDynamicTextByKey".
2023-04-30 16:29:33 [ERROR] Starting point was file "AssociativeDynamicTextTests.c" on line 622!
2023-04-30 16:29:34 [ERROR] Parameter "key" is NULL!
2023-04-30 16:29:34 [ERROR] In function "allocateAssociativeDynamicTextByKey".
2023-04-30 16:29:34 [ERROR] Starting point was file "AssociativeDynamicTextTests.c" on line 568!
2023-04-30 16:29:34 [ERROR] Parameter "key" is empty!
2023-04-30 16:29:34 [ERROR] In function "allocateAssociativeDynamicTextByKey".
2023-04-30 16:29:34 [ERROR] Starting point was file "AssociativeDynamicTextTests.c" on line 593!
2023-04-30 16:29:34 [ERROR] NULL pointer as return value from function malloc()!
2023-04-30 16:29:34 [ERROR] In function "allocateAssociativeDynamicTextByKey".
2023-04-30 16:29:34 [ERROR] Starting point was file "AssociativeDynamicTextTests.c" on line 622!
2023-04-30 16:29:38 [ERROR] Parameter "element" is NULL!
2023-04-30 16:29:38 [ERROR] In function "freeAssociativeDynamicText".
2023-04-30 16:29:38 [ERROR] Starting point was file "AssociativeDynamicTextTests.c" on line 479!
2023-04-30 16:29:40 [ERROR] Parameter "key" is NULL!
2023-04-30 16:29:40 [ERROR] In function "allocateAssociativeDynamicTextByKey".
2023-04-30 16:29:40 [ERROR] Starting point was file "AssociativeDynamicTextTests.c" on line 568!
2023-04-30 16:29:40 [ERROR] Parameter "key" is empty!
2023-04-30 16:29:40 [ERROR] In function "allocateAssociativeDynamicTextByKey".
2023-04-30 16:29:40 [ERROR] Starting point was file "AssociativeDynamicTextTests.c" on line 593!
2023-04-30 16:29:40 [ERROR] NULL pointer as return value from function malloc()!
2023-04-30 16:29:40 [ERROR] In function "allocateAssociativeDynamicTextByKey".
2023-04-30 16:29:40 [ERROR] Starting point was file "AssociativeDynamicTextTests.c" on line 622!
2023-04-30 16:29:40 [ERROR] Parameter "element" is NULL!
2023-04-30 16:29:40 [ERROR] In function "setValueInAssociativeDynamicText".
2023-04-30 16:29:40 [ERROR] Starting point was file "AssociativeDynamicTextTests.c" on line 662!
2023-04-30 16:29:40 [ERROR] Pointer "element" is NULL!
2023-04-30 16:29:40 [ERROR] In function "setValueInAssociativeDynamicText".
2023-04-30 16:29:40 [ERROR] Starting point was file "AssociativeDynamicTextTests.c" on line 707!
2023-04-30 16:29:40 [ERROR] Parameter "element" is NULL!
2023-04-30 16:29:40 [ERROR] In function "freeAssociativeDynamicText".
2023-04-30 16:29:40 [ERROR] Starting point was file "AssociativeDynamicTextTests.c" on line 751!
2023-04-30 16:29:40 [ERROR] Parameter "key" is NULL!
2023-04-30 16:29:40 [ERROR] In function "allocateAssociativeDynamicTextByKey".
2023-04-30 16:29:40 [ERROR] Starting point was file "AssociativeDynamicTextTests.c" on line 568!
2023-04-30 16:29:40 [ERROR] Parameter "key" is empty!
2023-04-30 16:29:40 [ERROR] In function "allocateAssociativeDynamicTextByKey".
2023-04-30 16:29:40 [ERROR] Starting point was file "AssociativeDynamicTextTests.c" on line 593!
2023-04-30 16:29:40 [ERROR] NULL pointer as return value from function malloc()!
2023-04-30 16:29:40 [ERROR] In function "allocateAssociativeDynamicTextByKey".
2023-04-30 16:29:40 [ERROR] Starting point was file "AssociativeDynamicTextTests.c" on line 622!
2023-04-30 16:29:40 [ERROR] Parameter "element" is NULL!
2023-04-30 16:29:40 [ERROR] In function "setValueInAssociativeDynamicText".
2023-04-30 16:29:40 [ERROR] Starting point was file "AssociativeDynamicTextTests.c" on line 662!
2023-04-30 16:29:40 [ERROR] Pointer "element" is NULL!
2023-04-30 16:29:40 [ERROR] In function "setValueInAssociativeDynamicText".
2023-04-30 16:29:40 [ERROR] Starting point was file "AssociativeDynamicTextTests.c" on line 707!
2023-04-30 16:29:40 [ERROR] Parameter "element" is NULL!
2023-04-30 16:29:40 [ERROR] In function "freeAssociativeDynamicText".
2023-04-30 16:29:40 [ERROR] Starting point was file "AssociativeDynamicTextTests.c" on line 751!
2023-04-30 16:29:41 [ERROR] Double free on Parameter "element"!
2023-04-30 16:29:41 [ERROR] In function "freeAssociativeDynamicText".
2023-04-30 16:29:41 [ERROR] Starting point was file "AssociativeDynamicTextTests.c" on line 479!
2023-04-30 16:29:42 [ERROR] Parameter "key" is NULL!
2023-04-30 16:29:42 [ERROR] In function "allocateAssociativeDynamicTextByKey".
2023-04-30 16:29:42 [ERROR] Starting point was file "AssociativeDynamicTextTests.c" on line 568!
2023-04-30 16:29:42 [ERROR] Parameter "key" is empty!
2023-04-30 16:29:42 [ERROR] In function "allocateAssociativeDynamicTextByKey".
2023-04-30 16:29:42 [ERROR] Starting point was file "AssociativeDynamicTextTests.c" on line 593!
2023-04-30 16:29:42 [ERROR] NULL pointer as return value from function malloc()!
2023-04-30 16:29:42 [ERROR] In function "allocateAssociativeDynamicTextByKey".
2023-04-30 16:29:42 [ERROR] Starting point was file "AssociativeDynamicTextTests.c" on line 622!
2023-04-30 16:29:42 [ERROR] Parameter "element" is NULL!
2023-04-30 16:29:42 [ERROR] In function "setValueInAssociativeDynamicText".
2023-04-30 16:29:42 [ERROR] Starting point was file "AssociativeDynamicTextTests.c" on line 662!
2023-04-30 16:29:42 [ERROR] Pointer "element" is NULL!
2023-04-30 16:29:42 [ERROR] In function "setValueInAssociativeDynamicText".
2023-04-30 16:29:42 [ERROR] Starting point was file "AssociativeDynamicTextTests.c" on line 707!
2023-04-30 16:29:42 [ERROR] Parameter "element" is NULL!
2023-04-30 16:29:42 [ERROR] In function "freeAssociativeDynamicText".
2023-04-30 16:29:42 [ERROR] Starting point was file "AssociativeDynamicTextTests.c" on line 751!
2023-04-30 16:29:42 [ERROR] Double free on Parameter "element"!
2023-04-30 16:29:42 [ERROR] In function "freeAssociativeDynamicText".
2023-04-30 16:29:42 [ERROR] Starting point was file "AssociativeDynamicTextTests.c" on line 797!
2023-04-30 16:29:43 [ERROR] Parameter "key" is NULL!
2023-04-30 16:29:43 [ERROR] In function "allocateAssociativeDynamicTextByKey".
2023-04-30 16:29:43 [ERROR] Starting point was file "AssociativeDynamicTextTests.c" on line 568!
2023-04-30 16:29:43 [ERROR] Parameter "key" is empty!
2023-04-30 16:29:43 [ERROR] In function "allocateAssociativeDynamicTextByKey".
2023-04-30 16:29:43 [ERROR] Starting point was file "AssociativeDynamicTextTests.c" on line 593!
2023-04-30 16:29:43 [ERROR] NULL pointer as return value from function malloc()!
2023-04-30 16:29:43 [ERROR] In function "allocateAssociativeDynamicTextByKey".
2023-04-30 16:29:43 [ERROR] Starting point was file "AssociativeDynamicTextTests.c" on line 622!
2023-04-30 16:29:43 [ERROR] Parameter "element" is NULL!
2023-04-30 16:29:43 [ERROR] In function "setValueInAssociativeDynamicText".
2023-04-30 16:29:43 [ERROR] Starting point was file "AssociativeDynamicTextTests.c" on line 662!
2023-04-30 16:29:43 [ERROR] Pointer "element" is NULL!
2023-04-30 16:29:43 [ERROR] In function "setValueInAssociativeDynamicText".
2023-04-30 16:29:43 [ERROR] Starting point was file "AssociativeDynamicTextTests.c" on line 707!
2023-04-30 16:29:43 [ERROR] Parameter "element" is NULL!
2023-04-30 16:29:43 [ERROR] In function "freeAssociativeDynamicText".
2023-04-30 16:29:43 [ERROR] Starting point was file "AssociativeDynamicTextTests.c" on line 751!
2023-04-30 16:29:43 [ERROR] Double free on Parameter "element"!
2023-04-30 16:29:43 [ERROR] In function "freeAssociativeDynamicText".
2023-04-30 16:29:43 [ERROR] Starting point was file "AssociativeDynamicTextTests.c" on line 797!
2023-04-30 16:29:43 [ERROR] Parameter "key" is NULL!
2023-04-30 16:29:43 [ERROR] In function "allocateAssociativeDynamicTextByKey".
2023-04-30 16:29:43 [ERROR] Starting point was file "AssociativeDynamicTextTests.c" on line 568!
2023-04-30 16:29:43 [ERROR] Parameter "key" is empty!
2023-04-30 16:29:43 [ERROR] In function "allocateAssociativeDynamicTextByKey".
2023-04-30 16:29:43 [ERROR] Starting point was file "AssociativeDynamicTextTests.c" on line 593!
2023-04-30 16:29:43 [ERROR] NULL pointer as return value from function malloc()!
2023-04-30 16:29:43 [ERROR] In function "allocateAssociativeDynamicTextByKey".
2023-04-30 16:29:43 [ERROR] Starting point was file "AssociativeDynamicTextTests.c" on line 622!
2023-04-30 16:29:43 [ERROR] Parameter "element" is NULL!
2023-04-30 16:29:43 [ERROR] In function "setValueInAssociativeDynamicText".
2023-04-30 16:29:43 [ERROR] Starting point was file "AssociativeDynamicTextTests.c" on line 662!
2023-04-30 16:29:43 [ERROR] Pointer "element" is NULL!
2023-04-30 16:29:43 [ERROR] In function "setValueInAssociativeDynamicText".
2023-04-30 16:29:43 [ERROR] Starting point was file "AssociativeDynamicTextTests.c" on line 707!
2023-04-30 16:29:43 [ERROR] Parameter "element" is NULL!
2023-04-30 16:29:43 [ERROR] In function "freeAssociativeDynamicText".
2023-04-30 16:29:43 [ERROR] Starting point was file "AssociativeDynamicTextTests.c" on line 751!
2023-04-30 16:29:43 [ERROR] Double free on Parameter "element"!
2023-04-30 16:29:43 [ERROR] In function "freeAssociativeDynamicText".
2023-04-30 16:29:43 [ERROR] Starting point was file "AssociativeDynamicTextTests.c" on line 797!
2023-04-30 16:29:47 [ERROR] Parameter "element" is NULL!
2023-04-30 16:29:47 [ERROR] In function "setValueInAssociativeDynamicText".
2023-04-30 16:29:47 [ERROR] Starting point was file "AssociativeDynamicTextTests.c" on line 454!
2023-04-30 16:29:48 [ERROR] Parameter "key" is NULL!
2023-04-30 16:29:48 [ERROR] In function "allocateAssociativeDynamicTextByKey".
2023-04-30 16:29:48 [ERROR] Starting point was file "AssociativeDynamicTextTests.c" on line 568!
2023-04-30 16:29:48 [ERROR] Parameter "key" is empty!
2023-04-30 16:29:48 [ERROR] In function "allocateAssociativeDynamicTextByKey".
2023-04-30 16:29:48 [ERROR] Starting point was file "AssociativeDynamicTextTests.c" on line 593!
2023-04-30 16:29:48 [ERROR] NULL pointer as return value from function malloc()!
2023-04-30 16:29:48 [ERROR] In function "allocateAssociativeDynamicTextByKey".
2023-04-30 16:29:48 [ERROR] Starting point was file "AssociativeDynamicTextTests.c" on line 622!
2023-04-30 16:29:48 [ERROR] Parameter "element" is NULL!
2023-04-30 16:29:48 [ERROR] In function "setValueInAssociativeDynamicText".
2023-04-30 16:29:48 [ERROR] Starting point was file "AssociativeDynamicTextTests.c" on line 662!
2023-04-30 16:29:49 [ERROR] Parameter "key" is NULL!
2023-04-30 16:29:49 [ERROR] In function "allocateAssociativeDynamicTextByKey".
2023-04-30 16:29:49 [ERROR] Starting point was file "AssociativeDynamicTextTests.c" on line 568!
2023-04-30 16:29:49 [ERROR] Parameter "key" is empty!
2023-04-30 16:29:49 [ERROR] In function "allocateAssociativeDynamicTextByKey".
2023-04-30 16:29:49 [ERROR] Starting point was file "AssociativeDynamicTextTests.c" on line 593!
2023-04-30 16:29:49 [ERROR] NULL pointer as return value from function malloc()!
2023-04-30 16:29:49 [ERROR] In function "allocateAssociativeDynamicTextByKey".
2023-04-30 16:29:49 [ERROR] Starting point was file "AssociativeDynamicTextTests.c" on line 622!
2023-04-30 16:29:49 [ERROR] Parameter "element" is NULL!
2023-04-30 16:29:49 [ERROR] In function "setValueInAssociativeDynamicText".
2023-04-30 16:29:49 [ERROR] Starting point was file "AssociativeDynamicTextTests.c" on line 662!
2023-04-30 16:29:49 [ERROR] Pointer "element" is NULL!
2023-04-30 16:29:49 [ERROR] In function "setValueInAssociativeDynamicText".
2023-04-30 16:29:49 [ERROR] Starting point was file "AssociativeDynamicTextTests.c" on line 454!
2023-04-30 16:29:51 [ERROR] Parameter "key" is NULL!
2023-04-30 16:29:51 [ERROR] In function "allocateAssociativeDynamicTextByKey".
2023-04-30 16:29:51 [ERROR] Starting point was file "AssociativeDynamicTextTests.c" on line 568!
2023-04-30 16:29:51 [ERROR] Parameter "key" is empty!
2023-04-30 16:29:51 [ERROR] In function "allocateAssociativeDynamicTextByKey".
2023-04-30 16:29:51 [ERROR] Starting point was file "AssociativeDynamicTextTests.c" on line 593!
2023-04-30 16:29:51 [ERROR] NULL pointer as return value from function malloc()!
2023-04-30 16:29:51 [ERROR] In function "allocateAssociativeDynamicTextByKey".
2023-04-30 16:29:51 [ERROR] Starting point was file "AssociativeDynamicTextTests.c" on line 622!
2023-04-30 16:29:51 [ERROR] Parameter "element" is NULL!
2023-04-30 16:29:51 [ERROR] In function "setValueInAssociativeDynamicText".
2023-04-30 16:29:51 [ERROR] Starting point was file "AssociativeDynamicTextTests.c" on line 662!
2023-04-30 16:29:51 [ERROR] Pointer "element" is NULL!
2023-04-30 16:29:51 [ERROR] In function "setValueInAssociativeDynamicText".
2023-04-30 16:29:51 [ERROR] Starting point was file "AssociativeDynamicTextTests.c" on line 707!
2023-04-30 16:29:51 [ERROR] Parameter "key" is NULL!
2023-04-30 16:29:51 [ERROR] In function "allocateAssociativeDynamicTextByKey".
2023-04-30 16:29:51 [ERROR] Starting point was file "AssociativeDynamicTextTests.c" on line 568!
2023-04-30 16:29:51 [ERROR] Parameter "key" is empty!
2023-04-30 16:29:51 [ERROR] In function "allocateAssociativeDynamicTextByKey".
2023-04-30 16:29:51 [ERROR] Starting point was file "AssociativeDynamicTextTests.c" on line 593!
2023-04-30 16:29:51 [ERROR] NULL pointer as return value from function malloc()!
2023-04-30 16:29:51 [ERROR] In function "allocateAssociativeDynamicTextByKey".
2023-04-30 16:29:51 [ERROR] Starting point was file "AssociativeDynamicTextTests.c" on line 622!
2023-04-30 16:29:51 [ERROR] Parameter "element" is NULL!
2023-04-30 16:29:51 [ERROR] In function "setValueInAssociativeDynamicText".
2023-04-30 16:29:51 [ERROR] Starting point was file "AssociativeDynamicTextTests.c" on line 662!
2023-04-30 16:29:51 [ERROR] Pointer "element" is NULL!
2023-04-30 16:29:51 [ERROR] In function "setValueInAssociativeDynamicText".
2023-04-30 16:29:51 [ERROR] Starting point was file "AssociativeDynamicTextTests.c" on line 707!
2023-04-30 16:29:52 [ERROR] Parameter "key" is NULL!
2023-04-30 16:29:52 [ERROR] In function "allocateAssociativeDynamicTextByKey".
2023-04-30 16:29:52 [ERROR] Starting point was file "AssociativeDynamicTextTests.c" on line 568!
2023-04-30 16:29:52 [ERROR] Parameter "key" is empty!
2023-04-30 16:29:52 [ERROR] In function "allocateAssociativeDynamicTextByKey".
2023-04-30 16:29:52 [ERROR] Starting point was file "AssociativeDynamicTextTests.c" on line 593!
2023-04-30 16:29:52 [ERROR] NULL pointer as return value from function malloc()!
2023-04-30 16:29:52 [ERROR] In function "allocateAssociativeDynamicTextByKey".
2023-04-30 16:29:52 [ERROR] Starting point was file "AssociativeDynamicTextTests.c" on line 622!
2023-04-30 16:29:52 [ERROR] Parameter "element" is NULL!
2023-04-30 16:29:52 [ERROR] In function "setValueInAssociativeDynamicText".
2023-04-30 16:29:52 [ERROR] Starting point was file "AssociativeDynamicTextTests.c" on line 662!
2023-04-30 16:29:52 [ERROR] Pointer "element" is NULL!
2023-04-30 16:29:52 [ERROR] In function "setValueInAssociativeDynamicText".
2023-04-30 16:29:52 [ERROR] Starting point was file "AssociativeDynamicTextTests.c" on line 707!
2023-04-30 18:10:55 [ERROR] Parameter "key" is NULL!
2023-04-30 18:10:55 [ERROR] In function "allocateAssociativeDynamicTextByKey".
2023-04-30 18:10:55 [ERROR] Starting point was file "AssociativeDynamicTextTests.c" on line 568!
2023-04-30 18:10:55 [ERROR] Parameter "key" is empty!
2023-04-30 18:10:55 [ERROR] In function "allocateAssociativeDynamicTextByKey".
2023-04-30 18:10:55 [ERROR] Starting point was file "AssociativeDynamicTextTests.c" on line 593!
2023-04-30 18:10:55 [ERROR] NULL pointer as return value from function malloc()!
2023-04-30 18:10:55 [ERROR] In function "allocateAssociativeDynamicTextByKey".
2023-04-30 18:10:55 [ERROR] Starting point was file "AssociativeDynamicTextTests.c" on line 622!
2023-04-30 18:10:55 [ERROR] Parameter "element" is NULL!
2023-04-30 18:10:55 [ERROR] In function "setValueInAssociativeDynamicText".
2023-04-30 18:10:55 [ERROR] Starting point was file "AssociativeDynamicTextTests.c" on line 662!
2023-04-30 18:10:55 [ERROR] Pointer "element" is NULL!
2023-04-30 18:10:55 [ERROR] In function "setValueInAssociativeDynamicText".
2023-04-30 18:10:55 [ERROR] Starting point was file "AssociativeDynamicTextTests.c" on line 707!
2023-04-30 18:10:55 [ERROR] Parameter "element" is NULL!
2023-04-30 18:10:55 [ERROR] In function "freeAssociativeDynamicText".
2023-04-30 18:10:55 [ERROR] Starting point was file "AssociativeDynamicTextTests.c" on line 751!
2023-04-30 18:10:55 [ERROR] Double free on Parameter "element"!
2023-04-30 18:10:55 [ERROR] In function "freeAssociativeDynamicText".
2023-04-30 18:10:55 [ERROR] Starting point was file "AssociativeDynamicTextTests.c" on line 797!
2023-04-30 18:10:58 [ERROR] Parameter "key" is NULL!
2023-04-30 18:10:58 [ERROR] In function "allocateAssociativeDynamicTextByKey".
2023-04-30 18:10:58 [ERROR] Starting point was file "AssociativeDynamicTextTests.c" on line 443!
2023-04-30 18:10:59 [ERROR] Parameter "key" is NULL!
2023-04-30 18:10:59 [ERROR] In function "allocateAssociativeDynamicTextByKey".
2023-04-30 18:10:59 [ERROR] Starting point was file "AssociativeDynamicTextTests.c" on line 568!
2023-04-30 18:11:00 [ERROR] Parameter "key" is NULL!
2023-04-30 18:11:00 [ERROR] In function "allocateAssociativeDynamicTextByKey".
2023-04-30 18:11:00 [ERROR] Starting point was file "AssociativeDynamicTextTests.c" on line 568!
2023-04-30 18:11:01 [ERROR] Parameter "key" is empty!
2023-04-30 18:11:01 [ERROR] In function "allocateAssociativeDynamicTextByKey".
2023-04-30 18:11:01 [ERROR] Starting point was file "AssociativeDynamicTextTests.c" on line 443!
2023-04-30 18:11:01 [ERROR] Parameter "key" is empty!
2023-04-30 18:11:01 [ERROR] In function "allocateAssociativeDynamicTextByKey".
2023-04-30 18:11:01 [ERROR] Starting point was file "AssociativeDynamicTextTests.c" on line 443!
2023-04-30 18:11:02 [ERROR] Parameter "key" is NULL!
2023-04-30 18:11:02 [ERROR] In function "allocateAssociativeDynamicTextByKey".
2023-04-30 18:11:02 [ERROR] Starting point was file "AssociativeDynamicTextTests.c" on line 568!
2023-04-30 18:11:02 [ERROR] Parameter "key" is empty!
2023-04-30 18:11:02 [ERROR] In function "allocateAssociativeDynamicTextByKey".
2023-04-30 18:11:02 [ERROR] Starting point was file "AssociativeDynamicTextTests.c" on line 593!
2023-04-30 18:11:03 [ERROR] Parameter "key" is NULL!
2023-04-30 18:11:03 [ERROR] In function "allocateAssociativeDynamicTextByKey".
2023-04-30 18:11:03 [ERROR] Starting point was file "AssociativeDynamicTextTests.c" on line 568!
2023-04-30 18:11:03 [ERROR] Parameter "key" is empty!
2023-04-30 18:11:03 [ERROR] In function "allocateAssociativeDynamicTextByKey".
2023-04-30 18:11:03 [ERROR] Starting point was file "AssociativeDynamicTextTests.c" on line 593!
2023-04-30 18:11:04 [ERROR] NULL pointer as return value from function malloc()!
2023-04-30 18:11:04 [ERROR] In function "allocateAssociativeDynamicTextByKey".
2023-04-30 18:11:04 [ERROR] Starting point was file "AssociativeDynamicTextTests.c" on line 443!
2023-04-30 18:11:05 [ERROR] Parameter "key" is NULL!
2023-04-30 18:11:05 [ERROR] In function "allocateAssociativeDynamicTextByKey".
2023-04-30 18:11:05 [ERROR] Starting point was file "AssociativeDynamicTextTests.c" on line 568!
2023-04-30 18:11:05 [ERROR] Parameter "key" is empty!
2023-04-30 18:11:05 [ERROR] In function "allocateAssociativeDynamicTextByKey".
2023-04-30 18:11:05 [ERROR] Starting point was file "AssociativeDynamicTextTests.c" on line 593!
2023-04-30 18:11:05 [ERROR] NULL pointer as return value from function malloc()!
2023-04-30 18:11:05 [ERROR] In function "allocateAssociativeDynamicTextByKey".
2023-04-30 18:11:05 [ERROR] Starting point was file "AssociativeDynamicTextTests.c" on line 622!
2023-04-30 18:11:06 [ERROR] Parameter "key" is NULL!
2023-04-30 18:11:06 [ERROR] In function "allocateAssociativeDynamicTextByKey".
2023-04-30 18:11:06 [ERROR] Starting point was file "AssociativeDynamicTextTests.c" on line 568!
2023-04-30 18:11:06 [ERROR] Parameter "key" is empty!
2023-04-30 18:11:06 [ERROR] In function "allocateAssociativeDynamicTextByKey".
2023-04-30 18:11:06 [ERROR] Starting point was file "AssociativeDynamicTextTests.c" on line 593!
2023-04-30 18:11:06 [ERROR] NULL pointer as return value from function malloc()!
2023-04-30 18:11:06 [ERROR] In function "allocateAssociativeDynamicTextByKey".
2023-04-30 18:11:06 [ERROR] Starting point was file "AssociativeDynamicTextTests.c" on line 622!
2023-04-30 18:11:06 [ERROR] Parameter "key" is NULL!
2023-04-30 18:11:06 [ERROR] In function "allocateAssociativeDynamicTextByKey".
2023-04-30 18:11:06 [ERROR] Starting point was file "AssociativeDynamicTextTests.c" on line 568!
2023-04-30 18:11:06 [ERROR] Parameter "key" is empty!
2023-04-30 18:11:06 [ERROR] In function "allocateAssociativeDynamicTextByKey".
2023-04-30 18:11:06 [ERROR] Starting point was file "AssociativeDynamicTextTests.c" on line 593!
2023-04-30 18:11:06 [ERROR] NULL pointer as return value from function malloc()!
2023-04-30 18:11:06 [ERROR] In function "allocateAssociativeDynamicTextByKey".
2023-04-30 18:11:06 [ERROR] Starting point was file "AssociativeDynamicTextTests.c" on line 622!
2023-04-30 18:11:11 [ERROR] Parameter "element" is NULL!
2023-04-30 18:11:11 [ERROR] In function "freeAssociativeDynamicText".
2023-04-30 18:11:11 [ERROR] Starting point was file "AssociativeDynamicTextTests.c" on line 479!
2023-04-30 18:11:12 [ERROR] Parameter "key" is NULL!
2023-04-30 18:11:12 [ERROR] In function "allocateAssociativeDynamicTextByKey".
2023-04-30 18:11:12 [ERROR] Starting point was file "AssociativeDynamicTextTests.c" on line 568!
2023-04-30 18:11:12 [ERROR] Parameter "key" is empty!
2023-04-30 18:11:12 [ERROR] In function "allocateAssociativeDynamicTextByKey".
2023-04-30 18:11:12 [ERROR] Starting point was file "AssociativeDynamicTextTests.c" on line 593!
2023-04-30 18:11:12 [ERROR] NULL pointer as return value from function malloc()!
2023-04-30 18:11:12 [ERROR] In function "allocateAssociativeDynamicTextByKey".
2023-04-30 18:11:12 [ERROR] Starting point was file "AssociativeDynamicTextTests.c" on line 622!
2023-04-30 18:11:12 [ERROR] Parameter "element" is NULL!
2023-04-30 18:11:12 [ERROR] In function "setValueInAssociativeDynamicText".
2023-04-30 18:11:12 [ERROR] Starting point was file "AssociativeDynamicTextTests.c" on line 662!
2023-04-30 18:11:12 [ERROR] Pointer "element" is NULL!
2023-04-30 18:11:12 [ERROR] In function "setValueInAssociativeDynamicText".
2023-04-30 18:11:12 [ERROR] Starting point was file "AssociativeDynamicTextTests.c" on line 707!
2023-04-30 18:11:12 [ERROR] Parameter "element" is NULL!
2023-04-30 18:11:12 [ERROR] In function "freeAssociativeDynamicText".
2023-04-30 18:11:12 [ERROR] Starting point was file "AssociativeDynamicTextTests.c" on line 751!
2023-04-30 18:11:12 [ERROR] Parameter "key" is NULL!
2023-04-30 18:11:12 [ERROR] In function "allocateAssociativeDynamicTextByKey".
2023-04-30 18:11:12 [ERROR] Starting point was file "AssociativeDynamicTextTests.c" on line 568!
2023-04-30 18:11:12 [ERROR] Parameter "key" is empty!
2023-04-30 18:11:12 [ERROR] In function "allocateAssociativeDynamicTextByKey".
2023-04-30 18:11:12 [ERROR] Starting point was file "AssociativeDynamicTextTests.c" on line 593!
2023-04-30 18:11:12 [ERROR] NULL pointer as return value from function malloc()!
2023-04-30 18:11:12 [ERROR] In function "allocateAssociativeDynamicTextByKey".
2023-04-30 18:11:12 [ERROR] Starting point was file "AssociativeDynamicTextTests.c" on line 622!
2023-04-30 18:11:12 [ERROR] Parameter "element" is NULL!
2023-04-30 18:11:12 [ERROR] In function "setValueInAssociativeDynamicText".
2023-04-30 18:11:12 [ERROR] Starting point was file "AssociativeDynamicTextTests.c" on line 662!
2023-04-30 18:11:12 [ERROR] Pointer "element" is NULL!
2023-04-30 18:11:12 [ERROR] In function "setValueInAssociativeDynamicText".
2023-04-30 18:11:12 [ERROR] Starting point was file "AssociativeDynamicTextTests.c" on line 707!
2023-04-30 18:11:12 [ERROR] Parameter "element" is NULL!
2023-04-30 18:11:12 [ERROR] In function "freeAssociativeDynamicText".
2023-04-30 18:11:12 [ERROR] Starting point was file "AssociativeDynamicTextTests.c" on line 751!
2023-04-30 18:11:13 [ERROR] Double free on Parameter "element"!
2023-04-30 18:11:13 [ERROR] In function "freeAssociativeDynamicText".
2023-04-30 18:11:13 [ERROR] Starting point was file "AssociativeDynamicTextTests.c" on line 479!
2023-04-30 18:11:14 [ERROR] Parameter "key" is NULL!
2023-04-30 18:11:14 [ERROR] In function "allocateAssociativeDynamicTextByKey".
2023-04-30 18:11:14 [ERROR] Starting point was file "AssociativeDynamicTextTests.c" on line 568!
2023-04-30 18:11:14 [ERROR] Parameter "key" is empty!
2023-04-30 18:11:14 [ERROR] In function "allocateAssociativeDynamicTextByKey".
2023-04-30 18:11:14 [ERROR] Starting point was file "AssociativeDynamicTextTests.c" on line 593!
2023-04-30 18:11:14 [ERROR] NULL pointer as return value from function malloc()!
2023-04-30 18:11:14 [ERROR] In function "allocateAssociativeDynamicTextByKey".
2023-04-30 18:11:14 [ERROR] Starting point was file "AssociativeDynamicTextTests.c" on line 622!
2023-04-30 18:11:14 [ERROR] Parameter "element" is NULL!
2023-04-30 18:11:14 [ERROR] In function "setValueInAssociativeDynamicText".
2023-04-30 18:11:14 [ERROR] Starting point was file "AssociativeDynamicTextTests.c" on line 662!
2023-04-30 18:11:14 [ERROR] Pointer "element" is NULL!
2023-04-30 18:11:14 [ERROR] In function "setValueInAssociativeDynamicText".
2023-04-30 18:11:14 [ERROR] Starting point was file "AssociativeDynamicTextTests.c" on line 707!
2023-04-30 18:11:14 [ERROR] Parameter "element" is NULL!
2023-04-30 18:11:14 [ERROR] In function "freeAssociativeDynamicText".
2023-04-30 18:11:14 [ERROR] Starting point was file "AssociativeDynamicTextTests.c" on line 751!
2023-04-30 18:11:14 [ERROR] Double free on Parameter "element"!
2023-04-30 18:11:14 [ERROR] In function "freeAssociativeDynamicText".
2023-04-30 18:11:14 [ERROR] Starting point was file "AssociativeDynamicTextTests.c" on line 797!
2023-04-30 18:11:15 [ERROR] Parameter "key" is NULL!
2023-04-30 18:11:15 [ERROR] In function "allocateAssociativeDynamicTextByKey".
2023-04-30 18:11:15 [ERROR] Starting point was file "AssociativeDynamicTextTests.c" on line 568!
2023-04-30 18:11:15 [ERROR] Parameter "key" is empty!
2023-04-30 18:11:15 [ERROR] In function "allocateAssociativeDynamicTextByKey".
2023-04-30 18:11:15 [ERROR] Starting point was file "AssociativeDynamicTextTests.c" on line 593!
2023-04-30 18:11:15 [ERROR] NULL pointer as return value from function malloc()!
2023-04-30 18:11:15 [ERROR] In function "allocateAssociativeDynamicTextByKey".
2023-04-30 18:11:15 [ERROR] Starting point was file "AssociativeDynamicTextTests.c" on line 622!
2023-04-30 18:11:15 [ERROR] Parameter "element" is NULL!
2023-04-30 18:11:15 [ERROR] In function "setValueInAssociativeDynamicText".
2023-04-30 18:11:15 [ERROR] Starting point was file "AssociativeDynamicTextTests.c" on line 662!
2023-04-30 18:11:15 [ERROR] Pointer "element" is NULL!
2023-04-30 18:11:15 [ERROR] In function "setValueInAssociativeDynamicText".
2023-04-30 18:11:15 [ERROR] Starting point was file "AssociativeDynamicTextTests.c" on line 707!
2023-04-30 18:11:15 [ERROR] Parameter "element" is NULL!
2023-04-30 18:11:15 [ERROR] In function "freeAssociativeDynamicText".
2023-04-30 18:11:15 [ERROR] Starting point was file "AssociativeDynamicTextTests.c" on line 751!
2023-04-30 18:11:15 [ERROR] Double free on Parameter "element"!
2023-04-30 18:11:15 [ERROR] In function "freeAssociativeDynamicText".
2023-04-30 18:11:15 [ERROR] Starting point was file "AssociativeDynamicTextTests.c" on line 797!
2023-04-30 18:11:15 [ERROR] Parameter "key" is NULL!
2023-04-30 18:11:15 [ERROR] In function "allocateAssociativeDynamicTextByKey".
2023-04-30 18:11:15 [ERROR] Starting point was file "AssociativeDynamicTextTests.c" on line 568!
2023-04-30 18:11:15 [ERROR] Parameter "key" is empty!
2023-04-30 18:11:15 [ERROR] In function "allocateAssociativeDynamicTextByKey".
2023-04-30 18:11:15 [ERROR] Starting point was file "AssociativeDynamicTextTests.c" on line 593!
2023-04-30 18:11:15 [ERROR] NULL pointer as return value from function malloc()!
2023-04-30 18:11:15 [ERROR] In function "allocateAssociativeDynamicTextByKey".
2023-04-30 18:11:15 [ERROR] Starting point was file "AssociativeDynamicTextTests.c" on line 622!
2023-04-30 18:11:15 [ERROR] Parameter "element" is NULL!
2023-04-30 18:11:15 [ERROR] In function "setValueInAssociativeDynamicText".
2023-04-30 18:11:15 [ERROR] Starting point was file "AssociativeDynamicTextTests.c" on line 662!
2023-04-30 18:11:15 [ERROR] Pointer "element" is NULL!
2023-04-30 18:11:15 [ERROR] In function "setValueInAssociativeDynamicText".
2023-04-30 18:11:15 [ERROR] Starting point was file "AssociativeDynamicTextTests.c" on line 707!
2023-04-30 18:11:15 [ERROR] Parameter "element" is NULL!
2023-04-30 18:11:15 [ERROR] In function "freeAssociativeDynamicText".
2023-04-30 18:11:15 [ERROR] Starting point was file "AssociativeDynamicTextTests.c" on line 751!
2023-04-30 18:11:15 [ERROR] Double free on Parameter "element"!
2023-04-30 18:11:15 [ERROR] In function "freeAssociativeDynamicText".
2023-04-30 18:11:15 [ERROR] Starting point was file "AssociativeDynamicTextTests.c" on line 797!
2023-04-30 18:11:19 [ERROR] Parameter "element" is NULL!
2023-04-30 18:11:19 [ERROR] In function "setValueInAssociativeDynamicText".
2023-04-30 18:11:19 [ERROR] Starting point was file "AssociativeDynamicTextTests.c" on line 454!
2023-04-30 18:11:20 [ERROR] Parameter "key" is NULL!
2023-04-30 18:11:20 [ERROR] In function "allocateAssociativeDynamicTextByKey".
2023-04-30 18:11:20 [ERROR] Starting point was file "AssociativeDynamicTextTests.c" on line 568!
2023-04-30 18:11:20 [ERROR] Parameter "key" is empty!
2023-04-30 18:11:20 [ERROR] In function "allocateAssociativeDynamicTextByKey".
2023-04-30 18:11:20 [ERROR] Starting point was file "AssociativeDynamicTextTests.c" on line 593!
2023-04-30 18:11:20 [ERROR] NULL pointer as return value from function malloc()!
2023-04-30 18:11:20 [ERROR] In function "allocateAssociativeDynamicTextByKey".
2023-04-30 18:11:20 [ERROR] Starting point was file "AssociativeDynamicTextTests.c" on line 622!
2023-04-30 18:11:20 [ERROR] Parameter "element" is NULL!
2023-04-30 18:11:20 [ERROR] In function "setValueInAssociativeDynamicText".
2023-04-30 18:11:20 [ERROR] Starting point was file "AssociativeDynamicTextTests.c" on line 662!
2023-04-30 18:11:21 [ERROR] Parameter "key" is NULL!
2023-04-30 18:11:21 [ERROR] In function "allocateAssociativeDynamicTextByKey".
2023-04-30 18:11:21 [ERROR] Starting point was file "AssociativeDynamicTextTests.c" on line 568!
2023-04-30 18:11:21 [ERROR] Parameter "key" is empty!
2023-04-30 18:11:21 [ERROR] In function "allocateAssociativeDynamicTextByKey".
2023-04-30 18:11:21 [ERROR] Starting point was file "AssociativeDynamicTextTests.c" on line 593!
2023-04-30 18:11:21 [ERROR] NULL pointer as return value from function malloc()!
2023-04-30 18:11:21 [ERROR] In function "allocateAssociativeDynamicTextByKey".
2023-04-30 18:11:21 [ERROR] Starting point was file "AssociativeDynamicTextTests.c" on line 622!
2023-04-30 18:11:21 [ERROR] Parameter "element" is NULL!
2023-04-30 18:11:21 [ERROR] In function "setValueInAssociativeDynamicText".
2023-04-30 18:11:21 [ERROR] Starting point was file "AssociativeDynamicTextTests.c" on line 662!
2023-04-30 18:11:21 [ERROR] Pointer "element" is NULL!
2023-04-30 18:11:21 [ERROR] In function "setValueInAssociativeDynamicText".
2023-04-30 18:11:21 [ERROR] Starting point was file "AssociativeDynamicTextTests.c" on line 454!
2023-04-30 18:11:23 [ERROR] Parameter "key" is NULL!
2023-04-30 18:11:23 [ERROR] In function "allocateAssociativeDynamicTextByKey".
2023-04-30 18:11:23 [ERROR] Starting point was file "AssociativeDynamicTextTests.c" on line 568!
2023-04-30 18:11:23 [ERROR] Parameter "key" is empty!
2023-04-30 18:11:23 [ERROR] In function "allocateAssociativeDynamicTextByKey".
2023-04-30 18:11:23 [ERROR] Starting point was file "AssociativeDynamicTextTests.c" on line 593!
2023-04-30 18:11:23 [ERROR] NULL pointer as return value from function malloc()!
2023-04-30 18:11:23 [ERROR] In function "allocateAssociativeDynamicTextByKey".
2023-04-30 18:11:23 [ERROR] Starting point was file "AssociativeDynamicTextTests.c" on line 622!
2023-04-30 18:11:23 [ERROR] Parameter "element" is NULL!
2023-04-30 18:11:23 [ERROR] In function "setValueInAssociativeDynamicText".
2023-04-30 18:11:23 [ERROR] Starting point was file "AssociativeDynamicTextTests.c" on line 662!
2023-04-30 18:11:23 [ERROR] Pointer "element" is NULL!
2023-04-30 18:11:23 [ERROR] In function "setValueInAssociativeDynamicText".
2023-04-30 18:11:23 [ERROR] Starting point was file "AssociativeDynamicTextTests.c" on line 707!
2023-04-30 18:11:23 [ERROR] Parameter "key" is NULL!
2023-04-30 18:11:23 [ERROR] In function "allocateAssociativeDynamicTextByKey".
2023-04-30 18:11:23 [ERROR] Starting point was file "AssociativeDynamicTextTests.c" on line 568!
2023-04-30 18:11:23 [ERROR] Parameter "key" is empty!
2023-04-30 18:11:23 [ERROR] In function "allocateAssociativeDynamicTextByKey".
2023-04-30 18:11:23 [ERROR] Starting point was file "AssociativeDynamicTextTests.c" on line 593!
2023-04-30 18:11:23 [ERROR] NULL pointer as return value from function malloc()!
2023-04-30 18:11:23 [ERROR] In function "allocateAssociativeDynamicTextByKey".
2023-04-30 18:11:23 [ERROR] Starting point was file "AssociativeDynamicTextTests.c" on line 622!
2023-04-30 18:11:23 [ERROR] Parameter "element" is NULL!
2023-04-30 18:11:23 [ERROR] In function "setValueInAssociativeDynamicText".
2023-04-30 18:11:23 [ERROR] Starting point was file "AssociativeDynamicTextTests.c" on line 662!
2023-04-30 18:11:23 [ERROR] Pointer "element" is NULL!
2023-04-30 18:11:23 [ERROR] In function "setValueInAssociativeDynamicText".
2023-04-30 18:11:23 [ERROR] Starting point was file "AssociativeDynamicTextTests.c" on line 707!
2023-04-30 18:11:24 [ERROR] Parameter "key" is NULL!
2023-04-30 18:11:24 [ERROR] In function "allocateAssociativeDynamicTextByKey".
2023-04-30 18:11:24 [ERROR] Starting point was file "AssociativeDynamicTextTests.c" on line 568!
2023-04-30 18:11:24 [ERROR] Parameter "key" is empty!
2023-04-30 18:11:24 [ERROR] In function "allocateAssociativeDynamicTextByKey".
2023-04-30 18:11:24 [ERROR] Starting point was file "AssociativeDynamicTextTests.c" on line 593!
2023-04-30 18:11:24 [ERROR] NULL pointer as return value from function malloc()!
2023-04-30 18:11:24 [ERROR] In function "allocateAssociativeDynamicTextByKey".
2023-04-30 18:11:24 [ERROR] Starting point was file "AssociativeDynamicTextTests.c" on line 622!
2023-04-30 18:11:24 [ERROR] Parameter "element" is NULL!
2023-04-30 18:11:24 [ERROR] In function "setValueInAssociativeDynamicText".
2023-04-30 18:11:24 [ERROR] Starting point was file "AssociativeDynamicTextTests.c" on line 662!
2023-04-30 18:11:24 [ERROR] Pointer "element" is NULL!
2023-04-30 18:11:24 [ERROR] In function "setValueInAssociativeDynamicText".
2023-04-30 18:11:24 [ERROR] Starting point was file "AssociativeDynamicTextTests.c" on line 707!
2023-05-07 14:34:18 [ERROR] Parameter "key" is NULL!
2023-05-07 14:34:18 [ERROR] In function "allocateAssociativeDynamicTextByKey".
2023-05-07 14:34:18 [ERROR] Starting point was file "AssociativeDynamicTextTests.c" on line 31!
2023-05-07 14:34:19 [ERROR] Parameter "key" is empty!
2023-05-07 14:34:19 [ERROR] In function "allocateAssociativeDynamicTextByKey".
2023-05-07 14:34:19 [ERROR] Starting point was file "AssociativeDynamicTextTests.c" on line 31!
2023-05-07 14:34:20 [ERROR] Parameter "key" is empty!
2023-05-07 14:34:20 [ERROR] In function "allocateAssociativeDynamicTextByKey".
2023-05-07 14:34:20 [ERROR] Starting point was file "AssociativeDynamicTextTests.c" on line 31!
2023-05-07 14:34:22 [ERROR] NULL pointer as return value from function malloc()!
2023-05-07 14:34:22 [ERROR] In function "allocateAssociativeDynamicTextByKey".
2023-05-07 14:34:22 [ERROR] Starting point was file "AssociativeDynamicTextTests.c" on line 31!
2023-05-07 14:34:27 [ERROR] Parameter "element" is NULL!
2023-05-07 14:34:27 [ERROR] In function "freeAssociativeDynamicText".
2023-05-07 14:34:27 [ERROR] Starting point was file "AssociativeDynamicTextTests.c" on line 90!
2023-05-07 14:34:29 [ERROR] Double free on Parameter "element"!
2023-05-07 14:34:29 [ERROR] In function "freeAssociativeDynamicText".
2023-05-07 14:34:29 [ERROR] Starting point was file "AssociativeDynamicTextTests.c" on line 90!
2023-05-07 14:34:33 [ERROR] Parameter "element" is NULL!
2023-05-07 14:34:33 [ERROR] In function "setValueInAssociativeDynamicText".
2023-05-07 14:34:33 [ERROR] Starting point was file "AssociativeDynamicTextTests.c" on line 43!
2023-05-07 14:34:35 [ERROR] Pointer "element" is NULL!
2023-05-07 14:34:35 [ERROR] In function "setValueInAssociativeDynamicText".
2023-05-07 14:34:35 [ERROR] Starting point was file "AssociativeDynamicTextTests.c" on line 43!
